c:\users\ciiad\github5\irstructuredswaponecurve\irstructuredswaponecurve\x64\debug\vc142.pdb
c:\users\ciiad\github5\irstructuredswaponecurve\irstructuredswaponecurve\x64\debug\vc142.idb
c:\users\ciiad\github5\irstructuredswaponecurve\irstructuredswaponecurve\x64\debug\irstructuredswaponecurve.obj
c:\users\ciiad\github5\irstructuredswaponecurve\x64\debug\irstructuredswaponecurve.lib
c:\users\ciiad\github5\irstructuredswaponecurve\x64\debug\irstructuredswaponecurve.exp
c:\users\ciiad\github5\irstructuredswaponecurve\irstructuredswaponecurve\x64\debug\irstructuredswaponecurve.ilk
c:\users\ciiad\github5\irstructuredswaponecurve\x64\debug\irstructuredswaponecurve.dll
c:\users\ciiad\github5\irstructuredswaponecurve\x64\debug\irstructuredswaponecurve.pdb
c:\users\ciiad\desktop\고니\irstructuredswaponecurve\irstructuredswaponecurve\x64\debug\irstructuredswaponecurve.obj
c:\users\ciiad\desktop\고니\irstructuredswaponecurve\irstructuredswaponecurve\x64\debug\irstructuredswaponecurve.ilk
c:\users\ciiad\desktop\고니\irstructuredswaponecurve\irstructuredswaponecurve\x64\debug\vc142.idb
c:\users\ciiad\desktop\고니\irstructuredswaponecurve\irstructuredswaponecurve\x64\debug\vc142.pdb
c:\users\ciiad\desktop\고니\irstructuredswaponecurve\x64\debug\irstructuredswaponecurve.pdb
c:\users\ciiad\desktop\고니\irstructuredswaponecurve\x64\debug\irstructuredswaponecurve.dll
c:\users\ciiad\desktop\고니\irstructuredswaponecurve\irstructuredswaponecurve\x64\debug\irstruct.dcf39f14.tlog\cl.command.1.tlog
c:\users\ciiad\desktop\고니\irstructuredswaponecurve\irstructuredswaponecurve\x64\debug\irstruct.dcf39f14.tlog\cl.read.1.tlog
c:\users\ciiad\desktop\고니\irstructuredswaponecurve\irstructuredswaponecurve\x64\debug\irstruct.dcf39f14.tlog\cl.write.1.tlog
c:\users\ciiad\desktop\고니\irstructuredswaponecurve\irstructuredswaponecurve\x64\debug\irstruct.dcf39f14.tlog\irstructuredswaponecurve.write.1u.tlog
c:\users\ciiad\desktop\고니\irstructuredswaponecurve\irstructuredswaponecurve\x64\debug\irstruct.dcf39f14.tlog\link.command.1.tlog
c:\users\ciiad\desktop\고니\irstructuredswaponecurve\irstructuredswaponecurve\x64\debug\irstruct.dcf39f14.tlog\link.read.1.tlog
c:\users\ciiad\desktop\고니\irstructuredswaponecurve\irstructuredswaponecurve\x64\debug\irstruct.dcf39f14.tlog\link.write.1.tlog
