c:\users\kdb\github5\zerocurvemaker\zerocurvemaker\x64\debug\vc142.pdb
c:\users\kdb\github5\zerocurvemaker\zerocurvemaker\x64\debug\vc142.idb
c:\users\kdb\github5\zerocurvemaker\zerocurvemaker\x64\debug\zerocurvemaker.obj
c:\users\kdb\github5\zerocurvemaker\zerocurvemaker\x64\debug\zerocurvemaker.ilk
c:\users\kdb\github5\zerocurvemaker\x64\debug\zerocurvemaker.dll
c:\users\kdb\github5\zerocurvemaker\x64\debug\zerocurvemaker.pdb
c:\users\kdb\github5\zerocurvemaker\x64\debug\zerocurvemaker.lib
c:\users\kdb\github5\zerocurvemaker\x64\debug\zerocurvemaker.exp
c:\users\ciiad\github5\zerocurvemaker\zerocurvemaker\x64\debug\zerocurvemaker.obj
c:\users\ciiad\github5\zerocurvemaker\zerocurvemaker\x64\debug\zerocurvemaker.ilk
c:\users\ciiad\github5\zerocurvemaker\zerocurvemaker\x64\debug\vc142.idb
c:\users\ciiad\github5\zerocurvemaker\zerocurvemaker\x64\debug\vc142.pdb
c:\users\ciiad\github5\zerocurvemaker\x64\debug\zerocurvemaker.pdb
c:\users\ciiad\github5\zerocurvemaker\x64\debug\zerocurvemaker.dll
c:\users\ciiad\github5\zerocurvemaker\zerocurvemaker\x64\debug\zerocurvemaker.tlog\cl.command.1.tlog
c:\users\ciiad\github5\zerocurvemaker\zerocurvemaker\x64\debug\zerocurvemaker.tlog\cl.read.1.tlog
c:\users\ciiad\github5\zerocurvemaker\zerocurvemaker\x64\debug\zerocurvemaker.tlog\cl.write.1.tlog
c:\users\ciiad\github5\zerocurvemaker\zerocurvemaker\x64\debug\zerocurvemaker.tlog\link.command.1.tlog
c:\users\ciiad\github5\zerocurvemaker\zerocurvemaker\x64\debug\zerocurvemaker.tlog\link.delete.1.tlog
c:\users\ciiad\github5\zerocurvemaker\zerocurvemaker\x64\debug\zerocurvemaker.tlog\link.read.1.tlog
c:\users\ciiad\github5\zerocurvemaker\zerocurvemaker\x64\debug\zerocurvemaker.tlog\link.write.1.tlog
c:\users\ciiad\github5\zerocurvemaker\zerocurvemaker\x64\debug\zerocurvemaker.tlog\zerocurvemaker.write.1u.tlog
