  ZeroCurveMaker.cpp
C:\Users\ciiad\github5\ZeroCurveMaker\ZeroCurveMaker\CalcDate.h(4,1): warning C4067: 전처리기 지시문 다음에 예기치 않은 토큰이 있습니다. 줄 바꿈 문자가 필요합니다.
C:\Users\ciiad\github5\ZeroCurveMaker\ZeroCurveMaker\Util.h(16,1): warning C4067: 전처리기 지시문 다음에 예기치 않은 토큰이 있습니다. 줄 바꿈 문자가 필요합니다.
C:\Users\ciiad\github5\ZeroCurveMaker\ZeroCurveMaker\Util.h(1210,14): warning C4101: 'DF2' :참조되지 않은 지역 변수입니다.
C:\Users\ciiad\github5\ZeroCurveMaker\ZeroCurveMaker\Util.h(1210,9): warning C4101: 'DF1' :참조되지 않은 지역 변수입니다.
C:\Users\ciiad\github5\ZeroCurveMaker\ZeroCurveMaker\Util.h(1702,9): warning C4101: 'a' :참조되지 않은 지역 변수입니다.
C:\Users\ciiad\github5\ZeroCurveMaker\ZeroCurveMaker\Util.h(1702,12): warning C4101: 'b' :참조되지 않은 지역 변수입니다.
C:\Users\ciiad\github5\ZeroCurveMaker\ZeroCurveMaker\Util.h(1698,7): warning C4101: 'idx_row' :참조되지 않은 지역 변수입니다.
C:\Users\ciiad\github5\ZeroCurveMaker\ZeroCurveMaker\Util.h(1699,7): warning C4101: 'idx_col' :참조되지 않은 지역 변수입니다.
C:\Users\ciiad\github5\ZeroCurveMaker\ZeroCurveMaker\Util.h(1732,9): warning C4101: 'a' :참조되지 않은 지역 변수입니다.
C:\Users\ciiad\github5\ZeroCurveMaker\ZeroCurveMaker\Util.h(1732,12): warning C4101: 'b' :참조되지 않은 지역 변수입니다.
C:\Users\ciiad\github5\ZeroCurveMaker\ZeroCurveMaker\Util.h(1728,7): warning C4101: 'idx_row' :참조되지 않은 지역 변수입니다.
C:\Users\ciiad\github5\ZeroCurveMaker\ZeroCurveMaker\Util.h(1729,7): warning C4101: 'idx_col' :참조되지 않은 지역 변수입니다.
C:\Users\ciiad\github5\ZeroCurveMaker\ZeroCurveMaker\Util.h(1747,13): warning C4101: 'k' :참조되지 않은 지역 변수입니다.
C:\Users\ciiad\github5\ZeroCurveMaker\ZeroCurveMaker\Util.h(2868,86): warning C4552: '+': 식의 결과가 사용되지 않습니다.
C:\Users\ciiad\github5\ZeroCurveMaker\ZeroCurveMaker\Util.h(2951,86): warning C4552: '+': 식의 결과가 사용되지 않습니다.
C:\Users\ciiad\github5\ZeroCurveMaker\ZeroCurveMaker\Util.h(3239,13): warning C4101: 'k' :참조되지 않은 지역 변수입니다.
C:\Users\ciiad\github5\ZeroCurveMaker\ZeroCurveMaker\ZeroCurveMaker.cpp(9,1): warning C4067: 전처리기 지시문 다음에 예기치 않은 토큰이 있습니다. 줄 바꿈 문자가 필요합니다.
C:\Users\ciiad\github5\ZeroCurveMaker\ZeroCurveMaker\ZeroCurveMaker.cpp(271,7): warning C4101: 'n' :참조되지 않은 지역 변수입니다.
C:\Users\ciiad\github5\ZeroCurveMaker\ZeroCurveMaker\ZeroCurveMaker.cpp(323,12): warning C4101: 'b' :참조되지 않은 지역 변수입니다.
C:\Users\ciiad\github5\ZeroCurveMaker\ZeroCurveMaker\ZeroCurveMaker.cpp(306,7): warning C4101: 'n' :참조되지 않은 지역 변수입니다.
C:\Users\ciiad\github5\ZeroCurveMaker\ZeroCurveMaker\ZeroCurveMaker.cpp(378,7): warning C4101: 'k' :참조되지 않은 지역 변수입니다.
C:\Users\ciiad\github5\ZeroCurveMaker\ZeroCurveMaker\ZeroCurveMaker.cpp(484,7): warning C4101: 'CpnDateisBeforeFeb' :참조되지 않은 지역 변수입니다.
C:\Users\ciiad\github5\ZeroCurveMaker\ZeroCurveMaker\ZeroCurveMaker.cpp(516,23): warning C4101: 'DF_0_to_tstart' :참조되지 않은 지역 변수입니다.
C:\Users\ciiad\github5\ZeroCurveMaker\ZeroCurveMaker\ZeroCurveMaker.cpp(516,39): warning C4101: 'r_to_tstart' :참조되지 않은 지역 변수입니다.
C:\Users\ciiad\github5\ZeroCurveMaker\ZeroCurveMaker\ZeroCurveMaker.cpp(487,7): warning C4101: 'PrevCpnDate' :참조되지 않은 지역 변수입니다.
C:\Users\ciiad\github5\ZeroCurveMaker\ZeroCurveMaker\ZeroCurveMaker.cpp(516,17): warning C4101: 'tend' :참조되지 않은 지역 변수입니다.
C:\Users\ciiad\github5\ZeroCurveMaker\ZeroCurveMaker\ZeroCurveMaker.cpp(516,9): warning C4101: 'tstart' :참조되지 않은 지역 변수입니다.
C:\Users\ciiad\github5\ZeroCurveMaker\ZeroCurveMaker\ZeroCurveMaker.cpp(710,7): warning C4101: 'CpnDateisBeforeFeb' :참조되지 않은 지역 변수입니다.
C:\Users\ciiad\github5\ZeroCurveMaker\ZeroCurveMaker\ZeroCurveMaker.cpp(667,7): warning C4101: 'j' :참조되지 않은 지역 변수입니다.
C:\Users\ciiad\github5\ZeroCurveMaker\ZeroCurveMaker\ZeroCurveMaker.cpp(713,7): warning C4101: 'PrevCpnDate' :참조되지 않은 지역 변수입니다.
C:\Users\ciiad\github5\ZeroCurveMaker\ZeroCurveMaker\ZeroCurveMaker.cpp(776,7): warning C4101: 'j' :참조되지 않은 지역 변수입니다.
C:\Users\ciiad\github5\ZeroCurveMaker\ZeroCurveMaker\ZeroCurveMaker.cpp(93): warning C4715: 'MonthDateisSame': 모든 제어 경로에서 값을 반환하지는 않습니다.
     C:\Users\ciiad\github5\ZeroCurveMaker\x64\Debug\ZeroCurveMaker.lib 라이브러리 및 C:\Users\ciiad\github5\ZeroCurveMaker\x64\Debug\ZeroCurveMaker.exp 개체를 생성하고 있습니다.
  ZeroCurveMaker.vcxproj -> C:\Users\ciiad\github5\ZeroCurveMaker\x64\Debug\ZeroCurveMaker.dll
