  CreditDerivatives.cpp
C:\Users\ciiad\github5\CreditDerivatives\CreditDerivatives\CalcDate.h(9,1): warning C4067: 전처리기 지시문 다음에 예기치 않은 토큰이 있습니다. 줄 바꿈 문자가 필요합니다.
C:\Users\ciiad\github5\CreditDerivatives\CreditDerivatives\CalcDate.h(819,32): warning C4101: 'k2' :참조되지 않은 지역 변수입니다.
C:\Users\ciiad\github5\CreditDerivatives\CreditDerivatives\CalcDate.h(819,28): warning C4101: 'k1' :참조되지 않은 지역 변수입니다.
C:\Users\ciiad\github5\CreditDerivatives\CreditDerivatives\CalcDate.h(1302,14): warning C4101: 'TempDate' :참조되지 않은 지역 변수입니다.
C:\Users\ciiad\github5\CreditDerivatives\CreditDerivatives\CalcDate.h(1342,14): warning C4101: 'TempDate' :참조되지 않은 지역 변수입니다.
C:\Users\ciiad\github5\CreditDerivatives\CreditDerivatives\CalcDate.h(1541,10): warning C4101: 'i' :참조되지 않은 지역 변수입니다.
C:\Users\ciiad\github5\CreditDerivatives\CreditDerivatives\CalcDate.h(1925,10): warning C4101: 'i' :참조되지 않은 지역 변수입니다.
C:\Users\ciiad\github5\CreditDerivatives\CreditDerivatives\CalcDate.h(2053,10): warning C4101: 'TempDate' :참조되지 않은 지역 변수입니다.
C:\Users\ciiad\github5\CreditDerivatives\CreditDerivatives\CalcDate.h(2125,10): warning C4101: 'TempDate' :참조되지 않은 지역 변수입니다.
C:\Users\ciiad\github5\CreditDerivatives\CreditDerivatives\CalcDate.h(2170,10): warning C4101: 'EasterMonday' :참조되지 않은 지역 변수입니다.
C:\Users\ciiad\github5\CreditDerivatives\CreditDerivatives\CalcDate.h(2211,14): warning C4101: 'k' :참조되지 않은 지역 변수입니다.
C:\Users\ciiad\github5\CreditDerivatives\CreditDerivatives\CalcDate.h(2210,14): warning C4101: 'i' :참조되지 않은 지역 변수입니다.
C:\Users\ciiad\github5\CreditDerivatives\CreditDerivatives\CalcDate.h(2252,10): warning C4101: 'k' :참조되지 않은 지역 변수입니다.
C:\Users\ciiad\github5\CreditDerivatives\CreditDerivatives\CalcDate.h(2324,10): warning C4101: 'k' :참조되지 않은 지역 변수입니다.
C:\Users\ciiad\github5\CreditDerivatives\CreditDerivatives\CalcDate.h(2490,22): warning C4101: 'PrevTempDD' :참조되지 않은 지역 변수입니다.
C:\Users\ciiad\github5\CreditDerivatives\CreditDerivatives\CalcDate.h(2576,10): warning C4101: 'LastBusiDay' :참조되지 않은 지역 변수입니다.
C:\Users\ciiad\github5\CreditDerivatives\CreditDerivatives\CalcDate.h(2790,14): warning C4101: 'TempDateExcelType' :참조되지 않은 지역 변수입니다.
C:\Users\ciiad\github5\CreditDerivatives\CreditDerivatives\CalcDate.h(3316,10): warning C4101: 'TempYYYYMMDD' :참조되지 않은 지역 변수입니다.
C:\Users\ciiad\github5\CreditDerivatives\CreditDerivatives\CalcDate.h(3366,10): warning C4101: 'TempYYYYMMDD' :참조되지 않은 지역 변수입니다.
C:\Users\ciiad\github5\CreditDerivatives\CreditDerivatives\CalcDate.h(3417,10): warning C4101: 'TempYYYYMMDD' :참조되지 않은 지역 변수입니다.
C:\Users\ciiad\github5\CreditDerivatives\CreditDerivatives\Util.h(16,1): warning C4067: 전처리기 지시문 다음에 예기치 않은 토큰이 있습니다. 줄 바꿈 문자가 필요합니다.
C:\Users\ciiad\github5\CreditDerivatives\CreditDerivatives\CreditDerivatives.cpp(91,7): warning C4101: 'imax' :참조되지 않은 지역 변수입니다.
C:\Users\ciiad\github5\CreditDerivatives\CreditDerivatives\CreditDerivatives.cpp(857,8): warning C4101: 'idx' :참조되지 않은 지역 변수입니다.
     C:\Users\ciiad\github5\CreditDerivatives\Release\CreditDerivatives.lib 라이브러리 및 C:\Users\ciiad\github5\CreditDerivatives\Release\CreditDerivatives.exp 개체를 생성하고 있습니다.
  코드를 생성하고 있습니다.
  Previous IPDB not found, fall back to full compilation.
  All 104 functions were compiled because no usable IPDB/IOBJ from previous compilation was found.
  코드를 생성했습니다.
  CreditDerivatives.vcxproj -> C:\Users\ciiad\github5\CreditDerivatives\Release\CreditDerivatives.dll
