c:\users\kdb\github5\zerocurvemaker\zerocurvemaker\x64\release\vc142.pdb
c:\users\kdb\github5\zerocurvemaker\zerocurvemaker\x64\release\zerocurvemaker.obj
c:\users\kdb\github5\zerocurvemaker\x64\release\zerocurvemaker.dll
c:\users\kdb\github5\zerocurvemaker\zerocurvemaker\x64\release\zerocurvemaker.ipdb
c:\users\kdb\github5\zerocurvemaker\x64\release\zerocurvemaker.pdb
c:\users\kdb\github5\zerocurvemaker\zerocurvemaker\x64\release\zerocurvemaker.iobj
c:\users\kdb\github5\zerocurvemaker\x64\release\zerocurvemaker.lib
c:\users\kdb\github5\zerocurvemaker\x64\release\zerocurvemaker.exp
c:\users\ciiad\github5\zerocurvemaker\zerocurvemaker\x64\release\zerocurvemaker.obj
c:\users\ciiad\github5\zerocurvemaker\zerocurvemaker\x64\release\zerocurvemaker.ipdb
c:\users\ciiad\github5\zerocurvemaker\zerocurvemaker\x64\release\zerocurvemaker.iobj
c:\users\ciiad\github5\zerocurvemaker\zerocurvemaker\x64\release\vc142.pdb
c:\users\ciiad\github5\zerocurvemaker\x64\release\zerocurvemaker.pdb
c:\users\ciiad\github5\zerocurvemaker\x64\release\zerocurvemaker.dll
c:\users\ciiad\github5\zerocurvemaker\zerocurvemaker\x64\release\zerocurvemaker.tlog\cl.command.1.tlog
c:\users\ciiad\github5\zerocurvemaker\zerocurvemaker\x64\release\zerocurvemaker.tlog\cl.read.1.tlog
c:\users\ciiad\github5\zerocurvemaker\zerocurvemaker\x64\release\zerocurvemaker.tlog\cl.write.1.tlog
c:\users\ciiad\github5\zerocurvemaker\zerocurvemaker\x64\release\zerocurvemaker.tlog\link.command.1.tlog
c:\users\ciiad\github5\zerocurvemaker\zerocurvemaker\x64\release\zerocurvemaker.tlog\link.delete.1.tlog
c:\users\ciiad\github5\zerocurvemaker\zerocurvemaker\x64\release\zerocurvemaker.tlog\link.read.1.tlog
c:\users\ciiad\github5\zerocurvemaker\zerocurvemaker\x64\release\zerocurvemaker.tlog\link.write.1.tlog
c:\users\ciiad\github5\zerocurvemaker\zerocurvemaker\x64\release\zerocurvemaker.tlog\zerocurvemaker.write.1u.tlog
