  CreditDerivatives.cpp
C:\Users\ciiad\github5\CreditDerivatives\CreditDerivatives\CalcDate.h(9,1): warning C4067: 전처리기 지시문 다음에 예기치 않은 토큰이 있습니다. 줄 바꿈 문자가 필요합니다.
C:\Users\ciiad\github5\CreditDerivatives\CreditDerivatives\CalcDate.h(822,32): warning C4101: 'k2' :참조되지 않은 지역 변수입니다.
C:\Users\ciiad\github5\CreditDerivatives\CreditDerivatives\CalcDate.h(822,28): warning C4101: 'k1' :참조되지 않은 지역 변수입니다.
C:\Users\ciiad\github5\CreditDerivatives\CreditDerivatives\CalcDate.h(1306,14): warning C4101: 'TempDate' :참조되지 않은 지역 변수입니다.
C:\Users\ciiad\github5\CreditDerivatives\CreditDerivatives\CalcDate.h(1346,14): warning C4101: 'TempDate' :참조되지 않은 지역 변수입니다.
C:\Users\ciiad\github5\CreditDerivatives\CreditDerivatives\CalcDate.h(1538,10): warning C4101: 'i' :참조되지 않은 지역 변수입니다.
C:\Users\ciiad\github5\CreditDerivatives\CreditDerivatives\CalcDate.h(1940,10): warning C4101: 'i' :참조되지 않은 지역 변수입니다.
C:\Users\ciiad\github5\CreditDerivatives\CreditDerivatives\CalcDate.h(2073,14): warning C4101: 'k' :참조되지 않은 지역 변수입니다.
C:\Users\ciiad\github5\CreditDerivatives\CreditDerivatives\CalcDate.h(2072,14): warning C4101: 'i' :참조되지 않은 지역 변수입니다.
C:\Users\ciiad\github5\CreditDerivatives\CreditDerivatives\CalcDate.h(2112,10): warning C4101: 'k' :참조되지 않은 지역 변수입니다.
C:\Users\ciiad\github5\CreditDerivatives\CreditDerivatives\CalcDate.h(2178,10): warning C4101: 'k' :참조되지 않은 지역 변수입니다.
C:\Users\ciiad\github5\CreditDerivatives\CreditDerivatives\CalcDate.h(2250,10): warning C4101: 'LastBusiDay' :참조되지 않은 지역 변수입니다.
C:\Users\ciiad\github5\CreditDerivatives\CreditDerivatives\CalcDate.h(2462,14): warning C4101: 'TempDateExcelType' :참조되지 않은 지역 변수입니다.
C:\Users\ciiad\github5\CreditDerivatives\CreditDerivatives\CalcDate.h(2630,10): warning C4101: 'TempYYYYMMDD' :참조되지 않은 지역 변수입니다.
C:\Users\ciiad\github5\CreditDerivatives\CreditDerivatives\CalcDate.h(2680,10): warning C4101: 'TempYYYYMMDD' :참조되지 않은 지역 변수입니다.
C:\Users\ciiad\github5\CreditDerivatives\CreditDerivatives\CalcDate.h(2731,10): warning C4101: 'TempYYYYMMDD' :참조되지 않은 지역 변수입니다.
C:\Users\ciiad\github5\CreditDerivatives\CreditDerivatives\CalcDate.h(2925,22): warning C4101: 'PrevTempDD' :참조되지 않은 지역 변수입니다.
C:\Users\ciiad\github5\CreditDerivatives\CreditDerivatives\Util.h(16,1): warning C4067: 전처리기 지시문 다음에 예기치 않은 토큰이 있습니다. 줄 바꿈 문자가 필요합니다.
C:\Users\ciiad\github5\CreditDerivatives\CreditDerivatives\CreditDerivatives.cpp(91,7): warning C4101: 'imax' :참조되지 않은 지역 변수입니다.
C:\Users\ciiad\github5\CreditDerivatives\CreditDerivatives\CreditDerivatives.cpp(857,8): warning C4101: 'idx' :참조되지 않은 지역 변수입니다.
     C:\Users\ciiad\github5\CreditDerivatives\x64\Debug\CreditDerivatives.lib 라이브러리 및 C:\Users\ciiad\github5\CreditDerivatives\x64\Debug\CreditDerivatives.exp 개체를 생성하고 있습니다.
  CreditDerivatives.vcxproj -> C:\Users\ciiad\github5\CreditDerivatives\x64\Debug\CreditDerivatives.dll
