  CreditRiskCapitalIRB.cpp
C:\Users\ciiad\github5\CreditRiskCapitalIRB\CreditRiskCapitalIRB\CalcDate.h(9,1): warning C4067: 전처리기 지시문 다음에 예기치 않은 토큰이 있습니다. 줄 바꿈 문자가 필요합니다.
C:\Users\ciiad\github5\CreditRiskCapitalIRB\CreditRiskCapitalIRB\CalcDate.h(819,32): warning C4101: 'k2' :참조되지 않은 지역 변수입니다.
C:\Users\ciiad\github5\CreditRiskCapitalIRB\CreditRiskCapitalIRB\CalcDate.h(819,28): warning C4101: 'k1' :참조되지 않은 지역 변수입니다.
C:\Users\ciiad\github5\CreditRiskCapitalIRB\CreditRiskCapitalIRB\CalcDate.h(1302,14): warning C4101: 'TempDate' :참조되지 않은 지역 변수입니다.
C:\Users\ciiad\github5\CreditRiskCapitalIRB\CreditRiskCapitalIRB\CalcDate.h(1342,14): warning C4101: 'TempDate' :참조되지 않은 지역 변수입니다.
C:\Users\ciiad\github5\CreditRiskCapitalIRB\CreditRiskCapitalIRB\CalcDate.h(1541,10): warning C4101: 'i' :참조되지 않은 지역 변수입니다.
C:\Users\ciiad\github5\CreditRiskCapitalIRB\CreditRiskCapitalIRB\CalcDate.h(1925,10): warning C4101: 'i' :참조되지 않은 지역 변수입니다.
C:\Users\ciiad\github5\CreditRiskCapitalIRB\CreditRiskCapitalIRB\CalcDate.h(2053,10): warning C4101: 'TempDate' :참조되지 않은 지역 변수입니다.
C:\Users\ciiad\github5\CreditRiskCapitalIRB\CreditRiskCapitalIRB\CalcDate.h(2125,10): warning C4101: 'TempDate' :참조되지 않은 지역 변수입니다.
C:\Users\ciiad\github5\CreditRiskCapitalIRB\CreditRiskCapitalIRB\CalcDate.h(2170,10): warning C4101: 'EasterMonday' :참조되지 않은 지역 변수입니다.
C:\Users\ciiad\github5\CreditRiskCapitalIRB\CreditRiskCapitalIRB\CalcDate.h(2211,14): warning C4101: 'k' :참조되지 않은 지역 변수입니다.
C:\Users\ciiad\github5\CreditRiskCapitalIRB\CreditRiskCapitalIRB\CalcDate.h(2210,14): warning C4101: 'i' :참조되지 않은 지역 변수입니다.
C:\Users\ciiad\github5\CreditRiskCapitalIRB\CreditRiskCapitalIRB\CalcDate.h(2252,10): warning C4101: 'k' :참조되지 않은 지역 변수입니다.
C:\Users\ciiad\github5\CreditRiskCapitalIRB\CreditRiskCapitalIRB\CalcDate.h(2324,10): warning C4101: 'k' :참조되지 않은 지역 변수입니다.
C:\Users\ciiad\github5\CreditRiskCapitalIRB\CreditRiskCapitalIRB\CalcDate.h(2490,22): warning C4101: 'PrevTempDD' :참조되지 않은 지역 변수입니다.
C:\Users\ciiad\github5\CreditRiskCapitalIRB\CreditRiskCapitalIRB\CalcDate.h(2576,10): warning C4101: 'LastBusiDay' :참조되지 않은 지역 변수입니다.
C:\Users\ciiad\github5\CreditRiskCapitalIRB\CreditRiskCapitalIRB\CalcDate.h(2790,14): warning C4101: 'TempDateExcelType' :참조되지 않은 지역 변수입니다.
C:\Users\ciiad\github5\CreditRiskCapitalIRB\CreditRiskCapitalIRB\CalcDate.h(3316,10): warning C4101: 'TempYYYYMMDD' :참조되지 않은 지역 변수입니다.
C:\Users\ciiad\github5\CreditRiskCapitalIRB\CreditRiskCapitalIRB\CalcDate.h(3366,10): warning C4101: 'TempYYYYMMDD' :참조되지 않은 지역 변수입니다.
C:\Users\ciiad\github5\CreditRiskCapitalIRB\CreditRiskCapitalIRB\CalcDate.h(3417,10): warning C4101: 'TempYYYYMMDD' :참조되지 않은 지역 변수입니다.
C:\Users\ciiad\github5\CreditRiskCapitalIRB\CreditRiskCapitalIRB\Util.h(16,1): warning C4067: 전처리기 지시문 다음에 예기치 않은 토큰이 있습니다. 줄 바꿈 문자가 필요합니다.
C:\Users\ciiad\github5\CreditRiskCapitalIRB\CreditRiskCapitalIRB\CreditRiskCapitalIRB.cpp(10,1): warning C4067: 전처리기 지시문 다음에 예기치 않은 토큰이 있습니다. 줄 바꿈 문자가 필요합니다.
C:\Users\ciiad\github5\CreditRiskCapitalIRB\CreditRiskCapitalIRB\CreditRiskCapitalIRB.cpp(163,9): warning C4101: 'EL' :참조되지 않은 지역 변수입니다.
C:\Users\ciiad\github5\CreditRiskCapitalIRB\CreditRiskCapitalIRB\CreditRiskCapitalIRB.cpp(158,10): warning C4101: 'j' :참조되지 않은 지역 변수입니다.
C:\Users\ciiad\github5\CreditRiskCapitalIRB\CreditRiskCapitalIRB\CreditRiskCapitalIRB.cpp(162,9): warning C4101: 'UnExpectedLoss' :참조되지 않은 지역 변수입니다.
     C:\Users\ciiad\github5\CreditRiskCapitalIRB\x64\Debug\CreditRiskCapitalIRB.lib 라이브러리 및 C:\Users\ciiad\github5\CreditRiskCapitalIRB\x64\Debug\CreditRiskCapitalIRB.exp 개체를 생성하고 있습니다.
  CreditRiskCapitalIRB.vcxproj -> C:\Users\ciiad\github5\CreditRiskCapitalIRB\x64\Debug\CreditRiskCapitalIRB.dll
