  Option.cpp
C:\Users\ciiad\github5\OptionPricer\Option\CalcDate.h(9,1): warning C4067: 전처리기 지시문 다음에 예기치 않은 토큰이 있습니다. 줄 바꿈 문자가 필요합니다.
C:\Users\ciiad\github5\OptionPricer\Option\CalcDate.h(729,32): warning C4101: 'k2' :참조되지 않은 지역 변수입니다.
C:\Users\ciiad\github5\OptionPricer\Option\CalcDate.h(729,28): warning C4101: 'k1' :참조되지 않은 지역 변수입니다.
C:\Users\ciiad\github5\OptionPricer\Option\CalcDate.h(1122,14): warning C4101: 'TempDate' :참조되지 않은 지역 변수입니다.
C:\Users\ciiad\github5\OptionPricer\Option\CalcDate.h(1162,14): warning C4101: 'TempDate' :참조되지 않은 지역 변수입니다.
C:\Users\ciiad\github5\OptionPricer\Option\CalcDate.h(1353,10): warning C4101: 'i' :참조되지 않은 지역 변수입니다.
C:\Users\ciiad\github5\OptionPricer\Option\Util.h(16,1): warning C4067: 전처리기 지시문 다음에 예기치 않은 토큰이 있습니다. 줄 바꿈 문자가 필요합니다.
C:\Users\ciiad\github5\OptionPricer\Option\SABR.h(15,7): warning C4101: 'i' :참조되지 않은 지역 변수입니다.
C:\Users\ciiad\github5\OptionPricer\Option\SABR.h(314,7): warning C4101: 'j' :참조되지 않은 지역 변수입니다.
C:\Users\ciiad\github5\OptionPricer\Option\SABR.h(499,10): warning C4101: 'j' :참조되지 않은 지역 변수입니다.
C:\Users\ciiad\github5\OptionPricer\Option\SABR.h(499,7): warning C4101: 'i' :참조되지 않은 지역 변수입니다.
C:\Users\ciiad\github5\OptionPricer\Option\Option.cpp(64,10): warning C4101: 'j' :참조되지 않은 지역 변수입니다.
C:\Users\ciiad\github5\OptionPricer\Option\Option.cpp(64,7): warning C4101: 'i' :참조되지 않은 지역 변수입니다.
C:\Users\ciiad\github5\OptionPricer\Option\Option.cpp(148,10): warning C4101: 'j' :참조되지 않은 지역 변수입니다.
C:\Users\ciiad\github5\OptionPricer\Option\Option.cpp(148,7): warning C4101: 'i' :참조되지 않은 지역 변수입니다.
C:\Users\ciiad\github5\OptionPricer\Option\Option.cpp(233,10): warning C4101: 'j' :참조되지 않은 지역 변수입니다.
C:\Users\ciiad\github5\OptionPricer\Option\Option.cpp(233,7): warning C4101: 'i' :참조되지 않은 지역 변수입니다.
C:\Users\ciiad\github5\OptionPricer\Option\Option.cpp(325,10): warning C4101: 'j' :참조되지 않은 지역 변수입니다.
C:\Users\ciiad\github5\OptionPricer\Option\Option.cpp(325,7): warning C4101: 'i' :참조되지 않은 지역 변수입니다.
C:\Users\ciiad\github5\OptionPricer\Option\Option.cpp(558,31): warning C4101: 'frate' :참조되지 않은 지역 변수입니다.
C:\Users\ciiad\github5\OptionPricer\Option\Option.cpp(961,30): warning C4101: 'T_Simul_To_Maturity' :참조되지 않은 지역 변수입니다.
C:\Users\ciiad\github5\OptionPricer\Option\Option.cpp(1347,29): warning C4101: 'T2' :참조되지 않은 지역 변수입니다.
C:\Users\ciiad\github5\OptionPricer\Option\Option.cpp(1353,14): warning C4101: 'Rf_Quanto' :참조되지 않은 지역 변수입니다.
C:\Users\ciiad\github5\OptionPricer\Option\Option.cpp(1344,13): warning C4101: 'k' :참조되지 않은 지역 변수입니다.
C:\Users\ciiad\github5\OptionPricer\Option\Option.cpp(1345,7): warning C4101: 'idx' :참조되지 않은 지역 변수입니다.
C:\Users\ciiad\github5\OptionPricer\Option\Option.cpp(1353,25): warning C4101: 'r' :참조되지 않은 지역 변수입니다.
C:\Users\ciiad\github5\OptionPricer\Option\Option.cpp(2123,10): warning C4101: 'j' :참조되지 않은 지역 변수입니다.
C:\Users\ciiad\github5\OptionPricer\Option\Option.cpp(2123,7): warning C4101: 'i' :참조되지 않은 지역 변수입니다.
     C:\Users\ciiad\github5\OptionPricer\x64\Debug\Option.lib 라이브러리 및 C:\Users\ciiad\github5\OptionPricer\x64\Debug\Option.exp 개체를 생성하고 있습니다.
  Option.vcxproj -> C:\Users\ciiad\github5\OptionPricer\x64\Debug\Option.dll
