  IRChangeStructuredSwapFDM.cpp
C:\Users\ciiad\github5\IRChangeStructuredSwapFDM\IRChangeStructuredSwapFDM\Util.h(16,1): warning C4067: 전처리기 지시문 다음에 예기치 않은 토큰이 있습니다. 줄 바꿈 문자가 필요합니다.
C:\Users\ciiad\github5\IRChangeStructuredSwapFDM\IRChangeStructuredSwapFDM\Util.h(1222,14): warning C4101: 'DF2' :참조되지 않은 지역 변수입니다.
C:\Users\ciiad\github5\IRChangeStructuredSwapFDM\IRChangeStructuredSwapFDM\Util.h(1222,9): warning C4101: 'DF1' :참조되지 않은 지역 변수입니다.
C:\Users\ciiad\github5\IRChangeStructuredSwapFDM\IRChangeStructuredSwapFDM\Util.h(1714,9): warning C4101: 'a' :참조되지 않은 지역 변수입니다.
C:\Users\ciiad\github5\IRChangeStructuredSwapFDM\IRChangeStructuredSwapFDM\Util.h(1714,12): warning C4101: 'b' :참조되지 않은 지역 변수입니다.
C:\Users\ciiad\github5\IRChangeStructuredSwapFDM\IRChangeStructuredSwapFDM\Util.h(1710,7): warning C4101: 'idx_row' :참조되지 않은 지역 변수입니다.
C:\Users\ciiad\github5\IRChangeStructuredSwapFDM\IRChangeStructuredSwapFDM\Util.h(1711,7): warning C4101: 'idx_col' :참조되지 않은 지역 변수입니다.
C:\Users\ciiad\github5\IRChangeStructuredSwapFDM\IRChangeStructuredSwapFDM\Util.h(1744,9): warning C4101: 'a' :참조되지 않은 지역 변수입니다.
C:\Users\ciiad\github5\IRChangeStructuredSwapFDM\IRChangeStructuredSwapFDM\Util.h(1744,12): warning C4101: 'b' :참조되지 않은 지역 변수입니다.
C:\Users\ciiad\github5\IRChangeStructuredSwapFDM\IRChangeStructuredSwapFDM\Util.h(1740,7): warning C4101: 'idx_row' :참조되지 않은 지역 변수입니다.
C:\Users\ciiad\github5\IRChangeStructuredSwapFDM\IRChangeStructuredSwapFDM\Util.h(1741,7): warning C4101: 'idx_col' :참조되지 않은 지역 변수입니다.
C:\Users\ciiad\github5\IRChangeStructuredSwapFDM\IRChangeStructuredSwapFDM\Util.h(1759,13): warning C4101: 'k' :참조되지 않은 지역 변수입니다.
C:\Users\ciiad\github5\IRChangeStructuredSwapFDM\IRChangeStructuredSwapFDM\Util.h(2802,86): warning C4552: '+': 식의 결과가 사용되지 않습니다.
C:\Users\ciiad\github5\IRChangeStructuredSwapFDM\IRChangeStructuredSwapFDM\Util.h(2873,86): warning C4552: '+': 식의 결과가 사용되지 않습니다.
C:\Users\ciiad\github5\IRChangeStructuredSwapFDM\IRChangeStructuredSwapFDM\Util.h(3150,13): warning C4101: 'k' :참조되지 않은 지역 변수입니다.
C:\Users\ciiad\github5\IRChangeStructuredSwapFDM\IRChangeStructuredSwapFDM\HW_Calibration.h(10,1): warning C4067: 전처리기 지시문 다음에 예기치 않은 토큰이 있습니다. 줄 바꿈 문자가 필요합니다.
C:\Users\ciiad\github5\IRChangeStructuredSwapFDM\IRChangeStructuredSwapFDM\HW_Calibration.h(2530,10): warning C4101: 'j' :참조되지 않은 지역 변수입니다.
C:\Users\ciiad\github5\IRChangeStructuredSwapFDM\IRChangeStructuredSwapFDM\HW_Calibration.h(2680,10): warning C4101: 'j' :참조되지 않은 지역 변수입니다.
C:\Users\ciiad\github5\IRChangeStructuredSwapFDM\IRChangeStructuredSwapFDM\HW_Calibration.h(2813,10): warning C4101: 'j' :참조되지 않은 지역 변수입니다.
C:\Users\ciiad\github5\IRChangeStructuredSwapFDM\IRChangeStructuredSwapFDM\HW_Calibration.h(3169,10): warning C4101: 'i' :참조되지 않은 지역 변수입니다.
C:\Users\ciiad\github5\IRChangeStructuredSwapFDM\IRChangeStructuredSwapFDM\HW_Calibration.h(3240,10): warning C4101: 'i' :참조되지 않은 지역 변수입니다.
C:\Users\ciiad\github5\IRChangeStructuredSwapFDM\IRChangeStructuredSwapFDM\HW_Calibration.h(4075,12): warning C4101: 'fm' :참조되지 않은 지역 변수입니다.
C:\Users\ciiad\github5\IRChangeStructuredSwapFDM\IRChangeStructuredSwapFDM\CalcDate.h(4,1): warning C4067: 전처리기 지시문 다음에 예기치 않은 토큰이 있습니다. 줄 바꿈 문자가 필요합니다.
C:\Users\ciiad\github5\IRChangeStructuredSwapFDM\IRChangeStructuredSwapFDM\IRChangeStructuredSwapFDM.cpp(94,9): warning C4101: 'A' :참조되지 않은 지역 변수입니다.
C:\Users\ciiad\github5\IRChangeStructuredSwapFDM\IRChangeStructuredSwapFDM\IRChangeStructuredSwapFDM.cpp(629,9): warning C4101: 'A' :참조되지 않은 지역 변수입니다.
C:\Users\ciiad\github5\IRChangeStructuredSwapFDM\IRChangeStructuredSwapFDM\IRChangeStructuredSwapFDM.cpp(695,7): warning C4101: 'i' :참조되지 않은 지역 변수입니다.
C:\Users\ciiad\github5\IRChangeStructuredSwapFDM\IRChangeStructuredSwapFDM\IRChangeStructuredSwapFDM.cpp(1073,18): warning C4101: 'last_ry' :참조되지 않은 지역 변수입니다.
C:\Users\ciiad\github5\IRChangeStructuredSwapFDM\IRChangeStructuredSwapFDM\IRChangeStructuredSwapFDM.cpp(1073,9): warning C4101: 'last_rx' :참조되지 않은 지역 변수입니다.
C:\Users\ciiad\github5\IRChangeStructuredSwapFDM\IRChangeStructuredSwapFDM\HW_Calibration.h(3595): warning C4715: 'HWCapHWSwaption_2FCalibration': 모든 제어 경로에서 값을 반환하지는 않습니다.
C:\Users\ciiad\github5\IRChangeStructuredSwapFDM\IRChangeStructuredSwapFDM\IRChangeStructuredSwapFDM.cpp(2032): warning C4715: 'IRStructuedSwapFDM': 모든 제어 경로에서 값을 반환하지는 않습니다.
     C:\Users\ciiad\github5\IRChangeStructuredSwapFDM\x64\Debug\IRChangeStructuredSwapFDM.lib 라이브러리 및 C:\Users\ciiad\github5\IRChangeStructuredSwapFDM\x64\Debug\IRChangeStructuredSwapFDM.exp 개체를 생성하고 있습니다.
  IRChangeStructuredSwapFDM.vcxproj -> C:\Users\ciiad\github5\IRChangeStructuredSwapFDM\x64\Debug\IRChangeStructuredSwapFDM.dll
