  Heston.cpp
C:\Users\ciiad\github5\Heston\Heston\CalcDate.h(4,1): warning C4067: 전처리기 지시문 다음에 예기치 않은 토큰이 있습니다. 줄 바꿈 문자가 필요합니다.
C:\Users\ciiad\github5\Heston\Heston\Util.h(16,1): warning C4067: 전처리기 지시문 다음에 예기치 않은 토큰이 있습니다. 줄 바꿈 문자가 필요합니다.
C:\Users\ciiad\github5\Heston\Heston\Util.h(1179,14): warning C4101: 'DF2' :참조되지 않은 지역 변수입니다.
C:\Users\ciiad\github5\Heston\Heston\Util.h(1179,9): warning C4101: 'DF1' :참조되지 않은 지역 변수입니다.
C:\Users\ciiad\github5\Heston\Heston\Util.h(1671,9): warning C4101: 'a' :참조되지 않은 지역 변수입니다.
C:\Users\ciiad\github5\Heston\Heston\Util.h(1671,12): warning C4101: 'b' :참조되지 않은 지역 변수입니다.
C:\Users\ciiad\github5\Heston\Heston\Util.h(1667,7): warning C4101: 'idx_row' :참조되지 않은 지역 변수입니다.
C:\Users\ciiad\github5\Heston\Heston\Util.h(1668,7): warning C4101: 'idx_col' :참조되지 않은 지역 변수입니다.
C:\Users\ciiad\github5\Heston\Heston\Util.h(1701,9): warning C4101: 'a' :참조되지 않은 지역 변수입니다.
C:\Users\ciiad\github5\Heston\Heston\Util.h(1701,12): warning C4101: 'b' :참조되지 않은 지역 변수입니다.
C:\Users\ciiad\github5\Heston\Heston\Util.h(1697,7): warning C4101: 'idx_row' :참조되지 않은 지역 변수입니다.
C:\Users\ciiad\github5\Heston\Heston\Util.h(1698,7): warning C4101: 'idx_col' :참조되지 않은 지역 변수입니다.
C:\Users\ciiad\github5\Heston\Heston\Util.h(1716,13): warning C4101: 'k' :참조되지 않은 지역 변수입니다.
C:\Users\ciiad\github5\Heston\Heston\Util.h(2758,86): warning C4552: '+': 식의 결과가 사용되지 않습니다.
C:\Users\ciiad\github5\Heston\Heston\Util.h(2823,86): warning C4552: '+': 식의 결과가 사용되지 않습니다.
C:\Users\ciiad\github5\Heston\Heston\Util.h(3092,13): warning C4101: 'k' :참조되지 않은 지역 변수입니다.
C:\Users\ciiad\github5\Heston\Heston\Heston.cpp(38,13): warning C4101: 'j' :참조되지 않은 지역 변수입니다.
C:\Users\ciiad\github5\Heston\Heston\Heston.cpp(38,10): warning C4101: 'i' :참조되지 않은 지역 변수입니다.
C:\Users\ciiad\github5\Heston\Heston\Heston.cpp(50,22): warning C4267: '초기화 중': 'size_t'에서 'long'(으)로 변환하면서 데이터가 손실될 수 있습니다.
C:\Users\ciiad\github5\Heston\Heston\Heston.cpp(162,14): warning C4244: '초기화 중': 'double'에서 'int'(으)로 변환하면서 데이터가 손실될 수 있습니다.
C:\Users\ciiad\github5\Heston\Heston\Heston.cpp(422,13): warning C4101: 'j' :참조되지 않은 지역 변수입니다.
C:\Users\ciiad\github5\Heston\Heston\Heston.cpp(501,13): warning C4101: 'j' :참조되지 않은 지역 변수입니다.
C:\Users\ciiad\github5\Heston\Heston\Heston.cpp(607,103): warning C4244: '인수': 'double'에서 'long'(으)로 변환하면서 데이터가 손실될 수 있습니다.
C:\Users\ciiad\github5\Heston\Heston\Heston.cpp(749,10): warning C4101: 'j' :참조되지 않은 지역 변수입니다.
  Heston.vcxproj -> C:\Users\ciiad\github5\Heston\x64\Debug\Heston.exe
