  IRStructuredSwapOneCurve.cpp
C:\Users\ciiad\github5\IRStructuredSwapOneCurve\IRStructuredSwapOneCurve\Util.h(16,1): warning C4067: 전처리기 지시문 다음에 예기치 않은 토큰이 있습니다. 줄 바꿈 문자가 필요합니다.
C:\Users\ciiad\github5\IRStructuredSwapOneCurve\IRStructuredSwapOneCurve\CalcDate.h(9,1): warning C4067: 전처리기 지시문 다음에 예기치 않은 토큰이 있습니다. 줄 바꿈 문자가 필요합니다.
C:\Users\ciiad\github5\IRStructuredSwapOneCurve\IRStructuredSwapOneCurve\CalcDate.h(819,32): warning C4101: 'k2' :참조되지 않은 지역 변수입니다.
C:\Users\ciiad\github5\IRStructuredSwapOneCurve\IRStructuredSwapOneCurve\CalcDate.h(819,28): warning C4101: 'k1' :참조되지 않은 지역 변수입니다.
C:\Users\ciiad\github5\IRStructuredSwapOneCurve\IRStructuredSwapOneCurve\CalcDate.h(1302,14): warning C4101: 'TempDate' :참조되지 않은 지역 변수입니다.
C:\Users\ciiad\github5\IRStructuredSwapOneCurve\IRStructuredSwapOneCurve\CalcDate.h(1342,14): warning C4101: 'TempDate' :참조되지 않은 지역 변수입니다.
C:\Users\ciiad\github5\IRStructuredSwapOneCurve\IRStructuredSwapOneCurve\CalcDate.h(1541,10): warning C4101: 'i' :참조되지 않은 지역 변수입니다.
C:\Users\ciiad\github5\IRStructuredSwapOneCurve\IRStructuredSwapOneCurve\CalcDate.h(1928,10): warning C4101: 'i' :참조되지 않은 지역 변수입니다.
C:\Users\ciiad\github5\IRStructuredSwapOneCurve\IRStructuredSwapOneCurve\CalcDate.h(2056,10): warning C4101: 'TempDate' :참조되지 않은 지역 변수입니다.
C:\Users\ciiad\github5\IRStructuredSwapOneCurve\IRStructuredSwapOneCurve\CalcDate.h(2128,10): warning C4101: 'TempDate' :참조되지 않은 지역 변수입니다.
C:\Users\ciiad\github5\IRStructuredSwapOneCurve\IRStructuredSwapOneCurve\CalcDate.h(2173,10): warning C4101: 'EasterMonday' :참조되지 않은 지역 변수입니다.
C:\Users\ciiad\github5\IRStructuredSwapOneCurve\IRStructuredSwapOneCurve\CalcDate.h(2214,14): warning C4101: 'k' :참조되지 않은 지역 변수입니다.
C:\Users\ciiad\github5\IRStructuredSwapOneCurve\IRStructuredSwapOneCurve\CalcDate.h(2213,14): warning C4101: 'i' :참조되지 않은 지역 변수입니다.
C:\Users\ciiad\github5\IRStructuredSwapOneCurve\IRStructuredSwapOneCurve\CalcDate.h(2255,10): warning C4101: 'k' :참조되지 않은 지역 변수입니다.
C:\Users\ciiad\github5\IRStructuredSwapOneCurve\IRStructuredSwapOneCurve\CalcDate.h(2327,10): warning C4101: 'k' :참조되지 않은 지역 변수입니다.
C:\Users\ciiad\github5\IRStructuredSwapOneCurve\IRStructuredSwapOneCurve\CalcDate.h(2493,22): warning C4101: 'PrevTempDD' :참조되지 않은 지역 변수입니다.
C:\Users\ciiad\github5\IRStructuredSwapOneCurve\IRStructuredSwapOneCurve\CalcDate.h(2577,10): warning C4101: 'LastBusiDay' :참조되지 않은 지역 변수입니다.
C:\Users\ciiad\github5\IRStructuredSwapOneCurve\IRStructuredSwapOneCurve\CalcDate.h(2791,14): warning C4101: 'TempDateExcelType' :참조되지 않은 지역 변수입니다.
C:\Users\ciiad\github5\IRStructuredSwapOneCurve\IRStructuredSwapOneCurve\CalcDate.h(3317,10): warning C4101: 'TempYYYYMMDD' :참조되지 않은 지역 변수입니다.
C:\Users\ciiad\github5\IRStructuredSwapOneCurve\IRStructuredSwapOneCurve\CalcDate.h(3367,10): warning C4101: 'TempYYYYMMDD' :참조되지 않은 지역 변수입니다.
C:\Users\ciiad\github5\IRStructuredSwapOneCurve\IRStructuredSwapOneCurve\CalcDate.h(3418,10): warning C4101: 'TempYYYYMMDD' :참조되지 않은 지역 변수입니다.
C:\Users\ciiad\github5\IRStructuredSwapOneCurve\IRStructuredSwapOneCurve\CalcDate.h(3553,10): warning C4101: 'imax' :참조되지 않은 지역 변수입니다.
C:\Users\ciiad\github5\IRStructuredSwapOneCurve\IRStructuredSwapOneCurve\CalcDate.h(3774,75): warning C4244: '인수': 'double'에서 'long'(으)로 변환하면서 데이터가 손실될 수 있습니다.
C:\Users\ciiad\github5\IRStructuredSwapOneCurve\IRStructuredSwapOneCurve\CalcDate.h(3775,43): warning C4244: '=': 'double'에서 'long'(으)로 변환하면서 데이터가 손실될 수 있습니다.
C:\Users\ciiad\github5\IRStructuredSwapOneCurve\IRStructuredSwapOneCurve\HW_Calibration.h(10,1): warning C4067: 전처리기 지시문 다음에 예기치 않은 토큰이 있습니다. 줄 바꿈 문자가 필요합니다.
C:\Users\ciiad\github5\IRStructuredSwapOneCurve\IRStructuredSwapOneCurve\HW_Calibration.h(2844,10): warning C4101: 'j' :참조되지 않은 지역 변수입니다.
C:\Users\ciiad\github5\IRStructuredSwapOneCurve\IRStructuredSwapOneCurve\HW_Calibration.h(2978,10): warning C4101: 'j' :참조되지 않은 지역 변수입니다.
C:\Users\ciiad\github5\IRStructuredSwapOneCurve\IRStructuredSwapOneCurve\HW_Calibration.h(3370,13): warning C4101: 'HWVol2' :참조되지 않은 지역 변수입니다.
C:\Users\ciiad\github5\IRStructuredSwapOneCurve\IRStructuredSwapOneCurve\HW_Calibration.h(3368,12): warning C4101: 'kappa2' :참조되지 않은 지역 변수입니다.
C:\Users\ciiad\github5\IRStructuredSwapOneCurve\IRStructuredSwapOneCurve\HW_Calibration.h(3369,13): warning C4101: 'HWVol' :참조되지 않은 지역 변수입니다.
C:\Users\ciiad\github5\IRStructuredSwapOneCurve\IRStructuredSwapOneCurve\HW_Calibration.h(3366,13): warning C4101: 'n' :참조되지 않은 지역 변수입니다.
C:\Users\ciiad\github5\IRStructuredSwapOneCurve\IRStructuredSwapOneCurve\HW_Calibration.h(3367,12): warning C4101: 'kappa' :참조되지 않은 지역 변수입니다.
C:\Users\ciiad\github5\IRStructuredSwapOneCurve\IRStructuredSwapOneCurve\HW_Calibration.h(3803,13): warning C4101: 'j' :참조되지 않은 지역 변수입니다.
C:\Users\ciiad\github5\IRStructuredSwapOneCurve\IRStructuredSwapOneCurve\HW_Calibration.h(3932,13): warning C4101: 'HWVol' :참조되지 않은 지역 변수입니다.
C:\Users\ciiad\github5\IRStructuredSwapOneCurve\IRStructuredSwapOneCurve\HW_Calibration.h(3926,10): warning C4101: 'i' :참조되지 않은 지역 변수입니다.
C:\Users\ciiad\github5\IRStructuredSwapOneCurve\IRStructuredSwapOneCurve\HW_Calibration.h(4341,10): warning C4101: 'i' :참조되지 않은 지역 변수입니다.
C:\Users\ciiad\github5\IRStructuredSwapOneCurve\IRStructuredSwapOneCurve\HW_Calibration.h(4412,10): warning C4101: 'i' :참조되지 않은 지역 변수입니다.
C:\Users\ciiad\github5\IRStructuredSwapOneCurve\IRStructuredSwapOneCurve\HW_Calibration.h(5324,12): warning C4101: 'fm' :참조되지 않은 지역 변수입니다.
C:\Users\ciiad\github5\IRStructuredSwapOneCurve\IRStructuredSwapOneCurve\IRStructuredSwapOneCurve.cpp(27,8): warning C4101: 'j' :참조되지 않은 지역 변수입니다.
C:\Users\ciiad\github5\IRStructuredSwapOneCurve\IRStructuredSwapOneCurve\IRStructuredSwapOneCurve.cpp(38,7): warning C4101: 'i' :참조되지 않은 지역 변수입니다.
C:\Users\ciiad\github5\IRStructuredSwapOneCurve\IRStructuredSwapOneCurve\IRStructuredSwapOneCurve.cpp(170,9): warning C4101: 'u_i_j' :참조되지 않은 지역 변수입니다.
C:\Users\ciiad\github5\IRStructuredSwapOneCurve\IRStructuredSwapOneCurve\IRStructuredSwapOneCurve.cpp(309,15): warning C4244: '초기화 중': 'double'에서 'long'(으)로 변환하면서 데이터가 손실될 수 있습니다.
C:\Users\ciiad\github5\IRStructuredSwapOneCurve\IRStructuredSwapOneCurve\IRStructuredSwapOneCurve.cpp(352,14): warning C4244: '초기화 중': 'double'에서 'long'(으)로 변환하면서 데이터가 손실될 수 있습니다.
C:\Users\ciiad\github5\IRStructuredSwapOneCurve\IRStructuredSwapOneCurve\IRStructuredSwapOneCurve.cpp(348,9): warning C4101: 'Bst' :참조되지 않은 지역 변수입니다.
C:\Users\ciiad\github5\IRStructuredSwapOneCurve\IRStructuredSwapOneCurve\IRStructuredSwapOneCurve.cpp(350,12): warning C4101: 'ds' :참조되지 않은 지역 변수입니다.
C:\Users\ciiad\github5\IRStructuredSwapOneCurve\IRStructuredSwapOneCurve\IRStructuredSwapOneCurve.cpp(350,9): warning C4101: 's' :참조되지 않은 지역 변수입니다.
C:\Users\ciiad\github5\IRStructuredSwapOneCurve\IRStructuredSwapOneCurve\IRStructuredSwapOneCurve.cpp(347,7): warning C4101: 'i' :참조되지 않은 지역 변수입니다.
C:\Users\ciiad\github5\IRStructuredSwapOneCurve\IRStructuredSwapOneCurve\IRStructuredSwapOneCurve.cpp(348,14): warning C4101: 'BsT' :참조되지 않은 지역 변수입니다.
C:\Users\ciiad\github5\IRStructuredSwapOneCurve\IRStructuredSwapOneCurve\IRStructuredSwapOneCurve.cpp(395,9): warning C4101: 'A' :참조되지 않은 지역 변수입니다.
C:\Users\ciiad\github5\IRStructuredSwapOneCurve\IRStructuredSwapOneCurve\IRStructuredSwapOneCurve.cpp(426,7): warning C4101: 'imax' :참조되지 않은 지역 변수입니다.
C:\Users\ciiad\github5\IRStructuredSwapOneCurve\IRStructuredSwapOneCurve\IRStructuredSwapOneCurve.cpp(944,60): warning C4244: '인수': 'double'에서 'long'(으)로 변환하면서 데이터가 손실될 수 있습니다.
C:\Users\ciiad\github5\IRStructuredSwapOneCurve\IRStructuredSwapOneCurve\IRStructuredSwapOneCurve.cpp(989,65): warning C4244: '인수': 'double'에서 'long'(으)로 변환하면서 데이터가 손실될 수 있습니다.
C:\Users\ciiad\github5\IRStructuredSwapOneCurve\IRStructuredSwapOneCurve\IRStructuredSwapOneCurve.cpp(999,64): warning C4244: '인수': 'double'에서 'long'(으)로 변환하면서 데이터가 손실될 수 있습니다.
C:\Users\ciiad\github5\IRStructuredSwapOneCurve\IRStructuredSwapOneCurve\IRStructuredSwapOneCurve.cpp(1073,60): warning C4244: '인수': 'double'에서 'long'(으)로 변환하면서 데이터가 손실될 수 있습니다.
C:\Users\ciiad\github5\IRStructuredSwapOneCurve\IRStructuredSwapOneCurve\IRStructuredSwapOneCurve.cpp(1074,61): warning C4244: '인수': 'double'에서 'long'(으)로 변환하면서 데이터가 손실될 수 있습니다.
C:\Users\ciiad\github5\IRStructuredSwapOneCurve\IRStructuredSwapOneCurve\IRStructuredSwapOneCurve.cpp(1136,66): warning C4244: '인수': 'double'에서 'long'(으)로 변환하면서 데이터가 손실될 수 있습니다.
C:\Users\ciiad\github5\IRStructuredSwapOneCurve\IRStructuredSwapOneCurve\IRStructuredSwapOneCurve.cpp(1138,68): warning C4244: '인수': 'double'에서 'long'(으)로 변환하면서 데이터가 손실될 수 있습니다.
C:\Users\ciiad\github5\IRStructuredSwapOneCurve\IRStructuredSwapOneCurve\IRStructuredSwapOneCurve.cpp(1148,65): warning C4244: '인수': 'double'에서 'long'(으)로 변환하면서 데이터가 손실될 수 있습니다.
C:\Users\ciiad\github5\IRStructuredSwapOneCurve\IRStructuredSwapOneCurve\IRStructuredSwapOneCurve.cpp(1150,67): warning C4244: '인수': 'double'에서 'long'(으)로 변환하면서 데이터가 손실될 수 있습니다.
C:\Users\ciiad\github5\IRStructuredSwapOneCurve\IRStructuredSwapOneCurve\IRStructuredSwapOneCurve.cpp(1243,60): warning C4244: '인수': 'double'에서 'long'(으)로 변환하면서 데이터가 손실될 수 있습니다.
C:\Users\ciiad\github5\IRStructuredSwapOneCurve\IRStructuredSwapOneCurve\IRStructuredSwapOneCurve.cpp(1288,65): warning C4244: '인수': 'double'에서 'long'(으)로 변환하면서 데이터가 손실될 수 있습니다.
C:\Users\ciiad\github5\IRStructuredSwapOneCurve\IRStructuredSwapOneCurve\IRStructuredSwapOneCurve.cpp(1298,64): warning C4244: '인수': 'double'에서 'long'(으)로 변환하면서 데이터가 손실될 수 있습니다.
C:\Users\ciiad\github5\IRStructuredSwapOneCurve\IRStructuredSwapOneCurve\IRStructuredSwapOneCurve.cpp(1370,60): warning C4244: '인수': 'double'에서 'long'(으)로 변환하면서 데이터가 손실될 수 있습니다.
C:\Users\ciiad\github5\IRStructuredSwapOneCurve\IRStructuredSwapOneCurve\IRStructuredSwapOneCurve.cpp(1371,61): warning C4244: '인수': 'double'에서 'long'(으)로 변환하면서 데이터가 손실될 수 있습니다.
C:\Users\ciiad\github5\IRStructuredSwapOneCurve\IRStructuredSwapOneCurve\IRStructuredSwapOneCurve.cpp(1433,66): warning C4244: '인수': 'double'에서 'long'(으)로 변환하면서 데이터가 손실될 수 있습니다.
C:\Users\ciiad\github5\IRStructuredSwapOneCurve\IRStructuredSwapOneCurve\IRStructuredSwapOneCurve.cpp(1435,68): warning C4244: '인수': 'double'에서 'long'(으)로 변환하면서 데이터가 손실될 수 있습니다.
C:\Users\ciiad\github5\IRStructuredSwapOneCurve\IRStructuredSwapOneCurve\IRStructuredSwapOneCurve.cpp(1445,65): warning C4244: '인수': 'double'에서 'long'(으)로 변환하면서 데이터가 손실될 수 있습니다.
C:\Users\ciiad\github5\IRStructuredSwapOneCurve\IRStructuredSwapOneCurve\IRStructuredSwapOneCurve.cpp(1447,67): warning C4244: '인수': 'double'에서 'long'(으)로 변환하면서 데이터가 손실될 수 있습니다.
C:\Users\ciiad\github5\IRStructuredSwapOneCurve\IRStructuredSwapOneCurve\IRStructuredSwapOneCurve.cpp(1619,117): warning C4101: 'R' :참조되지 않은 지역 변수입니다.
C:\Users\ciiad\github5\IRStructuredSwapOneCurve\IRStructuredSwapOneCurve\IRStructuredSwapOneCurve.cpp(839,26): warning C4101: 'y_p' :참조되지 않은 지역 변수입니다.
C:\Users\ciiad\github5\IRStructuredSwapOneCurve\IRStructuredSwapOneCurve\IRStructuredSwapOneCurve.cpp(839,21): warning C4101: 'x_p' :참조되지 않은 지역 변수입니다.
C:\Users\ciiad\github5\IRStructuredSwapOneCurve\IRStructuredSwapOneCurve\IRStructuredSwapOneCurve.cpp(1617,47): warning C4101: 'fwdvar' :참조되지 않은 지역 변수입니다.
C:\Users\ciiad\github5\IRStructuredSwapOneCurve\IRStructuredSwapOneCurve\IRStructuredSwapOneCurve.cpp(570,13): warning C4101: 'k' :참조되지 않은 지역 변수입니다.
C:\Users\ciiad\github5\IRStructuredSwapOneCurve\IRStructuredSwapOneCurve\IRStructuredSwapOneCurve.cpp(925,21): warning C4101: 'df_T_Rcv' :참조되지 않은 지역 변수입니다.
C:\Users\ciiad\github5\IRStructuredSwapOneCurve\IRStructuredSwapOneCurve\IRStructuredSwapOneCurve.cpp(925,31): warning C4101: 'df_T_Pay' :참조되지 않은 지역 변수입니다.
     C:\Users\ciiad\github5\IRStructuredSwapOneCurve\Release\IRStructuredSwapOneCurve.lib 라이브러리 및 C:\Users\ciiad\github5\IRStructuredSwapOneCurve\Release\IRStructuredSwapOneCurve.exp 개체를 생성하고 있습니다.
  코드를 생성하고 있습니다.
  Previous IPDB not found, fall back to full compilation.
C:\Users\ciiad\github5\IRStructuredSwapOneCurve\IRStructuredSwapOneCurve\HW_Calibration.h(4768): warning C4715: 'HWCapHWSwaption_2FCalibration': 모든 제어 경로에서 값을 반환하지는 않습니다.
C:\Users\ciiad\github5\IRStructuredSwapOneCurve\IRStructuredSwapOneCurve\IRStructuredSwapOneCurve.cpp(1162): warning C4723: 0의 나누기 연산이 발생할 수 있습니다.
C:\Users\ciiad\github5\IRStructuredSwapOneCurve\IRStructuredSwapOneCurve\IRStructuredSwapOneCurve.cpp(1459): warning C4723: 0의 나누기 연산이 발생할 수 있습니다.
  All 188 functions were compiled because no usable IPDB/IOBJ from previous compilation was found.
  코드를 생성했습니다.
  IRStructuredSwapOneCurve.vcxproj -> C:\Users\ciiad\github5\IRStructuredSwapOneCurve\Release\IRStructuredSwapOneCurve.dll
