  IRChangeStructuredSwapFDM.cpp
C:\Users\ciiad\github5\IRChangeStructuredSwapFDM\IRChangeStructuredSwapFDM\Util.h(16,1): warning C4067: 전처리기 지시문 다음에 예기치 않은 토큰이 있습니다. 줄 바꿈 문자가 필요합니다.
C:\Users\ciiad\github5\IRChangeStructuredSwapFDM\IRChangeStructuredSwapFDM\CalcDate.h(9,1): warning C4067: 전처리기 지시문 다음에 예기치 않은 토큰이 있습니다. 줄 바꿈 문자가 필요합니다.
C:\Users\ciiad\github5\IRChangeStructuredSwapFDM\IRChangeStructuredSwapFDM\CalcDate.h(819,32): warning C4101: 'k2' :참조되지 않은 지역 변수입니다.
C:\Users\ciiad\github5\IRChangeStructuredSwapFDM\IRChangeStructuredSwapFDM\CalcDate.h(819,28): warning C4101: 'k1' :참조되지 않은 지역 변수입니다.
C:\Users\ciiad\github5\IRChangeStructuredSwapFDM\IRChangeStructuredSwapFDM\CalcDate.h(1302,14): warning C4101: 'TempDate' :참조되지 않은 지역 변수입니다.
C:\Users\ciiad\github5\IRChangeStructuredSwapFDM\IRChangeStructuredSwapFDM\CalcDate.h(1342,14): warning C4101: 'TempDate' :참조되지 않은 지역 변수입니다.
C:\Users\ciiad\github5\IRChangeStructuredSwapFDM\IRChangeStructuredSwapFDM\CalcDate.h(1414,62): warning C4553: '==': 식의 결과가 사용되지 않습니다. '='을(를) 의도했습니까?
C:\Users\ciiad\github5\IRChangeStructuredSwapFDM\IRChangeStructuredSwapFDM\CalcDate.h(1548,10): warning C4101: 'i' :참조되지 않은 지역 변수입니다.
C:\Users\ciiad\github5\IRChangeStructuredSwapFDM\IRChangeStructuredSwapFDM\CalcDate.h(1935,10): warning C4101: 'i' :참조되지 않은 지역 변수입니다.
C:\Users\ciiad\github5\IRChangeStructuredSwapFDM\IRChangeStructuredSwapFDM\CalcDate.h(2063,10): warning C4101: 'TempDate' :참조되지 않은 지역 변수입니다.
C:\Users\ciiad\github5\IRChangeStructuredSwapFDM\IRChangeStructuredSwapFDM\CalcDate.h(2135,10): warning C4101: 'TempDate' :참조되지 않은 지역 변수입니다.
C:\Users\ciiad\github5\IRChangeStructuredSwapFDM\IRChangeStructuredSwapFDM\CalcDate.h(2180,10): warning C4101: 'EasterMonday' :참조되지 않은 지역 변수입니다.
C:\Users\ciiad\github5\IRChangeStructuredSwapFDM\IRChangeStructuredSwapFDM\CalcDate.h(2221,14): warning C4101: 'k' :참조되지 않은 지역 변수입니다.
C:\Users\ciiad\github5\IRChangeStructuredSwapFDM\IRChangeStructuredSwapFDM\CalcDate.h(2220,14): warning C4101: 'i' :참조되지 않은 지역 변수입니다.
C:\Users\ciiad\github5\IRChangeStructuredSwapFDM\IRChangeStructuredSwapFDM\CalcDate.h(2262,10): warning C4101: 'k' :참조되지 않은 지역 변수입니다.
C:\Users\ciiad\github5\IRChangeStructuredSwapFDM\IRChangeStructuredSwapFDM\CalcDate.h(2334,10): warning C4101: 'k' :참조되지 않은 지역 변수입니다.
C:\Users\ciiad\github5\IRChangeStructuredSwapFDM\IRChangeStructuredSwapFDM\CalcDate.h(2500,22): warning C4101: 'PrevTempDD' :참조되지 않은 지역 변수입니다.
C:\Users\ciiad\github5\IRChangeStructuredSwapFDM\IRChangeStructuredSwapFDM\CalcDate.h(2584,10): warning C4101: 'LastBusiDay' :참조되지 않은 지역 변수입니다.
C:\Users\ciiad\github5\IRChangeStructuredSwapFDM\IRChangeStructuredSwapFDM\CalcDate.h(2798,14): warning C4101: 'TempDateExcelType' :참조되지 않은 지역 변수입니다.
C:\Users\ciiad\github5\IRChangeStructuredSwapFDM\IRChangeStructuredSwapFDM\CalcDate.h(3324,10): warning C4101: 'TempYYYYMMDD' :참조되지 않은 지역 변수입니다.
C:\Users\ciiad\github5\IRChangeStructuredSwapFDM\IRChangeStructuredSwapFDM\CalcDate.h(3374,10): warning C4101: 'TempYYYYMMDD' :참조되지 않은 지역 변수입니다.
C:\Users\ciiad\github5\IRChangeStructuredSwapFDM\IRChangeStructuredSwapFDM\CalcDate.h(3425,10): warning C4101: 'TempYYYYMMDD' :참조되지 않은 지역 변수입니다.
C:\Users\ciiad\github5\IRChangeStructuredSwapFDM\IRChangeStructuredSwapFDM\CalcDate.h(3560,10): warning C4101: 'imax' :참조되지 않은 지역 변수입니다.
C:\Users\ciiad\github5\IRChangeStructuredSwapFDM\IRChangeStructuredSwapFDM\CalcDate.h(3781,75): warning C4244: '인수': 'double'에서 'long'(으)로 변환하면서 데이터가 손실될 수 있습니다.
C:\Users\ciiad\github5\IRChangeStructuredSwapFDM\IRChangeStructuredSwapFDM\CalcDate.h(3782,43): warning C4244: '=': 'double'에서 'long'(으)로 변환하면서 데이터가 손실될 수 있습니다.
C:\Users\ciiad\github5\IRChangeStructuredSwapFDM\IRChangeStructuredSwapFDM\CalcDate.h(3874,10): warning C4101: 'n2' :참조되지 않은 지역 변수입니다.
C:\Users\ciiad\github5\IRChangeStructuredSwapFDM\IRChangeStructuredSwapFDM\HW_Calibration.h(10,1): warning C4067: 전처리기 지시문 다음에 예기치 않은 토큰이 있습니다. 줄 바꿈 문자가 필요합니다.
C:\Users\ciiad\github5\IRChangeStructuredSwapFDM\IRChangeStructuredSwapFDM\HW_Calibration.h(2723,10): warning C4101: 'j' :참조되지 않은 지역 변수입니다.
C:\Users\ciiad\github5\IRChangeStructuredSwapFDM\IRChangeStructuredSwapFDM\HW_Calibration.h(2857,10): warning C4101: 'j' :참조되지 않은 지역 변수입니다.
C:\Users\ciiad\github5\IRChangeStructuredSwapFDM\IRChangeStructuredSwapFDM\HW_Calibration.h(3267,10): warning C4101: 'i' :참조되지 않은 지역 변수입니다.
C:\Users\ciiad\github5\IRChangeStructuredSwapFDM\IRChangeStructuredSwapFDM\HW_Calibration.h(3338,10): warning C4101: 'i' :참조되지 않은 지역 변수입니다.
C:\Users\ciiad\github5\IRChangeStructuredSwapFDM\IRChangeStructuredSwapFDM\HW_Calibration.h(4367,12): warning C4101: 'fm' :참조되지 않은 지역 변수입니다.
C:\Users\ciiad\github5\IRChangeStructuredSwapFDM\IRChangeStructuredSwapFDM\IRChangeStructuredSwapFDM.cpp(98,9): warning C4101: 'A' :참조되지 않은 지역 변수입니다.
C:\Users\ciiad\github5\IRChangeStructuredSwapFDM\IRChangeStructuredSwapFDM\IRChangeStructuredSwapFDM.cpp(604,14): warning C4244: '초기화 중': 'double'에서 'long'(으)로 변환하면서 데이터가 손실될 수 있습니다.
C:\Users\ciiad\github5\IRChangeStructuredSwapFDM\IRChangeStructuredSwapFDM\IRChangeStructuredSwapFDM.cpp(588,9): warning C4101: 'Bst' :참조되지 않은 지역 변수입니다.
C:\Users\ciiad\github5\IRChangeStructuredSwapFDM\IRChangeStructuredSwapFDM\IRChangeStructuredSwapFDM.cpp(591,12): warning C4101: 'ds' :참조되지 않은 지역 변수입니다.
C:\Users\ciiad\github5\IRChangeStructuredSwapFDM\IRChangeStructuredSwapFDM\IRChangeStructuredSwapFDM.cpp(591,9): warning C4101: 's' :참조되지 않은 지역 변수입니다.
C:\Users\ciiad\github5\IRChangeStructuredSwapFDM\IRChangeStructuredSwapFDM\IRChangeStructuredSwapFDM.cpp(588,14): warning C4101: 'BsT' :참조되지 않은 지역 변수입니다.
C:\Users\ciiad\github5\IRChangeStructuredSwapFDM\IRChangeStructuredSwapFDM\IRChangeStructuredSwapFDM.cpp(638,9): warning C4101: 'A' :참조되지 않은 지역 변수입니다.
C:\Users\ciiad\github5\IRChangeStructuredSwapFDM\IRChangeStructuredSwapFDM\IRChangeStructuredSwapFDM.cpp(704,7): warning C4101: 'i' :참조되지 않은 지역 변수입니다.
C:\Users\ciiad\github5\IRChangeStructuredSwapFDM\IRChangeStructuredSwapFDM\IRChangeStructuredSwapFDM.cpp(1060,18): warning C4101: 'last_ry' :참조되지 않은 지역 변수입니다.
C:\Users\ciiad\github5\IRChangeStructuredSwapFDM\IRChangeStructuredSwapFDM\IRChangeStructuredSwapFDM.cpp(1222,58): warning C4101: 'alpha_t' :참조되지 않은 지역 변수입니다.
C:\Users\ciiad\github5\IRChangeStructuredSwapFDM\IRChangeStructuredSwapFDM\IRChangeStructuredSwapFDM.cpp(1060,9): warning C4101: 'last_rx' :참조되지 않은 지역 변수입니다.
C:\Users\ciiad\github5\IRChangeStructuredSwapFDM\IRChangeStructuredSwapFDM\HW_Calibration.h(3693): warning C4715: 'HWCapHWSwaption_2FCalibration': 모든 제어 경로에서 값을 반환하지는 않습니다.
C:\Users\ciiad\github5\IRChangeStructuredSwapFDM\IRChangeStructuredSwapFDM\IRChangeStructuredSwapFDM.cpp(2030): warning C4715: 'IRStructuedSwapFDM': 모든 제어 경로에서 값을 반환하지는 않습니다.
     C:\Users\ciiad\github5\IRChangeStructuredSwapFDM\Debug\IRChangeStructuredSwapFDM.lib 라이브러리 및 C:\Users\ciiad\github5\IRChangeStructuredSwapFDM\Debug\IRChangeStructuredSwapFDM.exp 개체를 생성하고 있습니다.
  IRChangeStructuredSwapFDM.vcxproj -> C:\Users\ciiad\github5\IRChangeStructuredSwapFDM\Debug\IRChangeStructuredSwapFDM.dll
