  IRS.cpp
C:\Users\ciiad\github5\IRS\IRS\CalcDate.h(9,1): warning C4067: 전처리기 지시문 다음에 예기치 않은 토큰이 있습니다. 줄 바꿈 문자가 필요합니다.
C:\Users\ciiad\github5\IRS\IRS\CalcDate.h(822,32): warning C4101: 'k2' :참조되지 않은 지역 변수입니다.
C:\Users\ciiad\github5\IRS\IRS\CalcDate.h(822,28): warning C4101: 'k1' :참조되지 않은 지역 변수입니다.
C:\Users\ciiad\github5\IRS\IRS\CalcDate.h(1306,14): warning C4101: 'TempDate' :참조되지 않은 지역 변수입니다.
C:\Users\ciiad\github5\IRS\IRS\CalcDate.h(1346,14): warning C4101: 'TempDate' :참조되지 않은 지역 변수입니다.
C:\Users\ciiad\github5\IRS\IRS\CalcDate.h(1538,10): warning C4101: 'i' :참조되지 않은 지역 변수입니다.
C:\Users\ciiad\github5\IRS\IRS\CalcDate.h(1940,10): warning C4101: 'i' :참조되지 않은 지역 변수입니다.
C:\Users\ciiad\github5\IRS\IRS\CalcDate.h(2073,14): warning C4101: 'k' :참조되지 않은 지역 변수입니다.
C:\Users\ciiad\github5\IRS\IRS\CalcDate.h(2072,14): warning C4101: 'i' :참조되지 않은 지역 변수입니다.
C:\Users\ciiad\github5\IRS\IRS\CalcDate.h(2112,10): warning C4101: 'k' :참조되지 않은 지역 변수입니다.
C:\Users\ciiad\github5\IRS\IRS\CalcDate.h(2178,10): warning C4101: 'k' :참조되지 않은 지역 변수입니다.
C:\Users\ciiad\github5\IRS\IRS\CalcDate.h(2250,10): warning C4101: 'LastBusiDay' :참조되지 않은 지역 변수입니다.
C:\Users\ciiad\github5\IRS\IRS\CalcDate.h(2462,14): warning C4101: 'TempDateExcelType' :참조되지 않은 지역 변수입니다.
C:\Users\ciiad\github5\IRS\IRS\CalcDate.h(2630,10): warning C4101: 'TempYYYYMMDD' :참조되지 않은 지역 변수입니다.
C:\Users\ciiad\github5\IRS\IRS\CalcDate.h(2680,10): warning C4101: 'TempYYYYMMDD' :참조되지 않은 지역 변수입니다.
C:\Users\ciiad\github5\IRS\IRS\CalcDate.h(2731,10): warning C4101: 'TempYYYYMMDD' :참조되지 않은 지역 변수입니다.
C:\Users\ciiad\github5\IRS\IRS\CalcDate.h(2925,22): warning C4101: 'PrevTempDD' :참조되지 않은 지역 변수입니다.
C:\Users\ciiad\github5\IRS\IRS\Util.h(16,1): warning C4067: 전처리기 지시문 다음에 예기치 않은 토큰이 있습니다. 줄 바꿈 문자가 필요합니다.
C:\Users\ciiad\github5\IRS\IRS\IRS.cpp(9,1): warning C4067: 전처리기 지시문 다음에 예기치 않은 토큰이 있습니다. 줄 바꿈 문자가 필요합니다.
C:\Users\ciiad\github5\IRS\IRS\IRS.cpp(312,10): warning C4101: 'LastBusiDay' :참조되지 않은 지역 변수입니다.
C:\Users\ciiad\github5\IRS\IRS\IRS.cpp(514,14): warning C4101: 'TempDateExcelType' :참조되지 않은 지역 변수입니다.
C:\Users\ciiad\github5\IRS\IRS\IRS.cpp(620,14): warning C4101: 'TempDateExcelType' :참조되지 않은 지역 변수입니다.
C:\Users\ciiad\github5\IRS\IRS\IRS.cpp(918,10): warning C4101: 'imax' :참조되지 않은 지역 변수입니다.
C:\Users\ciiad\github5\IRS\IRS\IRS.cpp(987,13): warning C4101: 'j' :참조되지 않은 지역 변수입니다.
C:\Users\ciiad\github5\IRS\IRS\IRS.cpp(1322,10): warning C4101: 'k' :참조되지 않은 지역 변수입니다.
C:\Users\ciiad\github5\IRS\IRS\IRS.cpp(1321,10): warning C4101: 'j' :참조되지 않은 지역 변수입니다.
C:\Users\ciiad\github5\IRS\IRS\IRS.cpp(1323,10): warning C4101: 'n' :참조되지 않은 지역 변수입니다.
C:\Users\ciiad\github5\IRS\IRS\IRS.cpp(1575,16): warning C4101: 'Day1' :참조되지 않은 지역 변수입니다.
C:\Users\ciiad\github5\IRS\IRS\IRS.cpp(1573,10): warning C4101: 'k' :참조되지 않은 지역 변수입니다.
C:\Users\ciiad\github5\IRS\IRS\IRS.cpp(1575,10): warning C4101: 'Day0' :참조되지 않은 지역 변수입니다.
C:\Users\ciiad\github5\IRS\IRS\IRS.cpp(1785,40): warning C4101: 'SwapEndT' :참조되지 않은 지역 변수입니다.
C:\Users\ciiad\github5\IRS\IRS\IRS.cpp(1785,20): warning C4101: 'Ref_T1' :참조되지 않은 지역 변수입니다.
C:\Users\ciiad\github5\IRS\IRS\IRS.cpp(1785,12): warning C4101: 'Ref_T0' :참조되지 않은 지역 변수입니다.
C:\Users\ciiad\github5\IRS\IRS\IRS.cpp(1786,21): warning C4101: 'Frac_T1' :참조되지 않은 지역 변수입니다.
C:\Users\ciiad\github5\IRS\IRS\IRS.cpp(1786,12): warning C4101: 'Frac_T0' :참조되지 않은 지역 변수입니다.
C:\Users\ciiad\github5\IRS\IRS\IRS.cpp(2837,10): warning C4101: 'j' :참조되지 않은 지역 변수입니다.
C:\Users\ciiad\github5\IRS\IRS\IRS.cpp(3223,16): warning C4101: 'k' :참조되지 않은 지역 변수입니다.
C:\Users\ciiad\github5\IRS\IRS\IRS.cpp(3229,10): warning C4101: 'NotionalPayDate' :참조되지 않은 지역 변수입니다.
C:\Users\ciiad\github5\IRS\IRS\IRS.cpp(3223,13): warning C4101: 'j' :참조되지 않은 지역 변수입니다.
C:\Users\ciiad\github5\IRS\IRS\IRS.cpp(3223,19): warning C4101: 'n' :참조되지 않은 지역 변수입니다.
     C:\Users\ciiad\github5\IRS\Release\IRS.lib 라이브러리 및 C:\Users\ciiad\github5\IRS\Release\IRS.exp 개체를 생성하고 있습니다.
  코드를 생성하고 있습니다.
  Previous IPDB not found, fall back to full compilation.
  All 128 functions were compiled because no usable IPDB/IOBJ from previous compilation was found.
  코드를 생성했습니다.
  IRS.vcxproj -> C:\Users\ciiad\github5\IRS\Release\IRS.dll
