  CreditDerivatives.cpp
C:\Users\ciiad\github5\CreditDerivatives\CreditDerivatives\CalcDate.h(4,1): warning C4067: 전처리기 지시문 다음에 예기치 않은 토큰이 있습니다. 줄 바꿈 문자가 필요합니다.
C:\Users\ciiad\github5\CreditDerivatives\CreditDerivatives\Util.h(16,1): warning C4067: 전처리기 지시문 다음에 예기치 않은 토큰이 있습니다. 줄 바꿈 문자가 필요합니다.
C:\Users\ciiad\github5\CreditDerivatives\CreditDerivatives\Util.h(1222,14): warning C4101: 'DF2' :참조되지 않은 지역 변수입니다.
C:\Users\ciiad\github5\CreditDerivatives\CreditDerivatives\Util.h(1222,9): warning C4101: 'DF1' :참조되지 않은 지역 변수입니다.
C:\Users\ciiad\github5\CreditDerivatives\CreditDerivatives\Util.h(1714,9): warning C4101: 'a' :참조되지 않은 지역 변수입니다.
C:\Users\ciiad\github5\CreditDerivatives\CreditDerivatives\Util.h(1714,12): warning C4101: 'b' :참조되지 않은 지역 변수입니다.
C:\Users\ciiad\github5\CreditDerivatives\CreditDerivatives\Util.h(1710,7): warning C4101: 'idx_row' :참조되지 않은 지역 변수입니다.
C:\Users\ciiad\github5\CreditDerivatives\CreditDerivatives\Util.h(1711,7): warning C4101: 'idx_col' :참조되지 않은 지역 변수입니다.
C:\Users\ciiad\github5\CreditDerivatives\CreditDerivatives\Util.h(1744,9): warning C4101: 'a' :참조되지 않은 지역 변수입니다.
C:\Users\ciiad\github5\CreditDerivatives\CreditDerivatives\Util.h(1744,12): warning C4101: 'b' :참조되지 않은 지역 변수입니다.
C:\Users\ciiad\github5\CreditDerivatives\CreditDerivatives\Util.h(1740,7): warning C4101: 'idx_row' :참조되지 않은 지역 변수입니다.
C:\Users\ciiad\github5\CreditDerivatives\CreditDerivatives\Util.h(1741,7): warning C4101: 'idx_col' :참조되지 않은 지역 변수입니다.
C:\Users\ciiad\github5\CreditDerivatives\CreditDerivatives\Util.h(1759,13): warning C4101: 'k' :참조되지 않은 지역 변수입니다.
C:\Users\ciiad\github5\CreditDerivatives\CreditDerivatives\Util.h(2802,86): warning C4552: '+': 식의 결과가 사용되지 않습니다.
C:\Users\ciiad\github5\CreditDerivatives\CreditDerivatives\Util.h(2873,86): warning C4552: '+': 식의 결과가 사용되지 않습니다.
C:\Users\ciiad\github5\CreditDerivatives\CreditDerivatives\Util.h(3150,13): warning C4101: 'k' :참조되지 않은 지역 변수입니다.
     C:\Users\ciiad\github5\CreditDerivatives\x64\Release\CreditDerivatives.lib 라이브러리 및 C:\Users\ciiad\github5\CreditDerivatives\x64\Release\CreditDerivatives.exp 개체를 생성하고 있습니다.
  코드를 생성하고 있습니다.
  Previous IPDB not found, fall back to full compilation.
  All 36 functions were compiled because no usable IPDB/IOBJ from previous compilation was found.
  코드를 생성했습니다.
  CreditDerivatives.vcxproj -> C:\Users\ciiad\github5\CreditDerivatives\x64\Release\CreditDerivatives.dll
