  HiFive_ELS.cpp
C:\Users\임대선\Desktop\새 폴더\github5\HiFive_ELS\HiFive_ELS\CalcDate.h(9,1): warning C4067: 전처리기 지시문 다음에 예기치 않은 토큰이 있습니다. 줄 바꿈 문자가 필요합니다.
  (소스 파일 'HiFive_ELS.cpp'을(를) 컴파일하는 중)
  
C:\Users\임대선\Desktop\새 폴더\github5\HiFive_ELS\HiFive_ELS\CalcDate.h(819,32): warning C4101: 'k2' :참조되지 않은 지역 변수입니다.
  (소스 파일 'HiFive_ELS.cpp'을(를) 컴파일하는 중)
  
C:\Users\임대선\Desktop\새 폴더\github5\HiFive_ELS\HiFive_ELS\CalcDate.h(819,28): warning C4101: 'k1' :참조되지 않은 지역 변수입니다.
  (소스 파일 'HiFive_ELS.cpp'을(를) 컴파일하는 중)
  
C:\Users\임대선\Desktop\새 폴더\github5\HiFive_ELS\HiFive_ELS\CalcDate.h(1302,14): warning C4101: 'TempDate' :참조되지 않은 지역 변수입니다.
  (소스 파일 'HiFive_ELS.cpp'을(를) 컴파일하는 중)
  
C:\Users\임대선\Desktop\새 폴더\github5\HiFive_ELS\HiFive_ELS\CalcDate.h(1342,14): warning C4101: 'TempDate' :참조되지 않은 지역 변수입니다.
  (소스 파일 'HiFive_ELS.cpp'을(를) 컴파일하는 중)
  
C:\Users\임대선\Desktop\새 폴더\github5\HiFive_ELS\HiFive_ELS\CalcDate.h(1414,62): warning C4553: '==': 식의 결과가 사용되지 않습니다. '='을(를) 의도했습니까?
  (소스 파일 'HiFive_ELS.cpp'을(를) 컴파일하는 중)
  
C:\Users\임대선\Desktop\새 폴더\github5\HiFive_ELS\HiFive_ELS\CalcDate.h(1548,10): warning C4101: 'i' :참조되지 않은 지역 변수입니다.
  (소스 파일 'HiFive_ELS.cpp'을(를) 컴파일하는 중)
  
C:\Users\임대선\Desktop\새 폴더\github5\HiFive_ELS\HiFive_ELS\CalcDate.h(1935,10): warning C4101: 'i' :참조되지 않은 지역 변수입니다.
  (소스 파일 'HiFive_ELS.cpp'을(를) 컴파일하는 중)
  
C:\Users\임대선\Desktop\새 폴더\github5\HiFive_ELS\HiFive_ELS\CalcDate.h(2063,10): warning C4101: 'TempDate' :참조되지 않은 지역 변수입니다.
  (소스 파일 'HiFive_ELS.cpp'을(를) 컴파일하는 중)
  
C:\Users\임대선\Desktop\새 폴더\github5\HiFive_ELS\HiFive_ELS\CalcDate.h(2135,10): warning C4101: 'TempDate' :참조되지 않은 지역 변수입니다.
  (소스 파일 'HiFive_ELS.cpp'을(를) 컴파일하는 중)
  
C:\Users\임대선\Desktop\새 폴더\github5\HiFive_ELS\HiFive_ELS\CalcDate.h(2180,10): warning C4101: 'EasterMonday' :참조되지 않은 지역 변수입니다.
  (소스 파일 'HiFive_ELS.cpp'을(를) 컴파일하는 중)
  
C:\Users\임대선\Desktop\새 폴더\github5\HiFive_ELS\HiFive_ELS\CalcDate.h(2221,14): warning C4101: 'k' :참조되지 않은 지역 변수입니다.
  (소스 파일 'HiFive_ELS.cpp'을(를) 컴파일하는 중)
  
C:\Users\임대선\Desktop\새 폴더\github5\HiFive_ELS\HiFive_ELS\CalcDate.h(2220,14): warning C4101: 'i' :참조되지 않은 지역 변수입니다.
  (소스 파일 'HiFive_ELS.cpp'을(를) 컴파일하는 중)
  
C:\Users\임대선\Desktop\새 폴더\github5\HiFive_ELS\HiFive_ELS\CalcDate.h(2262,10): warning C4101: 'k' :참조되지 않은 지역 변수입니다.
  (소스 파일 'HiFive_ELS.cpp'을(를) 컴파일하는 중)
  
C:\Users\임대선\Desktop\새 폴더\github5\HiFive_ELS\HiFive_ELS\CalcDate.h(2334,10): warning C4101: 'k' :참조되지 않은 지역 변수입니다.
  (소스 파일 'HiFive_ELS.cpp'을(를) 컴파일하는 중)
  
C:\Users\임대선\Desktop\새 폴더\github5\HiFive_ELS\HiFive_ELS\CalcDate.h(2500,22): warning C4101: 'PrevTempDD' :참조되지 않은 지역 변수입니다.
  (소스 파일 'HiFive_ELS.cpp'을(를) 컴파일하는 중)
  
C:\Users\임대선\Desktop\새 폴더\github5\HiFive_ELS\HiFive_ELS\CalcDate.h(2584,10): warning C4101: 'LastBusiDay' :참조되지 않은 지역 변수입니다.
  (소스 파일 'HiFive_ELS.cpp'을(를) 컴파일하는 중)
  
C:\Users\임대선\Desktop\새 폴더\github5\HiFive_ELS\HiFive_ELS\CalcDate.h(2798,14): warning C4101: 'TempDateExcelType' :참조되지 않은 지역 변수입니다.
  (소스 파일 'HiFive_ELS.cpp'을(를) 컴파일하는 중)
  
C:\Users\임대선\Desktop\새 폴더\github5\HiFive_ELS\HiFive_ELS\CalcDate.h(3324,10): warning C4101: 'TempYYYYMMDD' :참조되지 않은 지역 변수입니다.
  (소스 파일 'HiFive_ELS.cpp'을(를) 컴파일하는 중)
  
C:\Users\임대선\Desktop\새 폴더\github5\HiFive_ELS\HiFive_ELS\CalcDate.h(3374,10): warning C4101: 'TempYYYYMMDD' :참조되지 않은 지역 변수입니다.
  (소스 파일 'HiFive_ELS.cpp'을(를) 컴파일하는 중)
  
C:\Users\임대선\Desktop\새 폴더\github5\HiFive_ELS\HiFive_ELS\CalcDate.h(3425,10): warning C4101: 'TempYYYYMMDD' :참조되지 않은 지역 변수입니다.
  (소스 파일 'HiFive_ELS.cpp'을(를) 컴파일하는 중)
  
C:\Users\임대선\Desktop\새 폴더\github5\HiFive_ELS\HiFive_ELS\CalcDate.h(3560,10): warning C4101: 'imax' :참조되지 않은 지역 변수입니다.
  (소스 파일 'HiFive_ELS.cpp'을(를) 컴파일하는 중)
  
C:\Users\임대선\Desktop\새 폴더\github5\HiFive_ELS\HiFive_ELS\CalcDate.h(3781,75): warning C4244: '인수': 'double'에서 'long'(으)로 변환하면서 데이터가 손실될 수 있습니다.
  (소스 파일 'HiFive_ELS.cpp'을(를) 컴파일하는 중)
  
C:\Users\임대선\Desktop\새 폴더\github5\HiFive_ELS\HiFive_ELS\CalcDate.h(3782,43): warning C4244: '=': 'double'에서 'long'(으)로 변환하면서 데이터가 손실될 수 있습니다.
  (소스 파일 'HiFive_ELS.cpp'을(를) 컴파일하는 중)
  
C:\Users\임대선\Desktop\새 폴더\github5\HiFive_ELS\HiFive_ELS\CalcDate.h(3874,10): warning C4101: 'n2' :참조되지 않은 지역 변수입니다.
  (소스 파일 'HiFive_ELS.cpp'을(를) 컴파일하는 중)
  
C:\Users\임대선\Desktop\새 폴더\github5\HiFive_ELS\HiFive_ELS\CalcDate.h(3981,35): warning C4101: 'k' :참조되지 않은 지역 변수입니다.
  (소스 파일 'HiFive_ELS.cpp'을(를) 컴파일하는 중)
  
C:\Users\임대선\Desktop\새 폴더\github5\HiFive_ELS\HiFive_ELS\Util.h(16,1): warning C4067: 전처리기 지시문 다음에 예기치 않은 토큰이 있습니다. 줄 바꿈 문자가 필요합니다.
  (소스 파일 'HiFive_ELS.cpp'을(를) 컴파일하는 중)
  
C:\Users\임대선\Desktop\새 폴더\github5\HiFive_ELS\HiFive_ELS\Util.h(4303,14): warning C4101: 'k' :참조되지 않은 지역 변수입니다.
  (소스 파일 'HiFive_ELS.cpp'을(를) 컴파일하는 중)
  
C:\Users\임대선\Desktop\새 폴더\github5\HiFive_ELS\HiFive_ELS\Util.h(4303,11): warning C4101: 'j' :참조되지 않은 지역 변수입니다.
  (소스 파일 'HiFive_ELS.cpp'을(를) 컴파일하는 중)
  
C:\Users\임대선\Desktop\새 폴더\github5\HiFive_ELS\HiFive_ELS\Util.h(5101,8): warning C4101: 'i' :참조되지 않은 지역 변수입니다.
  (소스 파일 'HiFive_ELS.cpp'을(를) 컴파일하는 중)
  
C:\Users\임대선\Desktop\새 폴더\github5\HiFive_ELS\HiFive_ELS\Util.h(5120,14): warning C4101: 'k' :참조되지 않은 지역 변수입니다.
  (소스 파일 'HiFive_ELS.cpp'을(를) 컴파일하는 중)
  
C:\Users\임대선\Desktop\새 폴더\github5\HiFive_ELS\HiFive_ELS\Util.h(5120,11): warning C4101: 'j' :참조되지 않은 지역 변수입니다.
  (소스 파일 'HiFive_ELS.cpp'을(를) 컴파일하는 중)
  
C:\Users\임대선\Desktop\새 폴더\github5\HiFive_ELS\HiFive_ELS\SABR.h(47,7): warning C4101: 'i' :참조되지 않은 지역 변수입니다.
  (소스 파일 'HiFive_ELS.cpp'을(를) 컴파일하는 중)
  
C:\Users\임대선\Desktop\새 폴더\github5\HiFive_ELS\HiFive_ELS\SABR.h(108,7): warning C4101: 'temp' :참조되지 않은 지역 변수입니다.
  (소스 파일 'HiFive_ELS.cpp'을(를) 컴파일하는 중)
  
C:\Users\임대선\Desktop\새 폴더\github5\HiFive_ELS\HiFive_ELS\SABR.h(341,7): warning C4101: 'j' :참조되지 않은 지역 변수입니다.
  (소스 파일 'HiFive_ELS.cpp'을(를) 컴파일하는 중)
  
C:\Users\임대선\Desktop\새 폴더\github5\HiFive_ELS\HiFive_ELS\SABR.h(526,10): warning C4101: 'j' :참조되지 않은 지역 변수입니다.
  (소스 파일 'HiFive_ELS.cpp'을(를) 컴파일하는 중)
  
C:\Users\임대선\Desktop\새 폴더\github5\HiFive_ELS\HiFive_ELS\SABR.h(526,7): warning C4101: 'i' :참조되지 않은 지역 변수입니다.
  (소스 파일 'HiFive_ELS.cpp'을(를) 컴파일하는 중)
  
C:\Users\임대선\Desktop\새 폴더\github5\HiFive_ELS\HiFive_ELS\HiFive_ELS.cpp(24,1): warning C4067: 전처리기 지시문 다음에 예기치 않은 토큰이 있습니다. 줄 바꿈 문자가 필요합니다.
C:\Users\임대선\Desktop\새 폴더\github5\HiFive_ELS\HiFive_ELS\HiFive_ELS.cpp(127,10): warning C4101: 'T_Plus' :참조되지 않은 지역 변수입니다.
C:\Users\임대선\Desktop\새 폴더\github5\HiFive_ELS\HiFive_ELS\HiFive_ELS.cpp(238,9): warning C4101: 'i' :참조되지 않은 지역 변수입니다.
C:\Users\임대선\Desktop\새 폴더\github5\HiFive_ELS\HiFive_ELS\HiFive_ELS.cpp(262,14): warning C4101: 'k' :참조되지 않은 지역 변수입니다.
C:\Users\임대선\Desktop\새 폴더\github5\HiFive_ELS\HiFive_ELS\HiFive_ELS.cpp(262,11): warning C4101: 'j' :참조되지 않은 지역 변수입니다.
C:\Users\임대선\Desktop\새 폴더\github5\HiFive_ELS\HiFive_ELS\HiFive_ELS.cpp(262,8): warning C4101: 'i' :참조되지 않은 지역 변수입니다.
C:\Users\임대선\Desktop\새 폴더\github5\HiFive_ELS\HiFive_ELS\HiFive_ELS.cpp(303,12): warning C4101: 'j' :참조되지 않은 지역 변수입니다.
C:\Users\임대선\Desktop\새 폴더\github5\HiFive_ELS\HiFive_ELS\HiFive_ELS.cpp(303,9): warning C4101: 'i' :참조되지 않은 지역 변수입니다.
C:\Users\임대선\Desktop\새 폴더\github5\HiFive_ELS\HiFive_ELS\HiFive_ELS.cpp(308,9): warning C4101: 'i' :참조되지 않은 지역 변수입니다.
C:\Users\임대선\Desktop\새 폴더\github5\HiFive_ELS\HiFive_ELS\HiFive_ELS.cpp(694,9): warning C4101: 'Drift' :참조되지 않은 지역 변수입니다.
C:\Users\임대선\Desktop\새 폴더\github5\HiFive_ELS\HiFive_ELS\HiFive_ELS.cpp(695,9): warning C4101: 'Diffusion' :참조되지 않은 지역 변수입니다.
C:\Users\임대선\Desktop\새 폴더\github5\HiFive_ELS\HiFive_ELS\HiFive_ELS.cpp(2378,13): warning C4101: 'k' :참조되지 않은 지역 변수입니다.
C:\Users\임대선\Desktop\새 폴더\github5\HiFive_ELS\HiFive_ELS\HiFive_ELS.cpp(2378,10): warning C4101: 'j' :참조되지 않은 지역 변수입니다.
C:\Users\임대선\Desktop\새 폴더\github5\HiFive_ELS\HiFive_ELS\HiFive_ELS.cpp(2378,7): warning C4101: 'i' :참조되지 않은 지역 변수입니다.
C:\Users\임대선\Desktop\새 폴더\github5\HiFive_ELS\HiFive_ELS\HiFive_ELS.cpp(3896,20): warning C4101: 'nnn' :참조되지 않은 지역 변수입니다.
C:\Users\임대선\Desktop\새 폴더\github5\HiFive_ELS\HiFive_ELS\HiFive_ELS.cpp(3899,10): warning C4101: 'n4' :참조되지 않은 지역 변수입니다.
C:\Users\임대선\Desktop\새 폴더\github5\HiFive_ELS\HiFive_ELS\HiFive_ELS.cpp(4113,10): warning C4101: 'j' :참조되지 않은 지역 변수입니다.
C:\Users\임대선\Desktop\새 폴더\github5\HiFive_ELS\HiFive_ELS\HiFive_ELS.cpp(4113,7): warning C4101: 'i' :참조되지 않은 지역 변수입니다.
C:\Users\임대선\Desktop\새 폴더\github5\HiFive_ELS\HiFive_ELS\HiFive_ELS.cpp(2435,1): warning C4715: 'Excel_HiFive_ELS_MC': 모든 제어 경로에서 값을 반환하지는 않습니다.
     C:\Users\임대선\Desktop\새 폴더\github5\HiFive_ELS\x64\Debug\HiFive_ELS.lib 라이브러리 및 C:\Users\임대선\Desktop\새 폴더\github5\HiFive_ELS\x64\Debug\HiFive_ELS.exp 개체를 생성하고 있습니다.
  HiFive_ELS.vcxproj -> C:\Users\임대선\Desktop\새 폴더\github5\HiFive_ELS\x64\Debug\HiFive_ELS.dll
