  Option.cpp
C:\Users\ciiad\github5\OptionPricer\Option\CalcDate.h(9,1): warning C4067: 전처리기 지시문 다음에 예기치 않은 토큰이 있습니다. 줄 바꿈 문자가 필요합니다.
C:\Users\ciiad\github5\OptionPricer\Option\CalcDate.h(730,32): warning C4101: 'k2' :참조되지 않은 지역 변수입니다.
C:\Users\ciiad\github5\OptionPricer\Option\CalcDate.h(730,28): warning C4101: 'k1' :참조되지 않은 지역 변수입니다.
C:\Users\ciiad\github5\OptionPricer\Option\CalcDate.h(1136,14): warning C4101: 'TempDate' :참조되지 않은 지역 변수입니다.
C:\Users\ciiad\github5\OptionPricer\Option\CalcDate.h(1176,14): warning C4101: 'TempDate' :참조되지 않은 지역 변수입니다.
C:\Users\ciiad\github5\OptionPricer\Option\CalcDate.h(1415,10): warning C4101: 'i' :참조되지 않은 지역 변수입니다.
C:\Users\ciiad\github5\OptionPricer\Option\CalcDate.h(1541,10): warning C4101: 'i' :참조되지 않은 지역 변수입니다.
C:\Users\ciiad\github5\OptionPricer\Option\CalcDate.h(1677,10): warning C4101: 'k' :참조되지 않은 지역 변수입니다.
C:\Users\ciiad\github5\OptionPricer\Option\Util.h(16,1): warning C4067: 전처리기 지시문 다음에 예기치 않은 토큰이 있습니다. 줄 바꿈 문자가 필요합니다.
C:\Users\ciiad\github5\OptionPricer\Option\SABR.h(47,7): warning C4101: 'i' :참조되지 않은 지역 변수입니다.
C:\Users\ciiad\github5\OptionPricer\Option\SABR.h(108,7): warning C4101: 'temp' :참조되지 않은 지역 변수입니다.
C:\Users\ciiad\github5\OptionPricer\Option\SABR.h(341,7): warning C4101: 'j' :참조되지 않은 지역 변수입니다.
C:\Users\ciiad\github5\OptionPricer\Option\SABR.h(526,10): warning C4101: 'j' :참조되지 않은 지역 변수입니다.
C:\Users\ciiad\github5\OptionPricer\Option\SABR.h(526,7): warning C4101: 'i' :참조되지 않은 지역 변수입니다.
C:\Users\ciiad\github5\OptionPricer\Option\Option.cpp(114,7): warning C4101: 'i' :참조되지 않은 지역 변수입니다.
C:\Users\ciiad\github5\OptionPricer\Option\Option.cpp(298,24): warning C4101: 'd1' :참조되지 않은 지역 변수입니다.
C:\Users\ciiad\github5\OptionPricer\Option\Option.cpp(298,15): warning C4101: 'c' :참조되지 않은 지역 변수입니다.
C:\Users\ciiad\github5\OptionPricer\Option\Option.cpp(265,10): warning C4101: 'j' :참조되지 않은 지역 변수입니다.
C:\Users\ciiad\github5\OptionPricer\Option\Option.cpp(265,7): warning C4101: 'i' :참조되지 않은 지역 변수입니다.
C:\Users\ciiad\github5\OptionPricer\Option\Option.cpp(298,28): warning C4101: 'd2' :참조되지 않은 지역 변수입니다.
C:\Users\ciiad\github5\OptionPricer\Option\Option.cpp(366,24): warning C4101: 'd1' :참조되지 않은 지역 변수입니다.
C:\Users\ciiad\github5\OptionPricer\Option\Option.cpp(366,15): warning C4101: 'c' :참조되지 않은 지역 변수입니다.
C:\Users\ciiad\github5\OptionPricer\Option\Option.cpp(334,10): warning C4101: 'j' :참조되지 않은 지역 변수입니다.
C:\Users\ciiad\github5\OptionPricer\Option\Option.cpp(334,7): warning C4101: 'i' :참조되지 않은 지역 변수입니다.
C:\Users\ciiad\github5\OptionPricer\Option\Option.cpp(366,28): warning C4101: 'd2' :참조되지 않은 지역 변수입니다.
C:\Users\ciiad\github5\OptionPricer\Option\Option.cpp(432,24): warning C4101: 'd1' :참조되지 않은 지역 변수입니다.
C:\Users\ciiad\github5\OptionPricer\Option\Option.cpp(432,32): warning C4101: 'p' :참조되지 않은 지역 변수입니다.
C:\Users\ciiad\github5\OptionPricer\Option\Option.cpp(432,9): warning C4101: 'c' :참조되지 않은 지역 변수입니다.
C:\Users\ciiad\github5\OptionPricer\Option\Option.cpp(401,10): warning C4101: 'j' :참조되지 않은 지역 변수입니다.
C:\Users\ciiad\github5\OptionPricer\Option\Option.cpp(401,7): warning C4101: 'i' :참조되지 않은 지역 변수입니다.
C:\Users\ciiad\github5\OptionPricer\Option\Option.cpp(432,28): warning C4101: 'd2' :참조되지 않은 지역 변수입니다.
C:\Users\ciiad\github5\OptionPricer\Option\Option.cpp(501,24): warning C4101: 'd1' :참조되지 않은 지역 변수입니다.
C:\Users\ciiad\github5\OptionPricer\Option\Option.cpp(501,32): warning C4101: 'p' :참조되지 않은 지역 변수입니다.
C:\Users\ciiad\github5\OptionPricer\Option\Option.cpp(501,9): warning C4101: 'c' :참조되지 않은 지역 변수입니다.
C:\Users\ciiad\github5\OptionPricer\Option\Option.cpp(470,10): warning C4101: 'j' :참조되지 않은 지역 변수입니다.
C:\Users\ciiad\github5\OptionPricer\Option\Option.cpp(470,7): warning C4101: 'i' :참조되지 않은 지역 변수입니다.
C:\Users\ciiad\github5\OptionPricer\Option\Option.cpp(501,28): warning C4101: 'd2' :참조되지 않은 지역 변수입니다.
C:\Users\ciiad\github5\OptionPricer\Option\Option.cpp(915,31): warning C4101: 'frate' :참조되지 않은 지역 변수입니다.
C:\Users\ciiad\github5\OptionPricer\Option\Option.cpp(1304,14): warning C4101: 'b_j' :참조되지 않은 지역 변수입니다.
C:\Users\ciiad\github5\OptionPricer\Option\Option.cpp(1336,19): warning C4101: 'b_k' :참조되지 않은 지역 변수입니다.
C:\Users\ciiad\github5\OptionPricer\Option\Option.cpp(1497,24): warning C4101: 'fxv' :참조되지 않은 지역 변수입니다.
C:\Users\ciiad\github5\OptionPricer\Option\Option.cpp(1497,19): warning C4101: 'rho' :참조되지 않은 지역 변수입니다.
C:\Users\ciiad\github5\OptionPricer\Option\Option.cpp(1571,30): warning C4101: 'T_Simul_To_Maturity' :참조되지 않은 지역 변수입니다.
C:\Users\ciiad\github5\OptionPricer\Option\Option.cpp(1957,29): warning C4101: 'T2' :참조되지 않은 지역 변수입니다.
C:\Users\ciiad\github5\OptionPricer\Option\Option.cpp(1963,14): warning C4101: 'Rf_Quanto' :참조되지 않은 지역 변수입니다.
C:\Users\ciiad\github5\OptionPricer\Option\Option.cpp(1954,13): warning C4101: 'k' :참조되지 않은 지역 변수입니다.
C:\Users\ciiad\github5\OptionPricer\Option\Option.cpp(1955,7): warning C4101: 'idx' :참조되지 않은 지역 변수입니다.
C:\Users\ciiad\github5\OptionPricer\Option\Option.cpp(1963,25): warning C4101: 'r' :참조되지 않은 지역 변수입니다.
C:\Users\ciiad\github5\OptionPricer\Option\Option.cpp(2762,10): warning C4101: 'j' :참조되지 않은 지역 변수입니다.
C:\Users\ciiad\github5\OptionPricer\Option\Option.cpp(2762,7): warning C4101: 'i' :참조되지 않은 지역 변수입니다.
     C:\Users\ciiad\github5\OptionPricer\x64\Release\Option.lib 라이브러리 및 C:\Users\ciiad\github5\OptionPricer\x64\Release\Option.exp 개체를 생성하고 있습니다.
  코드를 생성하고 있습니다.
  Previous IPDB not found, fall back to full compilation.
  All 160 functions were compiled because no usable IPDB/IOBJ from previous compilation was found.
  코드를 생성했습니다.
  Option.vcxproj -> C:\Users\ciiad\github5\OptionPricer\x64\Release\Option.dll
