c:\users\ciiad\desktop\고니\irstructuredswaponecurve\irstructuredswaponecurve\debug\vc142.pdb
c:\users\ciiad\desktop\고니\irstructuredswaponecurve\irstructuredswaponecurve\debug\vc142.idb
c:\users\ciiad\desktop\고니\irstructuredswaponecurve\irstructuredswaponecurve\debug\irstructuredswaponecurve.obj
c:\users\ciiad\desktop\고니\irstructuredswaponecurve\debug\irstructuredswaponecurve.lib
c:\users\ciiad\desktop\고니\irstructuredswaponecurve\debug\irstructuredswaponecurve.exp
c:\users\ciiad\desktop\고니\irstructuredswaponecurve\irstructuredswaponecurve\debug\irstructuredswaponecurve.ilk
c:\users\ciiad\desktop\고니\irstructuredswaponecurve\debug\irstructuredswaponecurve.dll
c:\users\ciiad\desktop\고니\irstructuredswaponecurve\debug\irstructuredswaponecurve.pdb
c:\users\임대선\desktop\새 폴더\github5\irstructuredswaponecurve\irstructuredswaponecurve\debug\irstructuredswaponecurve.obj
c:\users\임대선\desktop\새 폴더\github5\irstructuredswaponecurve\irstructuredswaponecurve\debug\irstructuredswaponecurve.ilk
c:\users\임대선\desktop\새 폴더\github5\irstructuredswaponecurve\irstructuredswaponecurve\debug\vc142.idb
c:\users\임대선\desktop\새 폴더\github5\irstructuredswaponecurve\irstructuredswaponecurve\debug\vc142.pdb
c:\users\임대선\desktop\새 폴더\github5\irstructuredswaponecurve\debug\irstructuredswaponecurve.pdb
c:\users\임대선\desktop\새 폴더\github5\irstructuredswaponecurve\debug\irstructuredswaponecurve.dll
c:\users\임대선\desktop\새 폴더\github5\irstructuredswaponecurve\irstructuredswaponecurve\debug\irstruct.dcf39f14.tlog\cl.command.1.tlog
c:\users\임대선\desktop\새 폴더\github5\irstructuredswaponecurve\irstructuredswaponecurve\debug\irstruct.dcf39f14.tlog\cl.read.1.tlog
c:\users\임대선\desktop\새 폴더\github5\irstructuredswaponecurve\irstructuredswaponecurve\debug\irstruct.dcf39f14.tlog\cl.write.1.tlog
c:\users\임대선\desktop\새 폴더\github5\irstructuredswaponecurve\irstructuredswaponecurve\debug\irstruct.dcf39f14.tlog\irstructuredswaponecurve.write.1u.tlog
c:\users\임대선\desktop\새 폴더\github5\irstructuredswaponecurve\irstructuredswaponecurve\debug\irstruct.dcf39f14.tlog\link.command.1.tlog
c:\users\임대선\desktop\새 폴더\github5\irstructuredswaponecurve\irstructuredswaponecurve\debug\irstruct.dcf39f14.tlog\link.delete.1.tlog
c:\users\임대선\desktop\새 폴더\github5\irstructuredswaponecurve\irstructuredswaponecurve\debug\irstruct.dcf39f14.tlog\link.read.1.tlog
c:\users\임대선\desktop\새 폴더\github5\irstructuredswaponecurve\irstructuredswaponecurve\debug\irstruct.dcf39f14.tlog\link.write.1.tlog
