  IRStructuredSwapOneCurve.cpp
C:\Users\ciiad\github5\IRStructuredSwapOneCurve\IRStructuredSwapOneCurve\Util.h(16,1): warning C4067: 전처리기 지시문 다음에 예기치 않은 토큰이 있습니다. 줄 바꿈 문자가 필요합니다.
C:\Users\ciiad\github5\IRStructuredSwapOneCurve\IRStructuredSwapOneCurve\CalcDate.h(9,1): warning C4067: 전처리기 지시문 다음에 예기치 않은 토큰이 있습니다. 줄 바꿈 문자가 필요합니다.
C:\Users\ciiad\github5\IRStructuredSwapOneCurve\IRStructuredSwapOneCurve\CalcDate.h(815,32): warning C4101: 'k2' :참조되지 않은 지역 변수입니다.
C:\Users\ciiad\github5\IRStructuredSwapOneCurve\IRStructuredSwapOneCurve\CalcDate.h(815,28): warning C4101: 'k1' :참조되지 않은 지역 변수입니다.
C:\Users\ciiad\github5\IRStructuredSwapOneCurve\IRStructuredSwapOneCurve\CalcDate.h(1300,14): warning C4101: 'TempDate' :참조되지 않은 지역 변수입니다.
C:\Users\ciiad\github5\IRStructuredSwapOneCurve\IRStructuredSwapOneCurve\CalcDate.h(1340,14): warning C4101: 'TempDate' :참조되지 않은 지역 변수입니다.
C:\Users\ciiad\github5\IRStructuredSwapOneCurve\IRStructuredSwapOneCurve\CalcDate.h(1532,10): warning C4101: 'i' :참조되지 않은 지역 변수입니다.
C:\Users\ciiad\github5\IRStructuredSwapOneCurve\IRStructuredSwapOneCurve\CalcDate.h(1934,10): warning C4101: 'i' :참조되지 않은 지역 변수입니다.
C:\Users\ciiad\github5\IRStructuredSwapOneCurve\IRStructuredSwapOneCurve\CalcDate.h(2067,14): warning C4101: 'k' :참조되지 않은 지역 변수입니다.
C:\Users\ciiad\github5\IRStructuredSwapOneCurve\IRStructuredSwapOneCurve\CalcDate.h(2066,14): warning C4101: 'i' :참조되지 않은 지역 변수입니다.
C:\Users\ciiad\github5\IRStructuredSwapOneCurve\IRStructuredSwapOneCurve\CalcDate.h(2106,10): warning C4101: 'k' :참조되지 않은 지역 변수입니다.
C:\Users\ciiad\github5\IRStructuredSwapOneCurve\IRStructuredSwapOneCurve\CalcDate.h(2172,10): warning C4101: 'k' :참조되지 않은 지역 변수입니다.
C:\Users\ciiad\github5\IRStructuredSwapOneCurve\IRStructuredSwapOneCurve\CalcDate.h(2244,10): warning C4101: 'LastBusiDay' :참조되지 않은 지역 변수입니다.
C:\Users\ciiad\github5\IRStructuredSwapOneCurve\IRStructuredSwapOneCurve\CalcDate.h(2456,14): warning C4101: 'TempDateExcelType' :참조되지 않은 지역 변수입니다.
C:\Users\ciiad\github5\IRStructuredSwapOneCurve\IRStructuredSwapOneCurve\CalcDate.h(2624,10): warning C4101: 'TempYYYYMMDD' :참조되지 않은 지역 변수입니다.
C:\Users\ciiad\github5\IRStructuredSwapOneCurve\IRStructuredSwapOneCurve\HW_Calibration.h(10,1): warning C4067: 전처리기 지시문 다음에 예기치 않은 토큰이 있습니다. 줄 바꿈 문자가 필요합니다.
C:\Users\ciiad\github5\IRStructuredSwapOneCurve\IRStructuredSwapOneCurve\HW_Calibration.h(2844,10): warning C4101: 'j' :참조되지 않은 지역 변수입니다.
C:\Users\ciiad\github5\IRStructuredSwapOneCurve\IRStructuredSwapOneCurve\HW_Calibration.h(2978,10): warning C4101: 'j' :참조되지 않은 지역 변수입니다.
C:\Users\ciiad\github5\IRStructuredSwapOneCurve\IRStructuredSwapOneCurve\HW_Calibration.h(3370,13): warning C4101: 'HWVol2' :참조되지 않은 지역 변수입니다.
C:\Users\ciiad\github5\IRStructuredSwapOneCurve\IRStructuredSwapOneCurve\HW_Calibration.h(3368,12): warning C4101: 'kappa2' :참조되지 않은 지역 변수입니다.
C:\Users\ciiad\github5\IRStructuredSwapOneCurve\IRStructuredSwapOneCurve\HW_Calibration.h(3369,13): warning C4101: 'HWVol' :참조되지 않은 지역 변수입니다.
C:\Users\ciiad\github5\IRStructuredSwapOneCurve\IRStructuredSwapOneCurve\HW_Calibration.h(3366,13): warning C4101: 'n' :참조되지 않은 지역 변수입니다.
C:\Users\ciiad\github5\IRStructuredSwapOneCurve\IRStructuredSwapOneCurve\HW_Calibration.h(3367,12): warning C4101: 'kappa' :참조되지 않은 지역 변수입니다.
C:\Users\ciiad\github5\IRStructuredSwapOneCurve\IRStructuredSwapOneCurve\HW_Calibration.h(3803,13): warning C4101: 'j' :참조되지 않은 지역 변수입니다.
C:\Users\ciiad\github5\IRStructuredSwapOneCurve\IRStructuredSwapOneCurve\HW_Calibration.h(3932,13): warning C4101: 'HWVol' :참조되지 않은 지역 변수입니다.
C:\Users\ciiad\github5\IRStructuredSwapOneCurve\IRStructuredSwapOneCurve\HW_Calibration.h(3926,10): warning C4101: 'i' :참조되지 않은 지역 변수입니다.
C:\Users\ciiad\github5\IRStructuredSwapOneCurve\IRStructuredSwapOneCurve\HW_Calibration.h(4341,10): warning C4101: 'i' :참조되지 않은 지역 변수입니다.
C:\Users\ciiad\github5\IRStructuredSwapOneCurve\IRStructuredSwapOneCurve\HW_Calibration.h(4412,10): warning C4101: 'i' :참조되지 않은 지역 변수입니다.
C:\Users\ciiad\github5\IRStructuredSwapOneCurve\IRStructuredSwapOneCurve\HW_Calibration.h(5324,12): warning C4101: 'fm' :참조되지 않은 지역 변수입니다.
C:\Users\ciiad\github5\IRStructuredSwapOneCurve\IRStructuredSwapOneCurve\IRStructuredSwapOneCurve.cpp(27,8): warning C4101: 'j' :참조되지 않은 지역 변수입니다.
C:\Users\ciiad\github5\IRStructuredSwapOneCurve\IRStructuredSwapOneCurve\IRStructuredSwapOneCurve.cpp(38,7): warning C4101: 'i' :참조되지 않은 지역 변수입니다.
C:\Users\ciiad\github5\IRStructuredSwapOneCurve\IRStructuredSwapOneCurve\IRStructuredSwapOneCurve.cpp(164,9): warning C4101: 'u_i_j' :참조되지 않은 지역 변수입니다.
C:\Users\ciiad\github5\IRStructuredSwapOneCurve\IRStructuredSwapOneCurve\IRStructuredSwapOneCurve.cpp(303,15): warning C4244: '초기화 중': 'double'에서 'long'(으)로 변환하면서 데이터가 손실될 수 있습니다.
C:\Users\ciiad\github5\IRStructuredSwapOneCurve\IRStructuredSwapOneCurve\IRStructuredSwapOneCurve.cpp(346,14): warning C4244: '초기화 중': 'double'에서 'long'(으)로 변환하면서 데이터가 손실될 수 있습니다.
C:\Users\ciiad\github5\IRStructuredSwapOneCurve\IRStructuredSwapOneCurve\IRStructuredSwapOneCurve.cpp(342,9): warning C4101: 'Bst' :참조되지 않은 지역 변수입니다.
C:\Users\ciiad\github5\IRStructuredSwapOneCurve\IRStructuredSwapOneCurve\IRStructuredSwapOneCurve.cpp(344,12): warning C4101: 'ds' :참조되지 않은 지역 변수입니다.
C:\Users\ciiad\github5\IRStructuredSwapOneCurve\IRStructuredSwapOneCurve\IRStructuredSwapOneCurve.cpp(344,9): warning C4101: 's' :참조되지 않은 지역 변수입니다.
C:\Users\ciiad\github5\IRStructuredSwapOneCurve\IRStructuredSwapOneCurve\IRStructuredSwapOneCurve.cpp(341,7): warning C4101: 'i' :참조되지 않은 지역 변수입니다.
C:\Users\ciiad\github5\IRStructuredSwapOneCurve\IRStructuredSwapOneCurve\IRStructuredSwapOneCurve.cpp(342,14): warning C4101: 'BsT' :참조되지 않은 지역 변수입니다.
C:\Users\ciiad\github5\IRStructuredSwapOneCurve\IRStructuredSwapOneCurve\IRStructuredSwapOneCurve.cpp(389,9): warning C4101: 'A' :참조되지 않은 지역 변수입니다.
C:\Users\ciiad\github5\IRStructuredSwapOneCurve\IRStructuredSwapOneCurve\IRStructuredSwapOneCurve.cpp(420,7): warning C4101: 'imax' :참조되지 않은 지역 변수입니다.
C:\Users\ciiad\github5\IRStructuredSwapOneCurve\IRStructuredSwapOneCurve\IRStructuredSwapOneCurve.cpp(923,60): warning C4244: '인수': 'double'에서 'long'(으)로 변환하면서 데이터가 손실될 수 있습니다.
C:\Users\ciiad\github5\IRStructuredSwapOneCurve\IRStructuredSwapOneCurve\IRStructuredSwapOneCurve.cpp(968,65): warning C4244: '인수': 'double'에서 'long'(으)로 변환하면서 데이터가 손실될 수 있습니다.
C:\Users\ciiad\github5\IRStructuredSwapOneCurve\IRStructuredSwapOneCurve\IRStructuredSwapOneCurve.cpp(978,64): warning C4244: '인수': 'double'에서 'long'(으)로 변환하면서 데이터가 손실될 수 있습니다.
C:\Users\ciiad\github5\IRStructuredSwapOneCurve\IRStructuredSwapOneCurve\IRStructuredSwapOneCurve.cpp(1052,60): warning C4244: '인수': 'double'에서 'long'(으)로 변환하면서 데이터가 손실될 수 있습니다.
C:\Users\ciiad\github5\IRStructuredSwapOneCurve\IRStructuredSwapOneCurve\IRStructuredSwapOneCurve.cpp(1053,61): warning C4244: '인수': 'double'에서 'long'(으)로 변환하면서 데이터가 손실될 수 있습니다.
C:\Users\ciiad\github5\IRStructuredSwapOneCurve\IRStructuredSwapOneCurve\IRStructuredSwapOneCurve.cpp(1115,66): warning C4244: '인수': 'double'에서 'long'(으)로 변환하면서 데이터가 손실될 수 있습니다.
C:\Users\ciiad\github5\IRStructuredSwapOneCurve\IRStructuredSwapOneCurve\IRStructuredSwapOneCurve.cpp(1117,68): warning C4244: '인수': 'double'에서 'long'(으)로 변환하면서 데이터가 손실될 수 있습니다.
C:\Users\ciiad\github5\IRStructuredSwapOneCurve\IRStructuredSwapOneCurve\IRStructuredSwapOneCurve.cpp(1127,65): warning C4244: '인수': 'double'에서 'long'(으)로 변환하면서 데이터가 손실될 수 있습니다.
C:\Users\ciiad\github5\IRStructuredSwapOneCurve\IRStructuredSwapOneCurve\IRStructuredSwapOneCurve.cpp(1129,67): warning C4244: '인수': 'double'에서 'long'(으)로 변환하면서 데이터가 손실될 수 있습니다.
C:\Users\ciiad\github5\IRStructuredSwapOneCurve\IRStructuredSwapOneCurve\IRStructuredSwapOneCurve.cpp(1222,60): warning C4244: '인수': 'double'에서 'long'(으)로 변환하면서 데이터가 손실될 수 있습니다.
C:\Users\ciiad\github5\IRStructuredSwapOneCurve\IRStructuredSwapOneCurve\IRStructuredSwapOneCurve.cpp(1267,65): warning C4244: '인수': 'double'에서 'long'(으)로 변환하면서 데이터가 손실될 수 있습니다.
C:\Users\ciiad\github5\IRStructuredSwapOneCurve\IRStructuredSwapOneCurve\IRStructuredSwapOneCurve.cpp(1277,64): warning C4244: '인수': 'double'에서 'long'(으)로 변환하면서 데이터가 손실될 수 있습니다.
C:\Users\ciiad\github5\IRStructuredSwapOneCurve\IRStructuredSwapOneCurve\IRStructuredSwapOneCurve.cpp(1349,60): warning C4244: '인수': 'double'에서 'long'(으)로 변환하면서 데이터가 손실될 수 있습니다.
C:\Users\ciiad\github5\IRStructuredSwapOneCurve\IRStructuredSwapOneCurve\IRStructuredSwapOneCurve.cpp(1350,61): warning C4244: '인수': 'double'에서 'long'(으)로 변환하면서 데이터가 손실될 수 있습니다.
C:\Users\ciiad\github5\IRStructuredSwapOneCurve\IRStructuredSwapOneCurve\IRStructuredSwapOneCurve.cpp(1412,66): warning C4244: '인수': 'double'에서 'long'(으)로 변환하면서 데이터가 손실될 수 있습니다.
C:\Users\ciiad\github5\IRStructuredSwapOneCurve\IRStructuredSwapOneCurve\IRStructuredSwapOneCurve.cpp(1414,68): warning C4244: '인수': 'double'에서 'long'(으)로 변환하면서 데이터가 손실될 수 있습니다.
C:\Users\ciiad\github5\IRStructuredSwapOneCurve\IRStructuredSwapOneCurve\IRStructuredSwapOneCurve.cpp(1424,65): warning C4244: '인수': 'double'에서 'long'(으)로 변환하면서 데이터가 손실될 수 있습니다.
C:\Users\ciiad\github5\IRStructuredSwapOneCurve\IRStructuredSwapOneCurve\IRStructuredSwapOneCurve.cpp(1426,67): warning C4244: '인수': 'double'에서 'long'(으)로 변환하면서 데이터가 손실될 수 있습니다.
C:\Users\ciiad\github5\IRStructuredSwapOneCurve\IRStructuredSwapOneCurve\IRStructuredSwapOneCurve.cpp(1598,117): warning C4101: 'R' :참조되지 않은 지역 변수입니다.
C:\Users\ciiad\github5\IRStructuredSwapOneCurve\IRStructuredSwapOneCurve\IRStructuredSwapOneCurve.cpp(818,26): warning C4101: 'y_p' :참조되지 않은 지역 변수입니다.
C:\Users\ciiad\github5\IRStructuredSwapOneCurve\IRStructuredSwapOneCurve\IRStructuredSwapOneCurve.cpp(818,21): warning C4101: 'x_p' :참조되지 않은 지역 변수입니다.
C:\Users\ciiad\github5\IRStructuredSwapOneCurve\IRStructuredSwapOneCurve\IRStructuredSwapOneCurve.cpp(1596,47): warning C4101: 'fwdvar' :참조되지 않은 지역 변수입니다.
C:\Users\ciiad\github5\IRStructuredSwapOneCurve\IRStructuredSwapOneCurve\IRStructuredSwapOneCurve.cpp(564,13): warning C4101: 'k' :참조되지 않은 지역 변수입니다.
C:\Users\ciiad\github5\IRStructuredSwapOneCurve\IRStructuredSwapOneCurve\HW_Calibration.h(4768): warning C4715: 'HWCapHWSwaption_2FCalibration': 모든 제어 경로에서 값을 반환하지는 않습니다.
     C:\Users\ciiad\github5\IRStructuredSwapOneCurve\Debug\IRStructuredSwapOneCurve.lib 라이브러리 및 C:\Users\ciiad\github5\IRStructuredSwapOneCurve\Debug\IRStructuredSwapOneCurve.exp 개체를 생성하고 있습니다.
  IRStructuredSwapOneCurve.vcxproj -> C:\Users\ciiad\github5\IRStructuredSwapOneCurve\Debug\IRStructuredSwapOneCurve.dll
