  IRPhaseStructuredSwap.cpp
C:\Users\ciiad\github5\IRPhaseStructuredSwap\IRPhaseStructuredSwap\Util.h(16,1): warning C4067: 전처리기 지시문 다음에 예기치 않은 토큰이 있습니다. 줄 바꿈 문자가 필요합니다.
C:\Users\ciiad\github5\IRPhaseStructuredSwap\IRPhaseStructuredSwap\CalcDate.h(9,1): warning C4067: 전처리기 지시문 다음에 예기치 않은 토큰이 있습니다. 줄 바꿈 문자가 필요합니다.
C:\Users\ciiad\github5\IRPhaseStructuredSwap\IRPhaseStructuredSwap\CalcDate.h(730,32): warning C4101: 'k2' :참조되지 않은 지역 변수입니다.
C:\Users\ciiad\github5\IRPhaseStructuredSwap\IRPhaseStructuredSwap\CalcDate.h(730,28): warning C4101: 'k1' :참조되지 않은 지역 변수입니다.
C:\Users\ciiad\github5\IRPhaseStructuredSwap\IRPhaseStructuredSwap\CalcDate.h(1123,14): warning C4101: 'TempDate' :참조되지 않은 지역 변수입니다.
C:\Users\ciiad\github5\IRPhaseStructuredSwap\IRPhaseStructuredSwap\CalcDate.h(1163,14): warning C4101: 'TempDate' :참조되지 않은 지역 변수입니다.
C:\Users\ciiad\github5\IRPhaseStructuredSwap\IRPhaseStructuredSwap\CalcDate.h(1354,10): warning C4101: 'i' :참조되지 않은 지역 변수입니다.
C:\Users\ciiad\github5\IRPhaseStructuredSwap\IRPhaseStructuredSwap\HW_Calibration.h(10,1): warning C4067: 전처리기 지시문 다음에 예기치 않은 토큰이 있습니다. 줄 바꿈 문자가 필요합니다.
C:\Users\ciiad\github5\IRPhaseStructuredSwap\IRPhaseStructuredSwap\HW_Calibration.h(2723,10): warning C4101: 'j' :참조되지 않은 지역 변수입니다.
C:\Users\ciiad\github5\IRPhaseStructuredSwap\IRPhaseStructuredSwap\HW_Calibration.h(2857,10): warning C4101: 'j' :참조되지 않은 지역 변수입니다.
C:\Users\ciiad\github5\IRPhaseStructuredSwap\IRPhaseStructuredSwap\HW_Calibration.h(3267,10): warning C4101: 'i' :참조되지 않은 지역 변수입니다.
C:\Users\ciiad\github5\IRPhaseStructuredSwap\IRPhaseStructuredSwap\HW_Calibration.h(3338,10): warning C4101: 'i' :참조되지 않은 지역 변수입니다.
C:\Users\ciiad\github5\IRPhaseStructuredSwap\IRPhaseStructuredSwap\HW_Calibration.h(4367,12): warning C4101: 'fm' :참조되지 않은 지역 변수입니다.
C:\Users\ciiad\github5\IRPhaseStructuredSwap\IRPhaseStructuredSwap\IRPhaseStructuredSwap.cpp(371,10): warning C4101: 'imax' :참조되지 않은 지역 변수입니다.
C:\Users\ciiad\github5\IRPhaseStructuredSwap\IRPhaseStructuredSwap\IRPhaseStructuredSwap.cpp(605,13): warning C4101: 'j' :참조되지 않은 지역 변수입니다.
C:\Users\ciiad\github5\IRPhaseStructuredSwap\IRPhaseStructuredSwap\IRPhaseStructuredSwap.cpp(838,12): warning C4101: 'A' :참조되지 않은 지역 변수입니다.
C:\Users\ciiad\github5\IRPhaseStructuredSwap\IRPhaseStructuredSwap\IRPhaseStructuredSwap.cpp(922,12): warning C4101: 's' :참조되지 않은 지역 변수입니다.
C:\Users\ciiad\github5\IRPhaseStructuredSwap\IRPhaseStructuredSwap\IRPhaseStructuredSwap.cpp(1113,28): warning C4101: 'idx3' :참조되지 않은 지역 변수입니다.
C:\Users\ciiad\github5\IRPhaseStructuredSwap\IRPhaseStructuredSwap\IRPhaseStructuredSwap.cpp(1231,12): warning C4101: 'xt_interp2f' :참조되지 않은 지역 변수입니다.
C:\Users\ciiad\github5\IRPhaseStructuredSwap\IRPhaseStructuredSwap\IRPhaseStructuredSwap.cpp(1113,34): warning C4101: 'idx4' :참조되지 않은 지역 변수입니다.
C:\Users\ciiad\github5\IRPhaseStructuredSwap\IRPhaseStructuredSwap\IRPhaseStructuredSwap.cpp(1842,12): warning C4101: 'MaxLegValue' :참조되지 않은 지역 변수입니다.
C:\Users\ciiad\github5\IRPhaseStructuredSwap\IRPhaseStructuredSwap\IRPhaseStructuredSwap.cpp(1178,10): warning C4101: 'idxstart' :참조되지 않은 지역 변수입니다.
C:\Users\ciiad\github5\IRPhaseStructuredSwap\IRPhaseStructuredSwap\IRPhaseStructuredSwap.cpp(1118,10): warning C4101: 'ndates' :참조되지 않은 지역 변수입니다.
C:\Users\ciiad\github5\IRPhaseStructuredSwap\IRPhaseStructuredSwap\IRPhaseStructuredSwap.cpp(1113,10): warning C4101: 'idx0' :참조되지 않은 지역 변수입니다.
C:\Users\ciiad\github5\IRPhaseStructuredSwap\IRPhaseStructuredSwap\IRPhaseStructuredSwap.cpp(1129,12): warning C4101: 'kappa' :참조되지 않은 지역 변수입니다.
C:\Users\ciiad\github5\IRPhaseStructuredSwap\IRPhaseStructuredSwap\IRPhaseStructuredSwap.cpp(2119,24): warning C4101: 'YYYYMMDDT1' :참조되지 않은 지역 변수입니다.
C:\Users\ciiad\github5\IRPhaseStructuredSwap\IRPhaseStructuredSwap\IRPhaseStructuredSwap.cpp(2121,16): warning C4101: 'T_PowerSpread' :참조되지 않은 지역 변수입니다.
C:\Users\ciiad\github5\IRPhaseStructuredSwap\IRPhaseStructuredSwap\IRPhaseStructuredSwap.cpp(2122,28): warning C4101: 'term' :참조되지 않은 지역 변수입니다.
C:\Users\ciiad\github5\IRPhaseStructuredSwap\IRPhaseStructuredSwap\IRPhaseStructuredSwap.cpp(3514,65): warning C4101: 'holiflag' :참조되지 않은 지역 변수입니다.
     C:\Users\ciiad\github5\IRPhaseStructuredSwap\Release\IRPhaseStructuredSwap.lib 라이브러리 및 C:\Users\ciiad\github5\IRPhaseStructuredSwap\Release\IRPhaseStructuredSwap.exp 개체를 생성하고 있습니다.
  코드를 생성하고 있습니다.
  Previous IPDB not found, fall back to full compilation.
C:\Users\ciiad\github5\IRPhaseStructuredSwap\IRPhaseStructuredSwap\HW_Calibration.h(3693): warning C4715: 'HWCapHWSwaption_2FCalibration': 모든 제어 경로에서 값을 반환하지는 않습니다.
  All 155 functions were compiled because no usable IPDB/IOBJ from previous compilation was found.
  코드를 생성했습니다.
  IRPhaseStructuredSwap.vcxproj -> C:\Users\ciiad\github5\IRPhaseStructuredSwap\Release\IRPhaseStructuredSwap.dll
