  IRSwaption.cpp
C:\Users\ciiad\github5\IRSwaption\IRSwaption\Util.h(16,1): warning C4067: 전처리기 지시문 다음에 예기치 않은 토큰이 있습니다. 줄 바꿈 문자가 필요합니다.
C:\Users\ciiad\github5\IRSwaption\IRSwaption\CalcDate.h(9,1): warning C4067: 전처리기 지시문 다음에 예기치 않은 토큰이 있습니다. 줄 바꿈 문자가 필요합니다.
C:\Users\ciiad\github5\IRSwaption\IRSwaption\CalcDate.h(822,32): warning C4101: 'k2' :참조되지 않은 지역 변수입니다.
C:\Users\ciiad\github5\IRSwaption\IRSwaption\CalcDate.h(822,28): warning C4101: 'k1' :참조되지 않은 지역 변수입니다.
C:\Users\ciiad\github5\IRSwaption\IRSwaption\CalcDate.h(1306,14): warning C4101: 'TempDate' :참조되지 않은 지역 변수입니다.
C:\Users\ciiad\github5\IRSwaption\IRSwaption\CalcDate.h(1346,14): warning C4101: 'TempDate' :참조되지 않은 지역 변수입니다.
C:\Users\ciiad\github5\IRSwaption\IRSwaption\CalcDate.h(1538,10): warning C4101: 'i' :참조되지 않은 지역 변수입니다.
C:\Users\ciiad\github5\IRSwaption\IRSwaption\CalcDate.h(1940,10): warning C4101: 'i' :참조되지 않은 지역 변수입니다.
C:\Users\ciiad\github5\IRSwaption\IRSwaption\CalcDate.h(2073,14): warning C4101: 'k' :참조되지 않은 지역 변수입니다.
C:\Users\ciiad\github5\IRSwaption\IRSwaption\CalcDate.h(2072,14): warning C4101: 'i' :참조되지 않은 지역 변수입니다.
C:\Users\ciiad\github5\IRSwaption\IRSwaption\CalcDate.h(2112,10): warning C4101: 'k' :참조되지 않은 지역 변수입니다.
C:\Users\ciiad\github5\IRSwaption\IRSwaption\CalcDate.h(2178,10): warning C4101: 'k' :참조되지 않은 지역 변수입니다.
C:\Users\ciiad\github5\IRSwaption\IRSwaption\CalcDate.h(2250,10): warning C4101: 'LastBusiDay' :참조되지 않은 지역 변수입니다.
C:\Users\ciiad\github5\IRSwaption\IRSwaption\CalcDate.h(2462,14): warning C4101: 'TempDateExcelType' :참조되지 않은 지역 변수입니다.
C:\Users\ciiad\github5\IRSwaption\IRSwaption\CalcDate.h(2630,10): warning C4101: 'TempYYYYMMDD' :참조되지 않은 지역 변수입니다.
C:\Users\ciiad\github5\IRSwaption\IRSwaption\CalcDate.h(2680,10): warning C4101: 'TempYYYYMMDD' :참조되지 않은 지역 변수입니다.
C:\Users\ciiad\github5\IRSwaption\IRSwaption\CalcDate.h(2731,10): warning C4101: 'TempYYYYMMDD' :참조되지 않은 지역 변수입니다.
C:\Users\ciiad\github5\IRSwaption\IRSwaption\CalcDate.h(2925,22): warning C4101: 'PrevTempDD' :참조되지 않은 지역 변수입니다.
C:\Users\ciiad\github5\IRSwaption\IRSwaption\IRSwaption.cpp(15,1): warning C4067: 전처리기 지시문 다음에 예기치 않은 토큰이 있습니다. 줄 바꿈 문자가 필요합니다.
C:\Users\ciiad\github5\IRSwaption\IRSwaption\IRSwaption.cpp(35,7): warning C4101: 'imax' :참조되지 않은 지역 변수입니다.
C:\Users\ciiad\github5\IRSwaption\IRSwaption\IRSwaption.cpp(95,8): warning C4101: 'NextY' :참조되지 않은 지역 변수입니다.
C:\Users\ciiad\github5\IRSwaption\IRSwaption\IRSwaption.cpp(94,8): warning C4101: 'CurrentY' :참조되지 않은 지역 변수입니다.
C:\Users\ciiad\github5\IRSwaption\IRSwaption\IRSwaption.cpp(283,9): warning C4101: 't0' :참조되지 않은 지역 변수입니다.
C:\Users\ciiad\github5\IRSwaption\IRSwaption\IRSwaption.cpp(812,21): warning C4244: '초기화 중': 'double'에서 'long'(으)로 변환하면서 데이터가 손실될 수 있습니다.
C:\Users\ciiad\github5\IRSwaption\IRSwaption\IRSwaption.cpp(700,7): warning C4101: 'isholiflag' :참조되지 않은 지역 변수입니다.
C:\Users\ciiad\github5\IRSwaption\IRSwaption\IRSwaption.cpp(699,7): warning C4101: 'SaturSundayFlag' :참조되지 않은 지역 변수입니다.
C:\Users\ciiad\github5\IRSwaption\IRSwaption\IRSwaption.cpp(697,7): warning C4101: 'TempExcelDate' :참조되지 않은 지역 변수입니다.
C:\Users\ciiad\github5\IRSwaption\IRSwaption\IRSwaption.cpp(698,7): warning C4101: 'MOD7' :참조되지 않은 지역 변수입니다.
C:\Users\ciiad\github5\IRSwaption\IRSwaption\IRSwaption.cpp(743,39): warning C4101: 'ExercisePrice' :참조되지 않은 지역 변수입니다.
C:\Users\ciiad\github5\IRSwaption\IRSwaption\IRSwaption.cpp(859,27): warning C4101: 'P0t1' :참조되지 않은 지역 변수입니다.
C:\Users\ciiad\github5\IRSwaption\IRSwaption\IRSwaption.cpp(859,33): warning C4101: 'P0t2' :참조되지 않은 지역 변수입니다.
C:\Users\ciiad\github5\IRSwaption\IRSwaption\IRSwaption.cpp(1092,7): warning C4101: 'i' :참조되지 않은 지역 변수입니다.
     C:\Users\ciiad\github5\IRSwaption\x64\Release\IRSwaption.lib 라이브러리 및 C:\Users\ciiad\github5\IRSwaption\x64\Release\IRSwaption.exp 개체를 생성하고 있습니다.
  코드를 생성하고 있습니다.
  Previous IPDB not found, fall back to full compilation.
  All 108 functions were compiled because no usable IPDB/IOBJ from previous compilation was found.
  코드를 생성했습니다.
  IRSwaption.vcxproj -> C:\Users\ciiad\github5\IRSwaption\x64\Release\IRSwaption.dll
