  HiFive_ELS.cpp
C:\Users\KDB\github5\HiFive_ELS\HiFive_ELS\CalcDate.h(4,1): warning C4067: 전처리기 지시문 다음에 예기치 않은 토큰이 있습니다. 줄 바꿈 문자가 필요합니다.
C:\Users\KDB\github5\HiFive_ELS\HiFive_ELS\Util.h(16,1): warning C4067: 전처리기 지시문 다음에 예기치 않은 토큰이 있습니다. 줄 바꿈 문자가 필요합니다.
C:\Users\KDB\github5\HiFive_ELS\HiFive_ELS\Util.h(1125,14): warning C4101: 'DF2' :참조되지 않은 지역 변수입니다.
C:\Users\KDB\github5\HiFive_ELS\HiFive_ELS\Util.h(1125,9): warning C4101: 'DF1' :참조되지 않은 지역 변수입니다.
C:\Users\KDB\github5\HiFive_ELS\HiFive_ELS\Util.h(1214,13): warning C4101: 'k' :참조되지 않은 지역 변수입니다.
C:\Users\KDB\github5\HiFive_ELS\HiFive_ELS\Util.h(1563,9): warning C4101: 'a' :참조되지 않은 지역 변수입니다.
C:\Users\KDB\github5\HiFive_ELS\HiFive_ELS\Util.h(1563,12): warning C4101: 'b' :참조되지 않은 지역 변수입니다.
C:\Users\KDB\github5\HiFive_ELS\HiFive_ELS\Util.h(1559,7): warning C4101: 'idx_row' :참조되지 않은 지역 변수입니다.
C:\Users\KDB\github5\HiFive_ELS\HiFive_ELS\Util.h(1560,7): warning C4101: 'idx_col' :참조되지 않은 지역 변수입니다.
C:\Users\KDB\github5\HiFive_ELS\HiFive_ELS\Util.h(1588,9): warning C4101: 'a' :참조되지 않은 지역 변수입니다.
C:\Users\KDB\github5\HiFive_ELS\HiFive_ELS\Util.h(1588,12): warning C4101: 'b' :참조되지 않은 지역 변수입니다.
C:\Users\KDB\github5\HiFive_ELS\HiFive_ELS\Util.h(1584,7): warning C4101: 'idx_row' :참조되지 않은 지역 변수입니다.
C:\Users\KDB\github5\HiFive_ELS\HiFive_ELS\Util.h(1585,7): warning C4101: 'idx_col' :참조되지 않은 지역 변수입니다.
C:\Users\KDB\github5\HiFive_ELS\HiFive_ELS\Util.h(1603,13): warning C4101: 'k' :참조되지 않은 지역 변수입니다.
C:\Users\KDB\github5\HiFive_ELS\HiFive_ELS\SABR.h(15,7): warning C4101: 'i' :참조되지 않은 지역 변수입니다.
C:\Users\KDB\github5\HiFive_ELS\HiFive_ELS\SABR.h(306,7): warning C4101: 'j' :참조되지 않은 지역 변수입니다.
C:\Users\KDB\github5\HiFive_ELS\HiFive_ELS\SABR.h(488,10): warning C4101: 'j' :참조되지 않은 지역 변수입니다.
C:\Users\KDB\github5\HiFive_ELS\HiFive_ELS\SABR.h(488,7): warning C4101: 'i' :참조되지 않은 지역 변수입니다.
C:\Users\KDB\github5\HiFive_ELS\HiFive_ELS\HiFive_ELS.cpp(25,1): warning C4067: 전처리기 지시문 다음에 예기치 않은 토큰이 있습니다. 줄 바꿈 문자가 필요합니다.
C:\Users\KDB\github5\HiFive_ELS\HiFive_ELS\HiFive_ELS.cpp(128,10): warning C4101: 'T_Plus' :참조되지 않은 지역 변수입니다.
C:\Users\KDB\github5\HiFive_ELS\HiFive_ELS\HiFive_ELS.cpp(239,9): warning C4101: 'i' :참조되지 않은 지역 변수입니다.
C:\Users\KDB\github5\HiFive_ELS\HiFive_ELS\HiFive_ELS.cpp(263,14): warning C4101: 'k' :참조되지 않은 지역 변수입니다.
C:\Users\KDB\github5\HiFive_ELS\HiFive_ELS\HiFive_ELS.cpp(263,11): warning C4101: 'j' :참조되지 않은 지역 변수입니다.
C:\Users\KDB\github5\HiFive_ELS\HiFive_ELS\HiFive_ELS.cpp(263,8): warning C4101: 'i' :참조되지 않은 지역 변수입니다.
C:\Users\KDB\github5\HiFive_ELS\HiFive_ELS\HiFive_ELS.cpp(304,12): warning C4101: 'j' :참조되지 않은 지역 변수입니다.
C:\Users\KDB\github5\HiFive_ELS\HiFive_ELS\HiFive_ELS.cpp(304,9): warning C4101: 'i' :참조되지 않은 지역 변수입니다.
C:\Users\KDB\github5\HiFive_ELS\HiFive_ELS\HiFive_ELS.cpp(309,9): warning C4101: 'i' :참조되지 않은 지역 변수입니다.
C:\Users\KDB\github5\HiFive_ELS\HiFive_ELS\HiFive_ELS.cpp(695,9): warning C4101: 'Drift' :참조되지 않은 지역 변수입니다.
C:\Users\KDB\github5\HiFive_ELS\HiFive_ELS\HiFive_ELS.cpp(696,9): warning C4101: 'Diffusion' :참조되지 않은 지역 변수입니다.
C:\Users\KDB\github5\HiFive_ELS\HiFive_ELS\HiFive_ELS.cpp(3614,10): warning C4101: 'j' :참조되지 않은 지역 변수입니다.
C:\Users\KDB\github5\HiFive_ELS\HiFive_ELS\HiFive_ELS.cpp(3614,7): warning C4101: 'i' :참조되지 않은 지역 변수입니다.
     C:\Users\KDB\github5\HiFive_ELS\Debug\HiFive_ELS.lib 라이브러리 및 C:\Users\KDB\github5\HiFive_ELS\Debug\HiFive_ELS.exp 개체를 생성하고 있습니다.
  HiFive_ELS.vcxproj -> C:\Users\KDB\github5\HiFive_ELS\Debug\HiFive_ELS.dll
