c:\users\ciiad\github5\irstructuredswaponecurve\irstructuredswaponecurve\x64\release\vc142.pdb
c:\users\ciiad\github5\irstructuredswaponecurve\irstructuredswaponecurve\x64\release\irstructuredswaponecurve.obj
c:\users\ciiad\github5\irstructuredswaponecurve\x64\release\irstructuredswaponecurve.lib
c:\users\ciiad\github5\irstructuredswaponecurve\x64\release\irstructuredswaponecurve.exp
c:\users\ciiad\github5\irstructuredswaponecurve\x64\release\irstructuredswaponecurve.dll
c:\users\ciiad\github5\irstructuredswaponecurve\irstructuredswaponecurve\x64\release\irstructuredswaponecurve.ipdb
c:\users\ciiad\github5\irstructuredswaponecurve\irstructuredswaponecurve\x64\release\irstructuredswaponecurve.iobj
c:\users\ciiad\github5\irstructuredswaponecurve\x64\release\irstructuredswaponecurve.pdb
c:\users\ciiad\desktop\고니\irstructuredswaponecurve\irstructuredswaponecurve\x64\release\irstructuredswaponecurve.obj
c:\users\ciiad\desktop\고니\irstructuredswaponecurve\irstructuredswaponecurve\x64\release\irstructuredswaponecurve.ipdb
c:\users\ciiad\desktop\고니\irstructuredswaponecurve\irstructuredswaponecurve\x64\release\irstructuredswaponecurve.iobj
c:\users\ciiad\desktop\고니\irstructuredswaponecurve\irstructuredswaponecurve\x64\release\vc142.pdb
c:\users\ciiad\desktop\고니\irstructuredswaponecurve\x64\release\irstructuredswaponecurve.pdb
c:\users\ciiad\desktop\고니\irstructuredswaponecurve\x64\release\irstructuredswaponecurve.dll
c:\users\ciiad\desktop\고니\irstructuredswaponecurve\irstructuredswaponecurve\x64\release\irstruct.dcf39f14.tlog\cl.command.1.tlog
c:\users\ciiad\desktop\고니\irstructuredswaponecurve\irstructuredswaponecurve\x64\release\irstruct.dcf39f14.tlog\cl.read.1.tlog
c:\users\ciiad\desktop\고니\irstructuredswaponecurve\irstructuredswaponecurve\x64\release\irstruct.dcf39f14.tlog\cl.write.1.tlog
c:\users\ciiad\desktop\고니\irstructuredswaponecurve\irstructuredswaponecurve\x64\release\irstruct.dcf39f14.tlog\irstructuredswaponecurve.write.1u.tlog
c:\users\ciiad\desktop\고니\irstructuredswaponecurve\irstructuredswaponecurve\x64\release\irstruct.dcf39f14.tlog\link.command.1.tlog
c:\users\ciiad\desktop\고니\irstructuredswaponecurve\irstructuredswaponecurve\x64\release\irstruct.dcf39f14.tlog\link.read.1.tlog
c:\users\ciiad\desktop\고니\irstructuredswaponecurve\irstructuredswaponecurve\x64\release\irstruct.dcf39f14.tlog\link.write.1.tlog
