  IRStructuedSwapOneCurve.cpp
C:\Users\ciiad\github5\IRStructuedSwapOneCurve\IRStructuedSwapOneCurve\Util.h(16,1): warning C4067: 전처리기 지시문 다음에 예기치 않은 토큰이 있습니다. 줄 바꿈 문자가 필요합니다.
C:\Users\ciiad\github5\IRStructuedSwapOneCurve\IRStructuedSwapOneCurve\CalcDate.h(9,1): warning C4067: 전처리기 지시문 다음에 예기치 않은 토큰이 있습니다. 줄 바꿈 문자가 필요합니다.
C:\Users\ciiad\github5\IRStructuedSwapOneCurve\IRStructuedSwapOneCurve\CalcDate.h(815,32): warning C4101: 'k2' :참조되지 않은 지역 변수입니다.
C:\Users\ciiad\github5\IRStructuedSwapOneCurve\IRStructuedSwapOneCurve\CalcDate.h(815,28): warning C4101: 'k1' :참조되지 않은 지역 변수입니다.
C:\Users\ciiad\github5\IRStructuedSwapOneCurve\IRStructuedSwapOneCurve\CalcDate.h(1302,14): warning C4101: 'TempDate' :참조되지 않은 지역 변수입니다.
C:\Users\ciiad\github5\IRStructuedSwapOneCurve\IRStructuedSwapOneCurve\CalcDate.h(1342,14): warning C4101: 'TempDate' :참조되지 않은 지역 변수입니다.
C:\Users\ciiad\github5\IRStructuedSwapOneCurve\IRStructuedSwapOneCurve\CalcDate.h(1532,10): warning C4101: 'i' :참조되지 않은 지역 변수입니다.
C:\Users\ciiad\github5\IRStructuedSwapOneCurve\IRStructuedSwapOneCurve\CalcDate.h(1934,10): warning C4101: 'i' :참조되지 않은 지역 변수입니다.
C:\Users\ciiad\github5\IRStructuedSwapOneCurve\IRStructuedSwapOneCurve\CalcDate.h(2067,14): warning C4101: 'k' :참조되지 않은 지역 변수입니다.
C:\Users\ciiad\github5\IRStructuedSwapOneCurve\IRStructuedSwapOneCurve\CalcDate.h(2066,14): warning C4101: 'i' :참조되지 않은 지역 변수입니다.
C:\Users\ciiad\github5\IRStructuedSwapOneCurve\IRStructuedSwapOneCurve\CalcDate.h(2106,10): warning C4101: 'k' :참조되지 않은 지역 변수입니다.
C:\Users\ciiad\github5\IRStructuedSwapOneCurve\IRStructuedSwapOneCurve\CalcDate.h(2172,10): warning C4101: 'k' :참조되지 않은 지역 변수입니다.
C:\Users\ciiad\github5\IRStructuedSwapOneCurve\IRStructuedSwapOneCurve\CalcDate.h(2244,10): warning C4101: 'LastBusiDay' :참조되지 않은 지역 변수입니다.
C:\Users\ciiad\github5\IRStructuedSwapOneCurve\IRStructuedSwapOneCurve\CalcDate.h(2447,14): warning C4101: 'TempDateExcelType' :참조되지 않은 지역 변수입니다.
C:\Users\ciiad\github5\IRStructuedSwapOneCurve\IRStructuedSwapOneCurve\CalcDate.h(2615,10): warning C4101: 'TempYYYYMMDD' :참조되지 않은 지역 변수입니다.
C:\Users\ciiad\github5\IRStructuedSwapOneCurve\IRStructuedSwapOneCurve\HW_Calibration.h(10,1): warning C4067: 전처리기 지시문 다음에 예기치 않은 토큰이 있습니다. 줄 바꿈 문자가 필요합니다.
C:\Users\ciiad\github5\IRStructuedSwapOneCurve\IRStructuedSwapOneCurve\HW_Calibration.h(2844,10): warning C4101: 'j' :참조되지 않은 지역 변수입니다.
C:\Users\ciiad\github5\IRStructuedSwapOneCurve\IRStructuedSwapOneCurve\HW_Calibration.h(2978,10): warning C4101: 'j' :참조되지 않은 지역 변수입니다.
C:\Users\ciiad\github5\IRStructuedSwapOneCurve\IRStructuedSwapOneCurve\HW_Calibration.h(3370,13): warning C4101: 'HWVol2' :참조되지 않은 지역 변수입니다.
C:\Users\ciiad\github5\IRStructuedSwapOneCurve\IRStructuedSwapOneCurve\HW_Calibration.h(3368,12): warning C4101: 'kappa2' :참조되지 않은 지역 변수입니다.
C:\Users\ciiad\github5\IRStructuedSwapOneCurve\IRStructuedSwapOneCurve\HW_Calibration.h(3369,13): warning C4101: 'HWVol' :참조되지 않은 지역 변수입니다.
C:\Users\ciiad\github5\IRStructuedSwapOneCurve\IRStructuedSwapOneCurve\HW_Calibration.h(3366,13): warning C4101: 'n' :참조되지 않은 지역 변수입니다.
C:\Users\ciiad\github5\IRStructuedSwapOneCurve\IRStructuedSwapOneCurve\HW_Calibration.h(3367,12): warning C4101: 'kappa' :참조되지 않은 지역 변수입니다.
C:\Users\ciiad\github5\IRStructuedSwapOneCurve\IRStructuedSwapOneCurve\HW_Calibration.h(3803,13): warning C4101: 'j' :참조되지 않은 지역 변수입니다.
C:\Users\ciiad\github5\IRStructuedSwapOneCurve\IRStructuedSwapOneCurve\HW_Calibration.h(3932,13): warning C4101: 'HWVol' :참조되지 않은 지역 변수입니다.
C:\Users\ciiad\github5\IRStructuedSwapOneCurve\IRStructuedSwapOneCurve\HW_Calibration.h(3926,10): warning C4101: 'i' :참조되지 않은 지역 변수입니다.
C:\Users\ciiad\github5\IRStructuedSwapOneCurve\IRStructuedSwapOneCurve\HW_Calibration.h(4341,10): warning C4101: 'i' :참조되지 않은 지역 변수입니다.
C:\Users\ciiad\github5\IRStructuedSwapOneCurve\IRStructuedSwapOneCurve\HW_Calibration.h(4412,10): warning C4101: 'i' :참조되지 않은 지역 변수입니다.
C:\Users\ciiad\github5\IRStructuedSwapOneCurve\IRStructuedSwapOneCurve\HW_Calibration.h(5324,12): warning C4101: 'fm' :참조되지 않은 지역 변수입니다.
C:\Users\ciiad\github5\IRStructuedSwapOneCurve\IRStructuedSwapOneCurve\IRStructuedSwapOneCurve.cpp(62,15): warning C4244: '초기화 중': 'double'에서 'long'(으)로 변환하면서 데이터가 손실될 수 있습니다.
C:\Users\ciiad\github5\IRStructuedSwapOneCurve\IRStructuedSwapOneCurve\IRStructuedSwapOneCurve.cpp(105,14): warning C4244: '초기화 중': 'double'에서 'long'(으)로 변환하면서 데이터가 손실될 수 있습니다.
C:\Users\ciiad\github5\IRStructuedSwapOneCurve\IRStructuedSwapOneCurve\IRStructuedSwapOneCurve.cpp(101,9): warning C4101: 'Bst' :참조되지 않은 지역 변수입니다.
C:\Users\ciiad\github5\IRStructuedSwapOneCurve\IRStructuedSwapOneCurve\IRStructuedSwapOneCurve.cpp(103,12): warning C4101: 'ds' :참조되지 않은 지역 변수입니다.
C:\Users\ciiad\github5\IRStructuedSwapOneCurve\IRStructuedSwapOneCurve\IRStructuedSwapOneCurve.cpp(103,9): warning C4101: 's' :참조되지 않은 지역 변수입니다.
C:\Users\ciiad\github5\IRStructuedSwapOneCurve\IRStructuedSwapOneCurve\IRStructuedSwapOneCurve.cpp(100,7): warning C4101: 'i' :참조되지 않은 지역 변수입니다.
C:\Users\ciiad\github5\IRStructuedSwapOneCurve\IRStructuedSwapOneCurve\IRStructuedSwapOneCurve.cpp(101,14): warning C4101: 'BsT' :참조되지 않은 지역 변수입니다.
C:\Users\ciiad\github5\IRStructuedSwapOneCurve\IRStructuedSwapOneCurve\IRStructuedSwapOneCurve.cpp(148,9): warning C4101: 'A' :참조되지 않은 지역 변수입니다.
C:\Users\ciiad\github5\IRStructuedSwapOneCurve\IRStructuedSwapOneCurve\IRStructuedSwapOneCurve.cpp(179,7): warning C4101: 'imax' :참조되지 않은 지역 변수입니다.
C:\Users\ciiad\github5\IRStructuedSwapOneCurve\IRStructuedSwapOneCurve\IRStructuedSwapOneCurve.cpp(401,47): warning C4552: '-': 식의 결과가 사용되지 않습니다.
C:\Users\ciiad\github5\IRStructuedSwapOneCurve\IRStructuedSwapOneCurve\IRStructuedSwapOneCurve.cpp(576,60): warning C4244: '인수': 'double'에서 'long'(으)로 변환하면서 데이터가 손실될 수 있습니다.
C:\Users\ciiad\github5\IRStructuedSwapOneCurve\IRStructuedSwapOneCurve\IRStructuedSwapOneCurve.cpp(621,65): warning C4244: '인수': 'double'에서 'long'(으)로 변환하면서 데이터가 손실될 수 있습니다.
C:\Users\ciiad\github5\IRStructuedSwapOneCurve\IRStructuedSwapOneCurve\IRStructuedSwapOneCurve.cpp(631,64): warning C4244: '인수': 'double'에서 'long'(으)로 변환하면서 데이터가 손실될 수 있습니다.
C:\Users\ciiad\github5\IRStructuedSwapOneCurve\IRStructuedSwapOneCurve\IRStructuedSwapOneCurve.cpp(641,60): warning C4244: '인수': 'double'에서 'long'(으)로 변환하면서 데이터가 손실될 수 있습니다.
C:\Users\ciiad\github5\IRStructuedSwapOneCurve\IRStructuedSwapOneCurve\IRStructuedSwapOneCurve.cpp(642,61): warning C4244: '인수': 'double'에서 'long'(으)로 변환하면서 데이터가 손실될 수 있습니다.
C:\Users\ciiad\github5\IRStructuedSwapOneCurve\IRStructuedSwapOneCurve\IRStructuedSwapOneCurve.cpp(704,65): warning C4244: '인수': 'double'에서 'long'(으)로 변환하면서 데이터가 손실될 수 있습니다.
C:\Users\ciiad\github5\IRStructuedSwapOneCurve\IRStructuedSwapOneCurve\IRStructuedSwapOneCurve.cpp(706,67): warning C4244: '인수': 'double'에서 'long'(으)로 변환하면서 데이터가 손실될 수 있습니다.
C:\Users\ciiad\github5\IRStructuedSwapOneCurve\IRStructuedSwapOneCurve\IRStructuedSwapOneCurve.cpp(716,64): warning C4244: '인수': 'double'에서 'long'(으)로 변환하면서 데이터가 손실될 수 있습니다.
C:\Users\ciiad\github5\IRStructuedSwapOneCurve\IRStructuedSwapOneCurve\IRStructuedSwapOneCurve.cpp(718,66): warning C4244: '인수': 'double'에서 'long'(으)로 변환하면서 데이터가 손실될 수 있습니다.
C:\Users\ciiad\github5\IRStructuedSwapOneCurve\IRStructuedSwapOneCurve\IRStructuedSwapOneCurve.cpp(743,60): warning C4244: '인수': 'double'에서 'long'(으)로 변환하면서 데이터가 손실될 수 있습니다.
C:\Users\ciiad\github5\IRStructuedSwapOneCurve\IRStructuedSwapOneCurve\IRStructuedSwapOneCurve.cpp(788,65): warning C4244: '인수': 'double'에서 'long'(으)로 변환하면서 데이터가 손실될 수 있습니다.
C:\Users\ciiad\github5\IRStructuedSwapOneCurve\IRStructuedSwapOneCurve\IRStructuedSwapOneCurve.cpp(798,64): warning C4244: '인수': 'double'에서 'long'(으)로 변환하면서 데이터가 손실될 수 있습니다.
C:\Users\ciiad\github5\IRStructuedSwapOneCurve\IRStructuedSwapOneCurve\IRStructuedSwapOneCurve.cpp(808,60): warning C4244: '인수': 'double'에서 'long'(으)로 변환하면서 데이터가 손실될 수 있습니다.
C:\Users\ciiad\github5\IRStructuedSwapOneCurve\IRStructuedSwapOneCurve\IRStructuedSwapOneCurve.cpp(809,61): warning C4244: '인수': 'double'에서 'long'(으)로 변환하면서 데이터가 손실될 수 있습니다.
C:\Users\ciiad\github5\IRStructuedSwapOneCurve\IRStructuedSwapOneCurve\IRStructuedSwapOneCurve.cpp(871,65): warning C4244: '인수': 'double'에서 'long'(으)로 변환하면서 데이터가 손실될 수 있습니다.
C:\Users\ciiad\github5\IRStructuedSwapOneCurve\IRStructuedSwapOneCurve\IRStructuedSwapOneCurve.cpp(873,67): warning C4244: '인수': 'double'에서 'long'(으)로 변환하면서 데이터가 손실될 수 있습니다.
C:\Users\ciiad\github5\IRStructuedSwapOneCurve\IRStructuedSwapOneCurve\IRStructuedSwapOneCurve.cpp(883,64): warning C4244: '인수': 'double'에서 'long'(으)로 변환하면서 데이터가 손실될 수 있습니다.
C:\Users\ciiad\github5\IRStructuedSwapOneCurve\IRStructuedSwapOneCurve\IRStructuedSwapOneCurve.cpp(885,66): warning C4244: '인수': 'double'에서 'long'(으)로 변환하면서 데이터가 손실될 수 있습니다.
C:\Users\ciiad\github5\IRStructuedSwapOneCurve\IRStructuedSwapOneCurve\IRStructuedSwapOneCurve.cpp(478,26): warning C4101: 'y_p' :참조되지 않은 지역 변수입니다.
C:\Users\ciiad\github5\IRStructuedSwapOneCurve\IRStructuedSwapOneCurve\IRStructuedSwapOneCurve.cpp(478,21): warning C4101: 'x_p' :참조되지 않은 지역 변수입니다.
C:\Users\ciiad\github5\IRStructuedSwapOneCurve\IRStructuedSwapOneCurve\IRStructuedSwapOneCurve.cpp(310,13): warning C4101: 'k' :참조되지 않은 지역 변수입니다.
C:\Users\ciiad\github5\IRStructuedSwapOneCurve\IRStructuedSwapOneCurve\IRStructuedSwapOneCurve.cpp(1176,19): warning C4838: 'double'에서 'long'(으)로의 변환에는 축소 변환이 필요합니다.
C:\Users\ciiad\github5\IRStructuedSwapOneCurve\IRStructuedSwapOneCurve\IRStructuedSwapOneCurve.cpp(1176,19): warning C4244: '초기화 중': 'double'에서 'long'(으)로 변환하면서 데이터가 손실될 수 있습니다.
C:\Users\ciiad\github5\IRStructuedSwapOneCurve\IRStructuedSwapOneCurve\IRStructuedSwapOneCurve.cpp(1121,10): warning C4101: 'j' :참조되지 않은 지역 변수입니다.
C:\Users\ciiad\github5\IRStructuedSwapOneCurve\IRStructuedSwapOneCurve\IRStructuedSwapOneCurve.cpp(1121,7): warning C4101: 'i' :참조되지 않은 지역 변수입니다.
C:\Users\ciiad\github5\IRStructuedSwapOneCurve\IRStructuedSwapOneCurve\IRStructuedSwapOneCurve.cpp(1121,13): warning C4101: 'n' :참조되지 않은 지역 변수입니다.
C:\Users\ciiad\github5\IRStructuedSwapOneCurve\IRStructuedSwapOneCurve\HW_Calibration.h(4768): warning C4715: 'HWCapHWSwaption_2FCalibration': 모든 제어 경로에서 값을 반환하지는 않습니다.
  IRStructuedSwapOneCurve.vcxproj -> C:\Users\ciiad\github5\IRStructuedSwapOneCurve\Debug\IRStructuedSwapOneCurve.exe
