  SABR.cpp
C:\Users\ciiad\github5\SABR\SABR\Util.h(16,1): warning C4067: 전처리기 지시문 다음에 예기치 않은 토큰이 있습니다. 줄 바꿈 문자가 필요합니다.
C:\Users\ciiad\github5\SABR\SABR\Util.h(1210,14): warning C4101: 'DF2' :참조되지 않은 지역 변수입니다.
C:\Users\ciiad\github5\SABR\SABR\Util.h(1210,9): warning C4101: 'DF1' :참조되지 않은 지역 변수입니다.
C:\Users\ciiad\github5\SABR\SABR\Util.h(1702,9): warning C4101: 'a' :참조되지 않은 지역 변수입니다.
C:\Users\ciiad\github5\SABR\SABR\Util.h(1702,12): warning C4101: 'b' :참조되지 않은 지역 변수입니다.
C:\Users\ciiad\github5\SABR\SABR\Util.h(1698,7): warning C4101: 'idx_row' :참조되지 않은 지역 변수입니다.
C:\Users\ciiad\github5\SABR\SABR\Util.h(1699,7): warning C4101: 'idx_col' :참조되지 않은 지역 변수입니다.
C:\Users\ciiad\github5\SABR\SABR\Util.h(1732,9): warning C4101: 'a' :참조되지 않은 지역 변수입니다.
C:\Users\ciiad\github5\SABR\SABR\Util.h(1732,12): warning C4101: 'b' :참조되지 않은 지역 변수입니다.
C:\Users\ciiad\github5\SABR\SABR\Util.h(1728,7): warning C4101: 'idx_row' :참조되지 않은 지역 변수입니다.
C:\Users\ciiad\github5\SABR\SABR\Util.h(1729,7): warning C4101: 'idx_col' :참조되지 않은 지역 변수입니다.
C:\Users\ciiad\github5\SABR\SABR\Util.h(1747,13): warning C4101: 'k' :참조되지 않은 지역 변수입니다.
C:\Users\ciiad\github5\SABR\SABR\Util.h(2868,86): warning C4552: '+': 식의 결과가 사용되지 않습니다.
C:\Users\ciiad\github5\SABR\SABR\Util.h(2951,86): warning C4552: '+': 식의 결과가 사용되지 않습니다.
C:\Users\ciiad\github5\SABR\SABR\Util.h(3239,13): warning C4101: 'k' :참조되지 않은 지역 변수입니다.
C:\Users\ciiad\github5\SABR\SABR\SABR.cpp(13,7): warning C4101: 'i' :참조되지 않은 지역 변수입니다.
C:\Users\ciiad\github5\SABR\SABR\SABR.cpp(299,7): warning C4101: 'j' :참조되지 않은 지역 변수입니다.
C:\Users\ciiad\github5\SABR\SABR\SABR.cpp(481,10): warning C4101: 'j' :참조되지 않은 지역 변수입니다.
C:\Users\ciiad\github5\SABR\SABR\SABR.cpp(481,7): warning C4101: 'i' :참조되지 않은 지역 변수입니다.
     C:\Users\ciiad\github5\SABR\x64\Debug\SABR.lib 라이브러리 및 C:\Users\ciiad\github5\SABR\x64\Debug\SABR.exp 개체를 생성하고 있습니다.
  SABR.vcxproj -> C:\Users\ciiad\github5\SABR\x64\Debug\SABR.dll
