  CreditDerivatives.cpp
C:\Users\ciiad\github5\CreditDerivatives\CreditDerivatives\CalcDate.h(9,1): warning C4067: 전처리기 지시문 다음에 예기치 않은 토큰이 있습니다. 줄 바꿈 문자가 필요합니다.
C:\Users\ciiad\github5\CreditDerivatives\CreditDerivatives\CalcDate.h(815,32): warning C4101: 'k2' :참조되지 않은 지역 변수입니다.
C:\Users\ciiad\github5\CreditDerivatives\CreditDerivatives\CalcDate.h(815,28): warning C4101: 'k1' :참조되지 않은 지역 변수입니다.
C:\Users\ciiad\github5\CreditDerivatives\CreditDerivatives\CalcDate.h(1302,14): warning C4101: 'TempDate' :참조되지 않은 지역 변수입니다.
C:\Users\ciiad\github5\CreditDerivatives\CreditDerivatives\CalcDate.h(1342,14): warning C4101: 'TempDate' :참조되지 않은 지역 변수입니다.
C:\Users\ciiad\github5\CreditDerivatives\CreditDerivatives\CalcDate.h(1532,10): warning C4101: 'i' :참조되지 않은 지역 변수입니다.
C:\Users\ciiad\github5\CreditDerivatives\CreditDerivatives\CalcDate.h(1934,10): warning C4101: 'i' :참조되지 않은 지역 변수입니다.
C:\Users\ciiad\github5\CreditDerivatives\CreditDerivatives\CalcDate.h(2067,14): warning C4101: 'k' :참조되지 않은 지역 변수입니다.
C:\Users\ciiad\github5\CreditDerivatives\CreditDerivatives\CalcDate.h(2066,14): warning C4101: 'i' :참조되지 않은 지역 변수입니다.
C:\Users\ciiad\github5\CreditDerivatives\CreditDerivatives\CalcDate.h(2106,10): warning C4101: 'k' :참조되지 않은 지역 변수입니다.
C:\Users\ciiad\github5\CreditDerivatives\CreditDerivatives\CalcDate.h(2172,10): warning C4101: 'k' :참조되지 않은 지역 변수입니다.
C:\Users\ciiad\github5\CreditDerivatives\CreditDerivatives\CalcDate.h(2244,10): warning C4101: 'LastBusiDay' :참조되지 않은 지역 변수입니다.
C:\Users\ciiad\github5\CreditDerivatives\CreditDerivatives\CalcDate.h(2447,14): warning C4101: 'TempDateExcelType' :참조되지 않은 지역 변수입니다.
C:\Users\ciiad\github5\CreditDerivatives\CreditDerivatives\CalcDate.h(2615,10): warning C4101: 'TempYYYYMMDD' :참조되지 않은 지역 변수입니다.
C:\Users\ciiad\github5\CreditDerivatives\CreditDerivatives\Util.h(16,1): warning C4067: 전처리기 지시문 다음에 예기치 않은 토큰이 있습니다. 줄 바꿈 문자가 필요합니다.
C:\Users\ciiad\github5\CreditDerivatives\CreditDerivatives\CreditDerivatives.cpp(91,7): warning C4101: 'imax' :참조되지 않은 지역 변수입니다.
C:\Users\ciiad\github5\CreditDerivatives\CreditDerivatives\CreditDerivatives.cpp(857,8): warning C4101: 'idx' :참조되지 않은 지역 변수입니다.
     C:\Users\ciiad\github5\CreditDerivatives\Debug\CreditDerivatives.lib 라이브러리 및 C:\Users\ciiad\github5\CreditDerivatives\Debug\CreditDerivatives.exp 개체를 생성하고 있습니다.
  CreditDerivatives.vcxproj -> C:\Users\ciiad\github5\CreditDerivatives\Debug\CreditDerivatives.dll
