  IRChangeStructuredSwap.cpp
C:\Users\ciiad\github5\IRChangeStructuredSwap\IRChangeStructuredSwap\Util.h(16,1): warning C4067: 전처리기 지시문 다음에 예기치 않은 토큰이 있습니다. 줄 바꿈 문자가 필요합니다.
C:\Users\ciiad\github5\IRChangeStructuredSwap\IRChangeStructuredSwap\Util.h(1209,14): warning C4101: 'DF2' :참조되지 않은 지역 변수입니다.
C:\Users\ciiad\github5\IRChangeStructuredSwap\IRChangeStructuredSwap\Util.h(1209,9): warning C4101: 'DF1' :참조되지 않은 지역 변수입니다.
C:\Users\ciiad\github5\IRChangeStructuredSwap\IRChangeStructuredSwap\Util.h(1701,9): warning C4101: 'a' :참조되지 않은 지역 변수입니다.
C:\Users\ciiad\github5\IRChangeStructuredSwap\IRChangeStructuredSwap\Util.h(1701,12): warning C4101: 'b' :참조되지 않은 지역 변수입니다.
C:\Users\ciiad\github5\IRChangeStructuredSwap\IRChangeStructuredSwap\Util.h(1697,7): warning C4101: 'idx_row' :참조되지 않은 지역 변수입니다.
C:\Users\ciiad\github5\IRChangeStructuredSwap\IRChangeStructuredSwap\Util.h(1698,7): warning C4101: 'idx_col' :참조되지 않은 지역 변수입니다.
C:\Users\ciiad\github5\IRChangeStructuredSwap\IRChangeStructuredSwap\Util.h(1731,9): warning C4101: 'a' :참조되지 않은 지역 변수입니다.
C:\Users\ciiad\github5\IRChangeStructuredSwap\IRChangeStructuredSwap\Util.h(1731,12): warning C4101: 'b' :참조되지 않은 지역 변수입니다.
C:\Users\ciiad\github5\IRChangeStructuredSwap\IRChangeStructuredSwap\Util.h(1727,7): warning C4101: 'idx_row' :참조되지 않은 지역 변수입니다.
C:\Users\ciiad\github5\IRChangeStructuredSwap\IRChangeStructuredSwap\Util.h(1728,7): warning C4101: 'idx_col' :참조되지 않은 지역 변수입니다.
C:\Users\ciiad\github5\IRChangeStructuredSwap\IRChangeStructuredSwap\Util.h(1746,13): warning C4101: 'k' :참조되지 않은 지역 변수입니다.
C:\Users\ciiad\github5\IRChangeStructuredSwap\IRChangeStructuredSwap\Util.h(2867,86): warning C4552: '+': 식의 결과가 사용되지 않습니다.
C:\Users\ciiad\github5\IRChangeStructuredSwap\IRChangeStructuredSwap\Util.h(2950,86): warning C4552: '+': 식의 결과가 사용되지 않습니다.
C:\Users\ciiad\github5\IRChangeStructuredSwap\IRChangeStructuredSwap\Util.h(3238,13): warning C4101: 'k' :참조되지 않은 지역 변수입니다.
C:\Users\ciiad\github5\IRChangeStructuredSwap\IRChangeStructuredSwap\HW_Calibration.h(10,1): warning C4067: 전처리기 지시문 다음에 예기치 않은 토큰이 있습니다. 줄 바꿈 문자가 필요합니다.
C:\Users\ciiad\github5\IRChangeStructuredSwap\IRChangeStructuredSwap\HW_Calibration.h(2550,10): warning C4101: 'j' :참조되지 않은 지역 변수입니다.
C:\Users\ciiad\github5\IRChangeStructuredSwap\IRChangeStructuredSwap\HW_Calibration.h(2700,10): warning C4101: 'j' :참조되지 않은 지역 변수입니다.
C:\Users\ciiad\github5\IRChangeStructuredSwap\IRChangeStructuredSwap\HW_Calibration.h(2833,10): warning C4101: 'j' :참조되지 않은 지역 변수입니다.
C:\Users\ciiad\github5\IRChangeStructuredSwap\IRChangeStructuredSwap\HW_Calibration.h(3242,10): warning C4101: 'i' :참조되지 않은 지역 변수입니다.
C:\Users\ciiad\github5\IRChangeStructuredSwap\IRChangeStructuredSwap\HW_Calibration.h(3313,10): warning C4101: 'i' :참조되지 않은 지역 변수입니다.
C:\Users\ciiad\github5\IRChangeStructuredSwap\IRChangeStructuredSwap\HW_Calibration.h(4340,12): warning C4101: 'fm' :참조되지 않은 지역 변수입니다.
C:\Users\ciiad\github5\IRChangeStructuredSwap\IRChangeStructuredSwap\ErrorCheck.h(91,10): warning C4101: 'j' :참조되지 않은 지역 변수입니다.
C:\Users\ciiad\github5\IRChangeStructuredSwap\IRChangeStructuredSwap\CalcDate.h(4,1): warning C4067: 전처리기 지시문 다음에 예기치 않은 토큰이 있습니다. 줄 바꿈 문자가 필요합니다.
C:\Users\ciiad\github5\IRChangeStructuredSwap\IRChangeStructuredSwap\IRChangeStructuredSwap.cpp(1730,12): warning C4101: 'A' :참조되지 않은 지역 변수입니다.
C:\Users\ciiad\github5\IRChangeStructuredSwap\IRChangeStructuredSwap\IRChangeStructuredSwap.cpp(1814,12): warning C4101: 's' :참조되지 않은 지역 변수입니다.
C:\Users\ciiad\github5\IRChangeStructuredSwap\IRChangeStructuredSwap\IRChangeStructuredSwap.cpp(2003,28): warning C4101: 'idx3' :참조되지 않은 지역 변수입니다.
C:\Users\ciiad\github5\IRChangeStructuredSwap\IRChangeStructuredSwap\IRChangeStructuredSwap.cpp(2129,12): warning C4101: 'xt_interp2f' :참조되지 않은 지역 변수입니다.
C:\Users\ciiad\github5\IRChangeStructuredSwap\IRChangeStructuredSwap\IRChangeStructuredSwap.cpp(2003,34): warning C4101: 'idx4' :참조되지 않은 지역 변수입니다.
C:\Users\ciiad\github5\IRChangeStructuredSwap\IRChangeStructuredSwap\IRChangeStructuredSwap.cpp(2731,12): warning C4101: 'MaxLegValue' :참조되지 않은 지역 변수입니다.
C:\Users\ciiad\github5\IRChangeStructuredSwap\IRChangeStructuredSwap\IRChangeStructuredSwap.cpp(2076,10): warning C4101: 'idxstart' :참조되지 않은 지역 변수입니다.
C:\Users\ciiad\github5\IRChangeStructuredSwap\IRChangeStructuredSwap\IRChangeStructuredSwap.cpp(2008,10): warning C4101: 'ndates' :참조되지 않은 지역 변수입니다.
C:\Users\ciiad\github5\IRChangeStructuredSwap\IRChangeStructuredSwap\IRChangeStructuredSwap.cpp(2003,10): warning C4101: 'idx0' :참조되지 않은 지역 변수입니다.
C:\Users\ciiad\github5\IRChangeStructuredSwap\IRChangeStructuredSwap\IRChangeStructuredSwap.cpp(2027,12): warning C4101: 'kappa' :참조되지 않은 지역 변수입니다.
C:\Users\ciiad\github5\IRChangeStructuredSwap\IRChangeStructuredSwap\IRChangeStructuredSwap.cpp(2992,16): warning C4101: 'T_PowerSpread' :참조되지 않은 지역 변수입니다.
C:\Users\ciiad\github5\IRChangeStructuredSwap\IRChangeStructuredSwap\HW_Calibration.h(3667): warning C4715: 'HWCapHWSwaption_2FCalibration': 모든 제어 경로에서 값을 반환하지는 않습니다.
     C:\Users\ciiad\github5\IRChangeStructuredSwap\Debug\IRChangeStructuredSwap.lib 라이브러리 및 C:\Users\ciiad\github5\IRChangeStructuredSwap\Debug\IRChangeStructuredSwap.exp 개체를 생성하고 있습니다.
  IRChangeStructuredSwap.vcxproj -> C:\Users\ciiad\github5\IRChangeStructuredSwap\Debug\IRChangeStructuredSwap.dll
