  Option.cpp
C:\Users\ciiad\github5\OptionPricer\Option\CalcDate.h(4,1): warning C4067: 전처리기 지시문 다음에 예기치 않은 토큰이 있습니다. 줄 바꿈 문자가 필요합니다.
C:\Users\ciiad\github5\OptionPricer\Option\Util.h(16,1): warning C4067: 전처리기 지시문 다음에 예기치 않은 토큰이 있습니다. 줄 바꿈 문자가 필요합니다.
C:\Users\ciiad\github5\OptionPricer\Option\Util.h(1213,14): warning C4101: 'DF2' :참조되지 않은 지역 변수입니다.
C:\Users\ciiad\github5\OptionPricer\Option\Util.h(1213,9): warning C4101: 'DF1' :참조되지 않은 지역 변수입니다.
C:\Users\ciiad\github5\OptionPricer\Option\Util.h(1705,9): warning C4101: 'a' :참조되지 않은 지역 변수입니다.
C:\Users\ciiad\github5\OptionPricer\Option\Util.h(1705,12): warning C4101: 'b' :참조되지 않은 지역 변수입니다.
C:\Users\ciiad\github5\OptionPricer\Option\Util.h(1701,7): warning C4101: 'idx_row' :참조되지 않은 지역 변수입니다.
C:\Users\ciiad\github5\OptionPricer\Option\Util.h(1702,7): warning C4101: 'idx_col' :참조되지 않은 지역 변수입니다.
C:\Users\ciiad\github5\OptionPricer\Option\Util.h(1735,9): warning C4101: 'a' :참조되지 않은 지역 변수입니다.
C:\Users\ciiad\github5\OptionPricer\Option\Util.h(1735,12): warning C4101: 'b' :참조되지 않은 지역 변수입니다.
C:\Users\ciiad\github5\OptionPricer\Option\Util.h(1731,7): warning C4101: 'idx_row' :참조되지 않은 지역 변수입니다.
C:\Users\ciiad\github5\OptionPricer\Option\Util.h(1732,7): warning C4101: 'idx_col' :참조되지 않은 지역 변수입니다.
C:\Users\ciiad\github5\OptionPricer\Option\Util.h(1750,13): warning C4101: 'k' :참조되지 않은 지역 변수입니다.
C:\Users\ciiad\github5\OptionPricer\Option\Util.h(2909,86): warning C4552: '+': 식의 결과가 사용되지 않습니다.
C:\Users\ciiad\github5\OptionPricer\Option\Util.h(2993,86): warning C4552: '+': 식의 결과가 사용되지 않습니다.
C:\Users\ciiad\github5\OptionPricer\Option\Util.h(3287,13): warning C4101: 'k' :참조되지 않은 지역 변수입니다.
C:\Users\ciiad\github5\OptionPricer\Option\Util.h(4103,8): warning C4244: '=': 'double'에서 'float'(으)로 변환하면서 데이터가 손실될 수 있습니다.
C:\Users\ciiad\github5\OptionPricer\Option\Util.h(4104,19): warning C4244: '=': 'double'에서 'float'(으)로 변환하면서 데이터가 손실될 수 있습니다.
C:\Users\ciiad\github5\OptionPricer\Option\Util.h(4107,17): warning C4244: '*=': 'double'에서 'float'(으)로 변환하면서 데이터가 손실될 수 있습니다.
C:\Users\ciiad\github5\OptionPricer\Option\Util.h(4120,7): warning C4101: 'n' :참조되지 않은 지역 변수입니다.
C:\Users\ciiad\github5\OptionPricer\Option\Option.cpp(369,30): warning C4101: 'T_Simul_To_Maturity' :참조되지 않은 지역 변수입니다.
C:\Users\ciiad\github5\OptionPricer\Option\Option.cpp(755,29): warning C4101: 'T2' :참조되지 않은 지역 변수입니다.
C:\Users\ciiad\github5\OptionPricer\Option\Option.cpp(761,14): warning C4101: 'Rf_Quanto' :참조되지 않은 지역 변수입니다.
C:\Users\ciiad\github5\OptionPricer\Option\Option.cpp(752,13): warning C4101: 'k' :참조되지 않은 지역 변수입니다.
C:\Users\ciiad\github5\OptionPricer\Option\Option.cpp(753,7): warning C4101: 'idx' :참조되지 않은 지역 변수입니다.
C:\Users\ciiad\github5\OptionPricer\Option\Option.cpp(761,25): warning C4101: 'r' :참조되지 않은 지역 변수입니다.
C:\Users\ciiad\github5\OptionPricer\Option\Option.cpp(1489,10): warning C4101: 'j' :참조되지 않은 지역 변수입니다.
C:\Users\ciiad\github5\OptionPricer\Option\Option.cpp(1489,7): warning C4101: 'i' :참조되지 않은 지역 변수입니다.
     C:\Users\ciiad\github5\OptionPricer\Debug\Option.lib 라이브러리 및 C:\Users\ciiad\github5\OptionPricer\Debug\Option.exp 개체를 생성하고 있습니다.
  Option.vcxproj -> C:\Users\ciiad\github5\OptionPricer\Debug\Option.dll
