  IRSwap.cpp
C:\Users\ciiad\github5\IRSwap\IRSwap\CalcDate.h(9,1): warning C4067: 전처리기 지시문 다음에 예기치 않은 토큰이 있습니다. 줄 바꿈 문자가 필요합니다.
C:\Users\ciiad\github5\IRSwap\IRSwap\CalcDate.h(730,32): warning C4101: 'k2' :참조되지 않은 지역 변수입니다.
C:\Users\ciiad\github5\IRSwap\IRSwap\CalcDate.h(730,28): warning C4101: 'k1' :참조되지 않은 지역 변수입니다.
C:\Users\ciiad\github5\IRSwap\IRSwap\CalcDate.h(1123,14): warning C4101: 'TempDate' :참조되지 않은 지역 변수입니다.
C:\Users\ciiad\github5\IRSwap\IRSwap\CalcDate.h(1163,14): warning C4101: 'TempDate' :참조되지 않은 지역 변수입니다.
C:\Users\ciiad\github5\IRSwap\IRSwap\CalcDate.h(1402,10): warning C4101: 'i' :참조되지 않은 지역 변수입니다.
C:\Users\ciiad\github5\IRSwap\IRSwap\CalcDate.h(1528,10): warning C4101: 'i' :참조되지 않은 지역 변수입니다.
C:\Users\ciiad\github5\IRSwap\IRSwap\CalcDate.h(1664,10): warning C4101: 'k' :참조되지 않은 지역 변수입니다.
C:\Users\ciiad\github5\IRSwap\IRSwap\Util.h(16,1): warning C4067: 전처리기 지시문 다음에 예기치 않은 토큰이 있습니다. 줄 바꿈 문자가 필요합니다.
C:\Users\ciiad\github5\IRSwap\IRSwap\IRSwap.cpp(9,1): warning C4067: 전처리기 지시문 다음에 예기치 않은 토큰이 있습니다. 줄 바꿈 문자가 필요합니다.
C:\Users\ciiad\github5\IRSwap\IRSwap\IRSwap.cpp(584,10): warning C4101: 'imax' :참조되지 않은 지역 변수입니다.
C:\Users\ciiad\github5\IRSwap\IRSwap\IRSwap.cpp(656,13): warning C4101: 'j' :참조되지 않은 지역 변수입니다.
C:\Users\ciiad\github5\IRSwap\IRSwap\IRSwap.cpp(2197,10): warning C4101: 'k' :참조되지 않은 지역 변수입니다.
C:\Users\ciiad\github5\IRSwap\IRSwap\IRSwap.cpp(3940,16): warning C4101: 'k' :참조되지 않은 지역 변수입니다.
C:\Users\ciiad\github5\IRSwap\IRSwap\IRSwap.cpp(3946,10): warning C4101: 'NotionalPayDate' :참조되지 않은 지역 변수입니다.
C:\Users\ciiad\github5\IRSwap\IRSwap\IRSwap.cpp(3940,13): warning C4101: 'j' :참조되지 않은 지역 변수입니다.
C:\Users\ciiad\github5\IRSwap\IRSwap\IRSwap.cpp(3940,19): warning C4101: 'n' :참조되지 않은 지역 변수입니다.
     C:\Users\ciiad\github5\IRSwap\Debug\IRSwap.lib 라이브러리 및 C:\Users\ciiad\github5\IRSwap\Debug\IRSwap.exp 개체를 생성하고 있습니다.
  IRSwap.vcxproj -> C:\Users\ciiad\github5\IRSwap\Debug\IRSwap.dll
