  IRPhaseStructuredSwap.cpp
C:\Users\ciiad\github5\IRPhaseStructuredSwap\IRPhaseStructuredSwap\Util.h(16,1): warning C4067: 전처리기 지시문 다음에 예기치 않은 토큰이 있습니다. 줄 바꿈 문자가 필요합니다.
C:\Users\ciiad\github5\IRPhaseStructuredSwap\IRPhaseStructuredSwap\CalcDate.h(9,1): warning C4067: 전처리기 지시문 다음에 예기치 않은 토큰이 있습니다. 줄 바꿈 문자가 필요합니다.
C:\Users\ciiad\github5\IRPhaseStructuredSwap\IRPhaseStructuredSwap\CalcDate.h(730,32): warning C4101: 'k2' :참조되지 않은 지역 변수입니다.
C:\Users\ciiad\github5\IRPhaseStructuredSwap\IRPhaseStructuredSwap\CalcDate.h(730,28): warning C4101: 'k1' :참조되지 않은 지역 변수입니다.
C:\Users\ciiad\github5\IRPhaseStructuredSwap\IRPhaseStructuredSwap\CalcDate.h(1123,14): warning C4101: 'TempDate' :참조되지 않은 지역 변수입니다.
C:\Users\ciiad\github5\IRPhaseStructuredSwap\IRPhaseStructuredSwap\CalcDate.h(1163,14): warning C4101: 'TempDate' :참조되지 않은 지역 변수입니다.
C:\Users\ciiad\github5\IRPhaseStructuredSwap\IRPhaseStructuredSwap\CalcDate.h(1354,10): warning C4101: 'i' :참조되지 않은 지역 변수입니다.
C:\Users\ciiad\github5\IRPhaseStructuredSwap\IRPhaseStructuredSwap\HW_Calibration.h(10,1): warning C4067: 전처리기 지시문 다음에 예기치 않은 토큰이 있습니다. 줄 바꿈 문자가 필요합니다.
C:\Users\ciiad\github5\IRPhaseStructuredSwap\IRPhaseStructuredSwap\HW_Calibration.h(2723,10): warning C4101: 'j' :참조되지 않은 지역 변수입니다.
C:\Users\ciiad\github5\IRPhaseStructuredSwap\IRPhaseStructuredSwap\HW_Calibration.h(2857,10): warning C4101: 'j' :참조되지 않은 지역 변수입니다.
C:\Users\ciiad\github5\IRPhaseStructuredSwap\IRPhaseStructuredSwap\HW_Calibration.h(3267,10): warning C4101: 'i' :참조되지 않은 지역 변수입니다.
C:\Users\ciiad\github5\IRPhaseStructuredSwap\IRPhaseStructuredSwap\HW_Calibration.h(3338,10): warning C4101: 'i' :참조되지 않은 지역 변수입니다.
C:\Users\ciiad\github5\IRPhaseStructuredSwap\IRPhaseStructuredSwap\HW_Calibration.h(4367,12): warning C4101: 'fm' :참조되지 않은 지역 변수입니다.
C:\Users\ciiad\github5\IRPhaseStructuredSwap\IRPhaseStructuredSwap\IRPhaseStructuredSwap.cpp(220,10): warning C4101: 'i' :참조되지 않은 지역 변수입니다.
C:\Users\ciiad\github5\IRPhaseStructuredSwap\IRPhaseStructuredSwap\IRPhaseStructuredSwap.cpp(284,12): warning C4101: 'Bst' :참조되지 않은 지역 변수입니다.
C:\Users\ciiad\github5\IRPhaseStructuredSwap\IRPhaseStructuredSwap\IRPhaseStructuredSwap.cpp(287,15): warning C4101: 'ds' :참조되지 않은 지역 변수입니다.
C:\Users\ciiad\github5\IRPhaseStructuredSwap\IRPhaseStructuredSwap\IRPhaseStructuredSwap.cpp(287,12): warning C4101: 's' :참조되지 않은 지역 변수입니다.
C:\Users\ciiad\github5\IRPhaseStructuredSwap\IRPhaseStructuredSwap\IRPhaseStructuredSwap.cpp(283,10): warning C4101: 'i' :참조되지 않은 지역 변수입니다.
C:\Users\ciiad\github5\IRPhaseStructuredSwap\IRPhaseStructuredSwap\IRPhaseStructuredSwap.cpp(284,17): warning C4101: 'BsT' :참조되지 않은 지역 변수입니다.
C:\Users\ciiad\github5\IRPhaseStructuredSwap\IRPhaseStructuredSwap\IRPhaseStructuredSwap.cpp(384,10): warning C4101: 'imax' :참조되지 않은 지역 변수입니다.
C:\Users\ciiad\github5\IRPhaseStructuredSwap\IRPhaseStructuredSwap\IRPhaseStructuredSwap.cpp(618,13): warning C4101: 'j' :참조되지 않은 지역 변수입니다.
C:\Users\ciiad\github5\IRPhaseStructuredSwap\IRPhaseStructuredSwap\IRPhaseStructuredSwap.cpp(851,12): warning C4101: 'A' :참조되지 않은 지역 변수입니다.
C:\Users\ciiad\github5\IRPhaseStructuredSwap\IRPhaseStructuredSwap\IRPhaseStructuredSwap.cpp(934,12): warning C4101: 's' :참조되지 않은 지역 변수입니다.
C:\Users\ciiad\github5\IRPhaseStructuredSwap\IRPhaseStructuredSwap\IRPhaseStructuredSwap.cpp(1120,10): warning C4101: 'HistoryDateExl' :참조되지 않은 지역 변수입니다.
C:\Users\ciiad\github5\IRPhaseStructuredSwap\IRPhaseStructuredSwap\IRPhaseStructuredSwap.cpp(1113,13): warning C4101: 'j' :참조되지 않은 지역 변수입니다.
C:\Users\ciiad\github5\IRPhaseStructuredSwap\IRPhaseStructuredSwap\IRPhaseStructuredSwap.cpp(1113,10): warning C4101: 'i' :참조되지 않은 지역 변수입니다.
C:\Users\ciiad\github5\IRPhaseStructuredSwap\IRPhaseStructuredSwap\IRPhaseStructuredSwap.cpp(1220,67): warning C4244: '=': 'double'에서 'long'(으)로 변환하면서 데이터가 손실될 수 있습니다.
C:\Users\ciiad\github5\IRPhaseStructuredSwap\IRPhaseStructuredSwap\IRPhaseStructuredSwap.cpp(1251,67): warning C4244: '=': 'double'에서 'long'(으)로 변환하면서 데이터가 손실될 수 있습니다.
C:\Users\ciiad\github5\IRPhaseStructuredSwap\IRPhaseStructuredSwap\IRPhaseStructuredSwap.cpp(1706,35): warning C4552: '/': 식의 결과가 사용되지 않습니다.
C:\Users\ciiad\github5\IRPhaseStructuredSwap\IRPhaseStructuredSwap\IRPhaseStructuredSwap.cpp(1261,28): warning C4101: 'idx3' :참조되지 않은 지역 변수입니다.
C:\Users\ciiad\github5\IRPhaseStructuredSwap\IRPhaseStructuredSwap\IRPhaseStructuredSwap.cpp(1381,12): warning C4101: 'xt_interp2f' :참조되지 않은 지역 변수입니다.
C:\Users\ciiad\github5\IRPhaseStructuredSwap\IRPhaseStructuredSwap\IRPhaseStructuredSwap.cpp(1261,34): warning C4101: 'idx4' :참조되지 않은 지역 변수입니다.
C:\Users\ciiad\github5\IRPhaseStructuredSwap\IRPhaseStructuredSwap\IRPhaseStructuredSwap.cpp(2120,12): warning C4101: 'MaxLegValue' :참조되지 않은 지역 변수입니다.
C:\Users\ciiad\github5\IRPhaseStructuredSwap\IRPhaseStructuredSwap\IRPhaseStructuredSwap.cpp(1328,10): warning C4101: 'idxstart' :참조되지 않은 지역 변수입니다.
C:\Users\ciiad\github5\IRPhaseStructuredSwap\IRPhaseStructuredSwap\IRPhaseStructuredSwap.cpp(1266,10): warning C4101: 'ndates' :참조되지 않은 지역 변수입니다.
C:\Users\ciiad\github5\IRPhaseStructuredSwap\IRPhaseStructuredSwap\IRPhaseStructuredSwap.cpp(1261,10): warning C4101: 'idx0' :참조되지 않은 지역 변수입니다.
C:\Users\ciiad\github5\IRPhaseStructuredSwap\IRPhaseStructuredSwap\IRPhaseStructuredSwap.cpp(1276,12): warning C4101: 'kappa' :참조되지 않은 지역 변수입니다.
C:\Users\ciiad\github5\IRPhaseStructuredSwap\IRPhaseStructuredSwap\IRPhaseStructuredSwap.cpp(2425,24): warning C4101: 'YYYYMMDDT1' :참조되지 않은 지역 변수입니다.
C:\Users\ciiad\github5\IRPhaseStructuredSwap\IRPhaseStructuredSwap\IRPhaseStructuredSwap.cpp(2427,16): warning C4101: 'T_PowerSpread' :참조되지 않은 지역 변수입니다.
C:\Users\ciiad\github5\IRPhaseStructuredSwap\IRPhaseStructuredSwap\IRPhaseStructuredSwap.cpp(2428,28): warning C4101: 'term' :참조되지 않은 지역 변수입니다.
C:\Users\ciiad\github5\IRPhaseStructuredSwap\IRPhaseStructuredSwap\IRPhaseStructuredSwap.cpp(3819,65): warning C4101: 'holiflag' :참조되지 않은 지역 변수입니다.
     C:\Users\ciiad\github5\IRPhaseStructuredSwap\x64\Release\IRPhaseStructuredSwap.lib 라이브러리 및 C:\Users\ciiad\github5\IRPhaseStructuredSwap\x64\Release\IRPhaseStructuredSwap.exp 개체를 생성하고 있습니다.
  코드를 생성하고 있습니다.
  Previous IPDB not found, fall back to full compilation.
C:\Users\ciiad\github5\IRPhaseStructuredSwap\IRPhaseStructuredSwap\HW_Calibration.h(3693): warning C4715: 'HWCapHWSwaption_2FCalibration': 모든 제어 경로에서 값을 반환하지는 않습니다.
  All 156 functions were compiled because no usable IPDB/IOBJ from previous compilation was found.
  코드를 생성했습니다.
  IRPhaseStructuredSwap.vcxproj -> C:\Users\ciiad\github5\IRPhaseStructuredSwap\x64\Release\IRPhaseStructuredSwap.dll
