  IRChangeStructuredSwap.cpp
C:\Users\ciiad\github5\IRChangeStructuredSwap\IRChangeStructuredSwap\Util.h(16,1): warning C4067: 전처리기 지시문 다음에 예기치 않은 토큰이 있습니다. 줄 바꿈 문자가 필요합니다.
C:\Users\ciiad\github5\IRChangeStructuredSwap\IRChangeStructuredSwap\Util.h(1179,14): warning C4101: 'DF2' :참조되지 않은 지역 변수입니다.
C:\Users\ciiad\github5\IRChangeStructuredSwap\IRChangeStructuredSwap\Util.h(1179,9): warning C4101: 'DF1' :참조되지 않은 지역 변수입니다.
C:\Users\ciiad\github5\IRChangeStructuredSwap\IRChangeStructuredSwap\Util.h(1671,9): warning C4101: 'a' :참조되지 않은 지역 변수입니다.
C:\Users\ciiad\github5\IRChangeStructuredSwap\IRChangeStructuredSwap\Util.h(1671,12): warning C4101: 'b' :참조되지 않은 지역 변수입니다.
C:\Users\ciiad\github5\IRChangeStructuredSwap\IRChangeStructuredSwap\Util.h(1667,7): warning C4101: 'idx_row' :참조되지 않은 지역 변수입니다.
C:\Users\ciiad\github5\IRChangeStructuredSwap\IRChangeStructuredSwap\Util.h(1668,7): warning C4101: 'idx_col' :참조되지 않은 지역 변수입니다.
C:\Users\ciiad\github5\IRChangeStructuredSwap\IRChangeStructuredSwap\Util.h(1701,9): warning C4101: 'a' :참조되지 않은 지역 변수입니다.
C:\Users\ciiad\github5\IRChangeStructuredSwap\IRChangeStructuredSwap\Util.h(1701,12): warning C4101: 'b' :참조되지 않은 지역 변수입니다.
C:\Users\ciiad\github5\IRChangeStructuredSwap\IRChangeStructuredSwap\Util.h(1697,7): warning C4101: 'idx_row' :참조되지 않은 지역 변수입니다.
C:\Users\ciiad\github5\IRChangeStructuredSwap\IRChangeStructuredSwap\Util.h(1698,7): warning C4101: 'idx_col' :참조되지 않은 지역 변수입니다.
C:\Users\ciiad\github5\IRChangeStructuredSwap\IRChangeStructuredSwap\Util.h(1716,13): warning C4101: 'k' :참조되지 않은 지역 변수입니다.
C:\Users\ciiad\github5\IRChangeStructuredSwap\IRChangeStructuredSwap\Util.h(2758,86): warning C4552: '+': 식의 결과가 사용되지 않습니다.
C:\Users\ciiad\github5\IRChangeStructuredSwap\IRChangeStructuredSwap\Util.h(2823,86): warning C4552: '+': 식의 결과가 사용되지 않습니다.
C:\Users\ciiad\github5\IRChangeStructuredSwap\IRChangeStructuredSwap\HW_Calibration.h(10,1): warning C4067: 전처리기 지시문 다음에 예기치 않은 토큰이 있습니다. 줄 바꿈 문자가 필요합니다.
C:\Users\ciiad\github5\IRChangeStructuredSwap\IRChangeStructuredSwap\HW_Calibration.h(2494,10): warning C4101: 'j' :참조되지 않은 지역 변수입니다.
C:\Users\ciiad\github5\IRChangeStructuredSwap\IRChangeStructuredSwap\HW_Calibration.h(2644,10): warning C4101: 'j' :참조되지 않은 지역 변수입니다.
C:\Users\ciiad\github5\IRChangeStructuredSwap\IRChangeStructuredSwap\HW_Calibration.h(2777,10): warning C4101: 'j' :참조되지 않은 지역 변수입니다.
C:\Users\ciiad\github5\IRChangeStructuredSwap\IRChangeStructuredSwap\HW_Calibration.h(3132,10): warning C4101: 'i' :참조되지 않은 지역 변수입니다.
C:\Users\ciiad\github5\IRChangeStructuredSwap\IRChangeStructuredSwap\HW_Calibration.h(3195,10): warning C4101: 'i' :참조되지 않은 지역 변수입니다.
C:\Users\ciiad\github5\IRChangeStructuredSwap\IRChangeStructuredSwap\HW_Calibration.h(4032,12): warning C4101: 'fm' :참조되지 않은 지역 변수입니다.
C:\Users\ciiad\github5\IRChangeStructuredSwap\IRChangeStructuredSwap\ErrorCheck.h(91,10): warning C4101: 'j' :참조되지 않은 지역 변수입니다.
C:\Users\ciiad\github5\IRChangeStructuredSwap\IRChangeStructuredSwap\CalcDate.h(4,1): warning C4067: 전처리기 지시문 다음에 예기치 않은 토큰이 있습니다. 줄 바꿈 문자가 필요합니다.
C:\Users\ciiad\github5\IRChangeStructuredSwap\IRChangeStructuredSwap\IRChangeStructuredSwap.cpp(1706,12): warning C4101: 'A' :참조되지 않은 지역 변수입니다.
C:\Users\ciiad\github5\IRChangeStructuredSwap\IRChangeStructuredSwap\IRChangeStructuredSwap.cpp(1790,12): warning C4101: 's' :참조되지 않은 지역 변수입니다.
C:\Users\ciiad\github5\IRChangeStructuredSwap\IRChangeStructuredSwap\IRChangeStructuredSwap.cpp(1978,28): warning C4101: 'idx3' :참조되지 않은 지역 변수입니다.
C:\Users\ciiad\github5\IRChangeStructuredSwap\IRChangeStructuredSwap\IRChangeStructuredSwap.cpp(1978,34): warning C4101: 'idx4' :참조되지 않은 지역 변수입니다.
C:\Users\ciiad\github5\IRChangeStructuredSwap\IRChangeStructuredSwap\IRChangeStructuredSwap.cpp(2645,12): warning C4101: 'MaxLegValue' :참조되지 않은 지역 변수입니다.
C:\Users\ciiad\github5\IRChangeStructuredSwap\IRChangeStructuredSwap\IRChangeStructuredSwap.cpp(2038,10): warning C4101: 'idxstart' :참조되지 않은 지역 변수입니다.
C:\Users\ciiad\github5\IRChangeStructuredSwap\IRChangeStructuredSwap\IRChangeStructuredSwap.cpp(1983,10): warning C4101: 'ndates' :참조되지 않은 지역 변수입니다.
C:\Users\ciiad\github5\IRChangeStructuredSwap\IRChangeStructuredSwap\IRChangeStructuredSwap.cpp(1978,10): warning C4101: 'idx0' :참조되지 않은 지역 변수입니다.
C:\Users\ciiad\github5\IRChangeStructuredSwap\IRChangeStructuredSwap\IRChangeStructuredSwap.cpp(2002,12): warning C4101: 'kappa' :참조되지 않은 지역 변수입니다.
C:\Users\ciiad\github5\IRChangeStructuredSwap\IRChangeStructuredSwap\IRChangeStructuredSwap.cpp(2879,16): warning C4101: 'T_PowerSpread' :참조되지 않은 지역 변수입니다.
     C:\Users\ciiad\github5\IRChangeStructuredSwap\Release\IRChangeStructuredSwap.lib 라이브러리 및 C:\Users\ciiad\github5\IRChangeStructuredSwap\Release\IRChangeStructuredSwap.exp 개체를 생성하고 있습니다.
  코드를 생성하고 있습니다.
  Previous IPDB not found, fall back to full compilation.
C:\Users\ciiad\github5\IRChangeStructuredSwap\IRChangeStructuredSwap\HW_Calibration.h(3552): warning C4715: 'HWCapHWSwaption_2FCalibration': 모든 제어 경로에서 값을 반환하지는 않습니다.
  All 115 functions were compiled because no usable IPDB/IOBJ from previous compilation was found.
  코드를 생성했습니다.
  IRChangeStructuredSwap.vcxproj -> C:\Users\ciiad\github5\IRChangeStructuredSwap\Release\IRChangeStructuredSwap.dll
