  HiFive_ELS.cpp
C:\Users\ciiad\github5\HiFive_ELS\HiFive_ELS\CalcDate.h(9,1): warning C4067: 전처리기 지시문 다음에 예기치 않은 토큰이 있습니다. 줄 바꿈 문자가 필요합니다.
C:\Users\ciiad\github5\HiFive_ELS\HiFive_ELS\CalcDate.h(819,32): warning C4101: 'k2' :참조되지 않은 지역 변수입니다.
C:\Users\ciiad\github5\HiFive_ELS\HiFive_ELS\CalcDate.h(819,28): warning C4101: 'k1' :참조되지 않은 지역 변수입니다.
C:\Users\ciiad\github5\HiFive_ELS\HiFive_ELS\CalcDate.h(1302,14): warning C4101: 'TempDate' :참조되지 않은 지역 변수입니다.
C:\Users\ciiad\github5\HiFive_ELS\HiFive_ELS\CalcDate.h(1342,14): warning C4101: 'TempDate' :참조되지 않은 지역 변수입니다.
C:\Users\ciiad\github5\HiFive_ELS\HiFive_ELS\CalcDate.h(1541,10): warning C4101: 'i' :참조되지 않은 지역 변수입니다.
C:\Users\ciiad\github5\HiFive_ELS\HiFive_ELS\CalcDate.h(1925,10): warning C4101: 'i' :참조되지 않은 지역 변수입니다.
C:\Users\ciiad\github5\HiFive_ELS\HiFive_ELS\CalcDate.h(2053,10): warning C4101: 'TempDate' :참조되지 않은 지역 변수입니다.
C:\Users\ciiad\github5\HiFive_ELS\HiFive_ELS\CalcDate.h(2125,10): warning C4101: 'TempDate' :참조되지 않은 지역 변수입니다.
C:\Users\ciiad\github5\HiFive_ELS\HiFive_ELS\CalcDate.h(2170,10): warning C4101: 'EasterMonday' :참조되지 않은 지역 변수입니다.
C:\Users\ciiad\github5\HiFive_ELS\HiFive_ELS\CalcDate.h(2211,14): warning C4101: 'k' :참조되지 않은 지역 변수입니다.
C:\Users\ciiad\github5\HiFive_ELS\HiFive_ELS\CalcDate.h(2210,14): warning C4101: 'i' :참조되지 않은 지역 변수입니다.
C:\Users\ciiad\github5\HiFive_ELS\HiFive_ELS\CalcDate.h(2252,10): warning C4101: 'k' :참조되지 않은 지역 변수입니다.
C:\Users\ciiad\github5\HiFive_ELS\HiFive_ELS\CalcDate.h(2324,10): warning C4101: 'k' :참조되지 않은 지역 변수입니다.
C:\Users\ciiad\github5\HiFive_ELS\HiFive_ELS\CalcDate.h(2490,22): warning C4101: 'PrevTempDD' :참조되지 않은 지역 변수입니다.
C:\Users\ciiad\github5\HiFive_ELS\HiFive_ELS\CalcDate.h(2576,10): warning C4101: 'LastBusiDay' :참조되지 않은 지역 변수입니다.
C:\Users\ciiad\github5\HiFive_ELS\HiFive_ELS\CalcDate.h(2790,14): warning C4101: 'TempDateExcelType' :참조되지 않은 지역 변수입니다.
C:\Users\ciiad\github5\HiFive_ELS\HiFive_ELS\CalcDate.h(3316,10): warning C4101: 'TempYYYYMMDD' :참조되지 않은 지역 변수입니다.
C:\Users\ciiad\github5\HiFive_ELS\HiFive_ELS\CalcDate.h(3366,10): warning C4101: 'TempYYYYMMDD' :참조되지 않은 지역 변수입니다.
C:\Users\ciiad\github5\HiFive_ELS\HiFive_ELS\CalcDate.h(3417,10): warning C4101: 'TempYYYYMMDD' :참조되지 않은 지역 변수입니다.
C:\Users\ciiad\github5\HiFive_ELS\HiFive_ELS\Util.h(16,1): warning C4067: 전처리기 지시문 다음에 예기치 않은 토큰이 있습니다. 줄 바꿈 문자가 필요합니다.
C:\Users\ciiad\github5\HiFive_ELS\HiFive_ELS\SABR.h(47,7): warning C4101: 'i' :참조되지 않은 지역 변수입니다.
C:\Users\ciiad\github5\HiFive_ELS\HiFive_ELS\SABR.h(108,7): warning C4101: 'temp' :참조되지 않은 지역 변수입니다.
C:\Users\ciiad\github5\HiFive_ELS\HiFive_ELS\SABR.h(341,7): warning C4101: 'j' :참조되지 않은 지역 변수입니다.
C:\Users\ciiad\github5\HiFive_ELS\HiFive_ELS\SABR.h(526,10): warning C4101: 'j' :참조되지 않은 지역 변수입니다.
C:\Users\ciiad\github5\HiFive_ELS\HiFive_ELS\SABR.h(526,7): warning C4101: 'i' :참조되지 않은 지역 변수입니다.
C:\Users\ciiad\github5\HiFive_ELS\HiFive_ELS\HiFive_ELS.cpp(24,1): warning C4067: 전처리기 지시문 다음에 예기치 않은 토큰이 있습니다. 줄 바꿈 문자가 필요합니다.
C:\Users\ciiad\github5\HiFive_ELS\HiFive_ELS\HiFive_ELS.cpp(127,10): warning C4101: 'T_Plus' :참조되지 않은 지역 변수입니다.
C:\Users\ciiad\github5\HiFive_ELS\HiFive_ELS\HiFive_ELS.cpp(238,9): warning C4101: 'i' :참조되지 않은 지역 변수입니다.
C:\Users\ciiad\github5\HiFive_ELS\HiFive_ELS\HiFive_ELS.cpp(262,14): warning C4101: 'k' :참조되지 않은 지역 변수입니다.
C:\Users\ciiad\github5\HiFive_ELS\HiFive_ELS\HiFive_ELS.cpp(262,11): warning C4101: 'j' :참조되지 않은 지역 변수입니다.
C:\Users\ciiad\github5\HiFive_ELS\HiFive_ELS\HiFive_ELS.cpp(262,8): warning C4101: 'i' :참조되지 않은 지역 변수입니다.
C:\Users\ciiad\github5\HiFive_ELS\HiFive_ELS\HiFive_ELS.cpp(303,12): warning C4101: 'j' :참조되지 않은 지역 변수입니다.
C:\Users\ciiad\github5\HiFive_ELS\HiFive_ELS\HiFive_ELS.cpp(303,9): warning C4101: 'i' :참조되지 않은 지역 변수입니다.
C:\Users\ciiad\github5\HiFive_ELS\HiFive_ELS\HiFive_ELS.cpp(308,9): warning C4101: 'i' :참조되지 않은 지역 변수입니다.
C:\Users\ciiad\github5\HiFive_ELS\HiFive_ELS\HiFive_ELS.cpp(694,9): warning C4101: 'Drift' :참조되지 않은 지역 변수입니다.
C:\Users\ciiad\github5\HiFive_ELS\HiFive_ELS\HiFive_ELS.cpp(695,9): warning C4101: 'Diffusion' :참조되지 않은 지역 변수입니다.
C:\Users\ciiad\github5\HiFive_ELS\HiFive_ELS\HiFive_ELS.cpp(3803,20): warning C4101: 'nnn' :참조되지 않은 지역 변수입니다.
C:\Users\ciiad\github5\HiFive_ELS\HiFive_ELS\HiFive_ELS.cpp(3806,10): warning C4101: 'n4' :참조되지 않은 지역 변수입니다.
C:\Users\ciiad\github5\HiFive_ELS\HiFive_ELS\HiFive_ELS.cpp(4020,10): warning C4101: 'j' :참조되지 않은 지역 변수입니다.
C:\Users\ciiad\github5\HiFive_ELS\HiFive_ELS\HiFive_ELS.cpp(4020,7): warning C4101: 'i' :참조되지 않은 지역 변수입니다.
     C:\Users\ciiad\github5\HiFive_ELS\x64\Release\HiFive_ELS.lib 라이브러리 및 C:\Users\ciiad\github5\HiFive_ELS\x64\Release\HiFive_ELS.exp 개체를 생성하고 있습니다.
  코드를 생성하고 있습니다.
  Previous IPDB not found, fall back to full compilation.
  All 175 functions were compiled because no usable IPDB/IOBJ from previous compilation was found.
  코드를 생성했습니다.
  HiFive_ELS.vcxproj -> C:\Users\ciiad\github5\HiFive_ELS\x64\Release\HiFive_ELS.dll
