  BondForward.cpp
C:\Users\임대선\Desktop\새 폴더\github5\BondForward\BondForward\BondForward\CalcDate.h(9,1): warning C4067: 전처리기 지시문 다음에 예기치 않은 토큰이 있습니다. 줄 바꿈 문자가 필요합니다.
  (소스 파일 'BondForward.cpp'을(를) 컴파일하는 중)
  
C:\Users\임대선\Desktop\새 폴더\github5\BondForward\BondForward\BondForward\CalcDate.h(819,32): warning C4101: 'k2' :참조되지 않은 지역 변수입니다.
  (소스 파일 'BondForward.cpp'을(를) 컴파일하는 중)
  
C:\Users\임대선\Desktop\새 폴더\github5\BondForward\BondForward\BondForward\CalcDate.h(819,28): warning C4101: 'k1' :참조되지 않은 지역 변수입니다.
  (소스 파일 'BondForward.cpp'을(를) 컴파일하는 중)
  
C:\Users\임대선\Desktop\새 폴더\github5\BondForward\BondForward\BondForward\CalcDate.h(1302,14): warning C4101: 'TempDate' :참조되지 않은 지역 변수입니다.
  (소스 파일 'BondForward.cpp'을(를) 컴파일하는 중)
  
C:\Users\임대선\Desktop\새 폴더\github5\BondForward\BondForward\BondForward\CalcDate.h(1342,14): warning C4101: 'TempDate' :참조되지 않은 지역 변수입니다.
  (소스 파일 'BondForward.cpp'을(를) 컴파일하는 중)
  
C:\Users\임대선\Desktop\새 폴더\github5\BondForward\BondForward\BondForward\CalcDate.h(1548,10): warning C4101: 'i' :참조되지 않은 지역 변수입니다.
  (소스 파일 'BondForward.cpp'을(를) 컴파일하는 중)
  
C:\Users\임대선\Desktop\새 폴더\github5\BondForward\BondForward\BondForward\CalcDate.h(1935,10): warning C4101: 'i' :참조되지 않은 지역 변수입니다.
  (소스 파일 'BondForward.cpp'을(를) 컴파일하는 중)
  
C:\Users\임대선\Desktop\새 폴더\github5\BondForward\BondForward\BondForward\CalcDate.h(2063,10): warning C4101: 'TempDate' :참조되지 않은 지역 변수입니다.
  (소스 파일 'BondForward.cpp'을(를) 컴파일하는 중)
  
C:\Users\임대선\Desktop\새 폴더\github5\BondForward\BondForward\BondForward\CalcDate.h(2135,10): warning C4101: 'TempDate' :참조되지 않은 지역 변수입니다.
  (소스 파일 'BondForward.cpp'을(를) 컴파일하는 중)
  
C:\Users\임대선\Desktop\새 폴더\github5\BondForward\BondForward\BondForward\CalcDate.h(2180,10): warning C4101: 'EasterMonday' :참조되지 않은 지역 변수입니다.
  (소스 파일 'BondForward.cpp'을(를) 컴파일하는 중)
  
C:\Users\임대선\Desktop\새 폴더\github5\BondForward\BondForward\BondForward\CalcDate.h(2221,14): warning C4101: 'k' :참조되지 않은 지역 변수입니다.
  (소스 파일 'BondForward.cpp'을(를) 컴파일하는 중)
  
C:\Users\임대선\Desktop\새 폴더\github5\BondForward\BondForward\BondForward\CalcDate.h(2220,14): warning C4101: 'i' :참조되지 않은 지역 변수입니다.
  (소스 파일 'BondForward.cpp'을(를) 컴파일하는 중)
  
C:\Users\임대선\Desktop\새 폴더\github5\BondForward\BondForward\BondForward\CalcDate.h(2262,10): warning C4101: 'k' :참조되지 않은 지역 변수입니다.
  (소스 파일 'BondForward.cpp'을(를) 컴파일하는 중)
  
C:\Users\임대선\Desktop\새 폴더\github5\BondForward\BondForward\BondForward\CalcDate.h(2334,10): warning C4101: 'k' :참조되지 않은 지역 변수입니다.
  (소스 파일 'BondForward.cpp'을(를) 컴파일하는 중)
  
C:\Users\임대선\Desktop\새 폴더\github5\BondForward\BondForward\BondForward\CalcDate.h(2500,22): warning C4101: 'PrevTempDD' :참조되지 않은 지역 변수입니다.
  (소스 파일 'BondForward.cpp'을(를) 컴파일하는 중)
  
C:\Users\임대선\Desktop\새 폴더\github5\BondForward\BondForward\BondForward\CalcDate.h(2584,10): warning C4101: 'LastBusiDay' :참조되지 않은 지역 변수입니다.
  (소스 파일 'BondForward.cpp'을(를) 컴파일하는 중)
  
C:\Users\임대선\Desktop\새 폴더\github5\BondForward\BondForward\BondForward\CalcDate.h(2798,14): warning C4101: 'TempDateExcelType' :참조되지 않은 지역 변수입니다.
  (소스 파일 'BondForward.cpp'을(를) 컴파일하는 중)
  
C:\Users\임대선\Desktop\새 폴더\github5\BondForward\BondForward\BondForward\CalcDate.h(3324,10): warning C4101: 'TempYYYYMMDD' :참조되지 않은 지역 변수입니다.
  (소스 파일 'BondForward.cpp'을(를) 컴파일하는 중)
  
C:\Users\임대선\Desktop\새 폴더\github5\BondForward\BondForward\BondForward\CalcDate.h(3374,10): warning C4101: 'TempYYYYMMDD' :참조되지 않은 지역 변수입니다.
  (소스 파일 'BondForward.cpp'을(를) 컴파일하는 중)
  
C:\Users\임대선\Desktop\새 폴더\github5\BondForward\BondForward\BondForward\CalcDate.h(3425,10): warning C4101: 'TempYYYYMMDD' :참조되지 않은 지역 변수입니다.
  (소스 파일 'BondForward.cpp'을(를) 컴파일하는 중)
  
C:\Users\임대선\Desktop\새 폴더\github5\BondForward\BondForward\BondForward\CalcDate.h(3560,10): warning C4101: 'imax' :참조되지 않은 지역 변수입니다.
  (소스 파일 'BondForward.cpp'을(를) 컴파일하는 중)
  
C:\Users\임대선\Desktop\새 폴더\github5\BondForward\BondForward\BondForward\CalcDate.h(3781,75): warning C4244: '인수': 'double'에서 'long'(으)로 변환하면서 데이터가 손실될 수 있습니다.
  (소스 파일 'BondForward.cpp'을(를) 컴파일하는 중)
  
C:\Users\임대선\Desktop\새 폴더\github5\BondForward\BondForward\BondForward\CalcDate.h(3874,10): warning C4101: 'n2' :참조되지 않은 지역 변수입니다.
  (소스 파일 'BondForward.cpp'을(를) 컴파일하는 중)
  
C:\Users\임대선\Desktop\새 폴더\github5\BondForward\BondForward\BondForward\CalcDate.h(3981,35): warning C4101: 'k' :참조되지 않은 지역 변수입니다.
  (소스 파일 'BondForward.cpp'을(를) 컴파일하는 중)
  
C:\Users\임대선\Desktop\새 폴더\github5\BondForward\BondForward\BondForward\Util.h(16,1): warning C4067: 전처리기 지시문 다음에 예기치 않은 토큰이 있습니다. 줄 바꿈 문자가 필요합니다.
  (소스 파일 'BondForward.cpp'을(를) 컴파일하는 중)
  
C:\Users\임대선\Desktop\새 폴더\github5\BondForward\BondForward\BondForward\Util.h(4344,14): warning C4101: 'k' :참조되지 않은 지역 변수입니다.
  (소스 파일 'BondForward.cpp'을(를) 컴파일하는 중)
  
C:\Users\임대선\Desktop\새 폴더\github5\BondForward\BondForward\BondForward\Util.h(4344,11): warning C4101: 'j' :참조되지 않은 지역 변수입니다.
  (소스 파일 'BondForward.cpp'을(를) 컴파일하는 중)
  
C:\Users\임대선\Desktop\새 폴더\github5\BondForward\BondForward\BondForward\Util.h(5365,8): warning C4101: 'i' :참조되지 않은 지역 변수입니다.
  (소스 파일 'BondForward.cpp'을(를) 컴파일하는 중)
  
C:\Users\임대선\Desktop\새 폴더\github5\BondForward\BondForward\BondForward\Util.h(5384,14): warning C4101: 'k' :참조되지 않은 지역 변수입니다.
  (소스 파일 'BondForward.cpp'을(를) 컴파일하는 중)
  
C:\Users\임대선\Desktop\새 폴더\github5\BondForward\BondForward\BondForward\Util.h(5384,11): warning C4101: 'j' :참조되지 않은 지역 변수입니다.
  (소스 파일 'BondForward.cpp'을(를) 컴파일하는 중)
  
C:\Users\임대선\Desktop\새 폴더\github5\BondForward\BondForward\BondForward\Util.h(5826,14): warning C4101: 'k' :참조되지 않은 지역 변수입니다.
  (소스 파일 'BondForward.cpp'을(를) 컴파일하는 중)
  
C:\Users\임대선\Desktop\새 폴더\github5\BondForward\BondForward\BondForward\BondForward.cpp(10,1): warning C4067: 전처리기 지시문 다음에 예기치 않은 토큰이 있습니다. 줄 바꿈 문자가 필요합니다.
C:\Users\임대선\Desktop\새 폴더\github5\BondForward\BondForward\BondForward\BondForward.cpp(210,10): warning C4101: 'LastBusiDay' :참조되지 않은 지역 변수입니다.
C:\Users\임대선\Desktop\새 폴더\github5\BondForward\BondForward\BondForward\BondForward.cpp(412,14): warning C4101: 'TempDateExcelType' :참조되지 않은 지역 변수입니다.
C:\Users\임대선\Desktop\새 폴더\github5\BondForward\BondForward\BondForward\BondForward.cpp(518,14): warning C4101: 'TempDateExcelType' :참조되지 않은 지역 변수입니다.
C:\Users\임대선\Desktop\새 폴더\github5\BondForward\BondForward\BondForward\BondForward.cpp(816,10): warning C4101: 'imax' :참조되지 않은 지역 변수입니다.
C:\Users\임대선\Desktop\새 폴더\github5\BondForward\BondForward\BondForward\BondForward.cpp(943,10): warning C4101: 'k' :참조되지 않은 지역 변수입니다.
C:\Users\임대선\Desktop\새 폴더\github5\BondForward\BondForward\BondForward\BondForward.cpp(942,10): warning C4101: 'j' :참조되지 않은 지역 변수입니다.
C:\Users\임대선\Desktop\새 폴더\github5\BondForward\BondForward\BondForward\BondForward.cpp(944,10): warning C4101: 'n' :참조되지 않은 지역 변수입니다.
C:\Users\임대선\Desktop\새 폴더\github5\BondForward\BondForward\BondForward\BondForward.cpp(1106,16): warning C4101: 'Day1' :참조되지 않은 지역 변수입니다.
C:\Users\임대선\Desktop\새 폴더\github5\BondForward\BondForward\BondForward\BondForward.cpp(1104,10): warning C4101: 'k' :참조되지 않은 지역 변수입니다.
C:\Users\임대선\Desktop\새 폴더\github5\BondForward\BondForward\BondForward\BondForward.cpp(1106,10): warning C4101: 'Day0' :참조되지 않은 지역 변수입니다.
C:\Users\임대선\Desktop\새 폴더\github5\BondForward\BondForward\BondForward\BondForward.cpp(1318,13): warning C4101: 'j' :참조되지 않은 지역 변수입니다.
C:\Users\임대선\Desktop\새 폴더\github5\BondForward\BondForward\BondForward\BondForward.cpp(1397,40): warning C4101: 'SwapEndT' :참조되지 않은 지역 변수입니다.
C:\Users\임대선\Desktop\새 폴더\github5\BondForward\BondForward\BondForward\BondForward.cpp(1397,20): warning C4101: 'Ref_T1' :참조되지 않은 지역 변수입니다.
C:\Users\임대선\Desktop\새 폴더\github5\BondForward\BondForward\BondForward\BondForward.cpp(1397,12): warning C4101: 'Ref_T0' :참조되지 않은 지역 변수입니다.
C:\Users\임대선\Desktop\새 폴더\github5\BondForward\BondForward\BondForward\BondForward.cpp(1398,21): warning C4101: 'Frac_T1' :참조되지 않은 지역 변수입니다.
C:\Users\임대선\Desktop\새 폴더\github5\BondForward\BondForward\BondForward\BondForward.cpp(1398,12): warning C4101: 'Frac_T0' :참조되지 않은 지역 변수입니다.
C:\Users\임대선\Desktop\새 폴더\github5\BondForward\BondForward\BondForward\BondForward.cpp(1760,30): warning C4101: 'dt' :참조되지 않은 지역 변수입니다.
C:\Users\임대선\Desktop\새 폴더\github5\BondForward\BondForward\BondForward\BondForward.cpp(1887,95): warning C4244: '+=': 'double'에서 'long'(으)로 변환하면서 데이터가 손실될 수 있습니다.
     C:\Users\임대선\Desktop\새 폴더\github5\BondForward\BondForward\Release\BondForward.lib 라이브러리 및 C:\Users\임대선\Desktop\새 폴더\github5\BondForward\BondForward\Release\BondForward.exp 개체를 생성하고 있습니다.
  코드를 생성하고 있습니다.
  Previous IPDB not found, fall back to full compilation.
  All 135 functions were compiled because no usable IPDB/IOBJ from previous compilation was found.
  코드를 생성했습니다.
  BondForward.vcxproj -> C:\Users\임대선\Desktop\새 폴더\github5\BondForward\BondForward\Release\BondForward.exe
